###############################################################
#  Generated by:      Cadence Innovus 21.15-s110_1
#  OS:                Linux x86_64(Host ID eltonsilva)
#  Generated on:      Thu Oct  9 11:17:44 2025
#  Design:            bm_stage_1
#  Command:           report_timing -unconstrained > $lyt/${design}/reports/${design}_setup_s_timing.rpt
###############################################################
Path 1:
               View: analysis_normal_slow_max
         Startpoint: (R) S2[1]
              Clock:
           Endpoint: (R) l1_1_reg[2]/D
              Clock:

                       Capture       Launch
        Src Latency:+    0.000        0.000
        Net Latency:+    0.000 (I)    0.000 (I)
            Arrival:=    0.000        0.000

       Launch Clock:=    0.000
          Data Path:+    2.910

#--------------------------------------------------------------------------------------
# Timing Point           Flags  Arc     Edge  Cell       Fanout  Trans   Delay  Arrival  
#                                                                 (ns)    (ns)     (ns)  
#--------------------------------------------------------------------------------------
  S2[1]                  -      S2[1]   R     (arrival)       7  0.004   0.000    0.000  
  u_div1/g2108/Y         -      A->Y    F     INVXL           2  0.004   0.027    0.027  
  u_div1/g2091__5107/Y   -      B0->Y   R     AOI21XL         1  0.033   0.063    0.091  
  u_div1/g2079__4733/Y   -      A1->Y   F     OAI222XL        3  0.064   0.343    0.433  
  u_div1/g2071__1705/Y   -      B->Y    R     NOR2BX1         2  0.395   0.249    0.683  
  u_div1/g2066__5526/Y   -      AN->Y   R     NAND2BXL        1  0.094   0.092    0.775  
  u_div1/g2065__8428/Y   -      A->Y    R     AND2X1          1  0.060   0.135    0.910  
  u_div1/g2064__4319/Y   -      A1->Y   R     OA21X1          2  0.023   0.139    1.049  
  u_div1/g2063__6260/Y   -      A1N->Y  R     OAI2BB1X1       1  0.040   0.128    1.178  
  u_div1/g2062__5107/Y   -      B0->Y   F     OAI21XL         7  0.086   0.302    1.480  
  u_div1/g2061__2398/Y   -      B->Y    R     NOR2BX1         1  0.413   0.268    1.748  
  u_div1/g2052__6161/CO  -      B->CO   R     ADDFX1          1  0.112   0.243    1.990  
  u_div1/g2050__4733/CO  -      CI->CO  R     ADDFX1          1  0.050   0.194    2.184  
  u_div1/g2048__5115/Y   -      B->Y    R     XNOR2X1         5  0.043   0.151    2.335  
  u_div1/g2046__6131/Y   -      D->Y    F     NAND4XL         3  0.064   0.295    2.630  
  u_div1/g2032__2398/Y   -      C->Y    R     NAND3BXL        1  0.421   0.280    2.910  
  l1_1_reg[2]/D          -      D       R     DFFRX2          1  0.097   0.000    2.910  
#--------------------------------------------------------------------------------------

