###############################################################
#  Generated by:      Cadence Innovus 21.15-s110_1
#  OS:                Linux x86_64(Host ID eltonsilva)
#  Generated on:      Thu Oct  9 11:17:43 2025
#  Design:            bm_stage_1
#  Command:           report_timing -unconstrained > $lyt/${design}/reports/${design}_setup_f_timing.rpt
###############################################################
Path 1:
               View: analysis_normal_fast_min
         Startpoint: (R) S1[2]
              Clock:
           Endpoint: (F) l1_1_reg[2]/D
              Clock:

                       Capture       Launch
        Src Latency:+    0.000        0.000
        Net Latency:+    0.000 (I)    0.000 (I)
            Arrival:=    0.000        0.000

       Launch Clock:=    0.000
          Data Path:+    0.594

#--------------------------------------------------------------------------------------
# Timing Point           Flags  Arc     Edge  Cell       Fanout  Trans   Delay  Arrival  
#                                                                 (ns)    (ns)     (ns)  
#--------------------------------------------------------------------------------------
  S1[2]                  -      S1[2]   R     (arrival)       9  0.004   0.000    0.000  
  u_div1/g2111/Y         -      A->Y    F     INVXL           2  0.004   0.010    0.010  
  u_div1/g2104__8246/Y   -      B->Y    R     NOR2XL          3  0.010   0.026    0.036  
  u_div1/g2100/Y         -      A->Y    F     INVXL           1  0.037   0.018    0.054  
  u_div1/g2081__6161/Y   -      B1->Y   R     OAI222XL        2  0.010   0.032    0.086  
  u_div1/g2077__5115/Y   -      B->Y    F     NAND2XL         3  0.063   0.051    0.137  
  u_div1/g2066__5526/Y   -      B->Y    R     NAND2BXL        1  0.054   0.025    0.162  
  u_div1/g2065__8428/Y   -      A->Y    R     AND2X1          1  0.015   0.026    0.188  
  u_div1/g2064__4319/Y   -      A1->Y   R     OA21X1          2  0.006   0.030    0.218  
  u_div1/g2063__6260/Y   -      A1N->Y  R     OAI2BB1X1       1  0.012   0.026    0.244  
  u_div1/g2062__5107/Y   -      B0->Y   F     OAI21XL         7  0.020   0.063    0.307  
  u_div1/g2058__7410/Y   -      B->Y    F     XNOR2X1         1  0.097   0.048    0.355  
  u_div1/g2052__6161/CO  -      CI->CO  F     ADDFX1          1  0.011   0.045    0.400  
  u_div1/g2050__4733/CO  -      CI->CO  F     ADDFX1          1  0.016   0.045    0.445  
  u_div1/g2048__5115/Y   -      B->Y    R     XNOR2X1         5  0.013   0.043    0.488  
  u_div1/g2047__1881/Y   -      B->Y    R     OR2X1           3  0.022   0.022    0.510  
  u_div1/g2043__5122/Y   -      B->Y    F     NOR2XL          2  0.012   0.012    0.522  
  u_div1/g2037__5526/Y   -      B->Y    R     NOR2XL          1  0.015   0.015    0.537  
  u_div1/g2036__8428/Y   -      A1->Y   F     OAI22XL         1  0.014   0.023    0.560  
  u_div1/g2032__2398/Y   -      AN->Y   F     NAND3BXL        1  0.025   0.034    0.594  
  l1_1_reg[2]/D          -      D       F     DFFRX2          1  0.029   0.000    0.594  
#--------------------------------------------------------------------------------------

