
Power Net Detected:
        Voltage	    Name
             0V	    VSS
           0.9V	    VDD
Using Power View: analysis_normal_slow_max.
AAE_INFO: opIsDesignInPostRouteState() is 1
#################################################################################
# Design Stage: PostRoute
# Design Name: bm_stage_1
# Design Mode: 45nm
# Analysis Mode: MMMC Non-OCV 
# Parasitics Mode: No SPEF/RCDB 
# Signoff Settings: SI Off 
#################################################################################
Calculate delays in BcWc mode...
Start delay calculation (fullDC) (1 T). (MEM=2320.68)
Total number of fetched objects 128
AAE_INFO: Total number of nets for which stage creation was skipped for all views 0
End delay calculation. (MEM=2332.2 CPU=0:00:00.0 REAL=0:00:00.0)
End delay calculation (fullDC). (MEM=2332.2 CPU=0:00:00.0 REAL=0:00:00.0)
Set Default Frequency 100MHz.

Begin Power Analysis

             0V	    VSS
           0.9V	    VDD

Begin Processing Timing Library for Power Calculation

Begin Processing Timing Library for Power Calculation



Begin Processing Power Net/Grid for Power Calculation

Ended Processing Power Net/Grid for Power Calculation: (cpu=0:00:00, real=0:00:00, mem(process/total/peak)=1808.30MB/3854.39MB/1808.30MB)

Begin Processing Timing Window Data for Power Calculation

Ended Processing Timing Window Data for Power Calculation: (cpu=0:00:00, real=0:00:00, mem(process/total/peak)=1808.30MB/3854.39MB/1808.30MB)

Begin Processing User Attributes

Ended Processing User Attributes: (cpu=0:00:00, real=0:00:00, mem(process/total/peak)=1808.30MB/3854.39MB/1808.30MB)

Begin Processing Signal Activity


Starting Levelizing
2025-Oct-09 11:17:41 (2025-Oct-09 14:17:41 GMT)
2025-Oct-09 11:17:41 (2025-Oct-09 14:17:41 GMT): 10%
2025-Oct-09 11:17:41 (2025-Oct-09 14:17:41 GMT): 20%
2025-Oct-09 11:17:41 (2025-Oct-09 14:17:41 GMT): 30%
2025-Oct-09 11:17:41 (2025-Oct-09 14:17:41 GMT): 40%
2025-Oct-09 11:17:41 (2025-Oct-09 14:17:41 GMT): 50%
2025-Oct-09 11:17:41 (2025-Oct-09 14:17:41 GMT): 60%
2025-Oct-09 11:17:41 (2025-Oct-09 14:17:41 GMT): 70%
2025-Oct-09 11:17:41 (2025-Oct-09 14:17:41 GMT): 80%
2025-Oct-09 11:17:41 (2025-Oct-09 14:17:41 GMT): 90%

Finished Levelizing
2025-Oct-09 11:17:41 (2025-Oct-09 14:17:41 GMT)

Starting Activity Propagation
2025-Oct-09 11:17:41 (2025-Oct-09 14:17:41 GMT)
** INFO:  (VOLTUS_POWR-1356): No default input activity has been set. Defaulting to 0.2.
Use 'set_default_switching_activity -input_activity' command to change the default activity value.

2025-Oct-09 11:17:41 (2025-Oct-09 14:17:41 GMT): 10%
2025-Oct-09 11:17:41 (2025-Oct-09 14:17:41 GMT): 20%
2025-Oct-09 11:17:41 (2025-Oct-09 14:17:41 GMT): 30%

Finished Activity Propagation
2025-Oct-09 11:17:41 (2025-Oct-09 14:17:41 GMT)
Ended Processing Signal Activity: (cpu=0:00:00, real=0:00:00, mem(process/total/peak)=1808.30MB/3854.39MB/1808.30MB)

Begin Power Computation

      ----------------------------------------------------------
      # of cell(s) missing both power/leakage table: 0
      # of cell(s) missing power table: 0
      # of cell(s) missing leakage table: 0
      ----------------------------------------------------------



Starting Calculating power
2025-Oct-09 11:17:41 (2025-Oct-09 14:17:41 GMT)
 ... Calculating switching power
2025-Oct-09 11:17:41 (2025-Oct-09 14:17:41 GMT): 10%
2025-Oct-09 11:17:41 (2025-Oct-09 14:17:41 GMT): 20%
2025-Oct-09 11:17:41 (2025-Oct-09 14:17:41 GMT): 30%
2025-Oct-09 11:17:41 (2025-Oct-09 14:17:41 GMT): 40%
2025-Oct-09 11:17:41 (2025-Oct-09 14:17:41 GMT): 50%
 ... Calculating internal and leakage power
2025-Oct-09 11:17:41 (2025-Oct-09 14:17:41 GMT): 60%
2025-Oct-09 11:17:41 (2025-Oct-09 14:17:41 GMT): 70%
2025-Oct-09 11:17:41 (2025-Oct-09 14:17:41 GMT): 80%
2025-Oct-09 11:17:41 (2025-Oct-09 14:17:41 GMT): 90%

Finished Calculating power
2025-Oct-09 11:17:41 (2025-Oct-09 14:17:41 GMT)
      # of MSMV cell(s) missing power_level: 0
Ended Power Computation: (cpu=0:00:00, real=0:00:00, mem(process/total/peak)=1809.88MB/3862.39MB/1809.88MB)

Begin Processing User Attributes

Ended Processing User Attributes: (cpu=0:00:00, real=0:00:00, mem(process/total/peak)=1809.88MB/3862.39MB/1809.88MB)

Ended Power Analysis: (cpu=0:00:00, real=0:00:00, mem(process/total/peak)=1809.88MB/3862.39MB/1809.88MB)

Begin Boundary Leakage Calculation
Ended Boundary Leakage Calculation: (cpu=0:00:00, real=0:00:00,
mem(process/total/peak)=1809.88MB/3862.39MB/1809.88MB)
Begin Static Power Report Generation
*----------------------------------------------------------------------------------------
*	Innovus 21.15-s110_1 (64bit) 09/23/2022 13:08 (Linux 3.10.0-693.el7.x86_64)
*	
*
* 	Date & Time:	2025-Oct-09 11:17:41 (2025-Oct-09 14:17:41 GMT)
*
*----------------------------------------------------------------------------------------
*
*	Design: bm_stage_1
*
*	Liberty Libraries used:
*	        analysis_normal_slow_max: /home/tools/design_kits/cadence/GPDK045/gsclib045_all_v4.4/gsclib045/timing//slow_vdd1v0_basicCells.lib
*
*	Parasitic Files used:
*
*       Power View : analysis_normal_slow_max
*
*       User-Defined Activity : N.A.
*
*       Activity File: N.A.
*
*       Hierarchical Global Activity: N.A.
*
*       Global Activity: N.A.
*
*       Sequential Element Activity: N.A.
*
*       Primary Input Activity: 0.200000
*
*       Default icg ratio: N.A.
*
*       Global Comb ClockGate Ratio: N.A.
*
*	Power Units = 1uW
*
*	Time Units = 1e-09 secs
*
*       report_power
*
-----------------------------------------------------------------------------------------
*



Total Power
-----------------------------------------------------------------------------------------
Total Internal Power:        3.81038162 	   45.7019%
Total Switching Power:       4.52172293 	   54.2337%
Total Leakage Power:         0.00537215 	    0.0644%
Total Power:                 8.33747671
-----------------------------------------------------------------------------------------


Group                           Internal   Switching     Leakage       Total  Percentage 
                                Power      Power         Power         Power  (%)        
-----------------------------------------------------------------------------------------
Sequential                         1.291       2.941    0.002948        4235        50.8
Macro                                  0           0           0           0           0
IO                                     0           0           0           0           0
Combinational                      2.519       1.581    0.002424        4102        49.2
Clock (Combinational)                  0           0           0           0           0
Clock (Sequential)                     0           0           0           0           0
-----------------------------------------------------------------------------------------
Total                               3810        4522       5.372        8337       1e+05
-----------------------------------------------------------------------------------------


Rail                  Voltage   Internal   Switching     Leakage       Total  Percentage 
                                Power      Power         Power         Power  (%)        
-----------------------------------------------------------------------------------------
VDD                       0.9       3810        4522       5.372        8337       1e+05
 
 
-----------------------------------------------------------------------------------------
*	Power Distribution Summary: 
*              Highest Average Power:               l1_1_reg[1] (DFFRX2):           0.3463
*              Highest Leakage Power:               S2_o_reg[1] (DFFRX2):        0.0001845
*                Total Cap:      8.04847e-13 F
*                Total instances in design:    96
*                Total instances in design with no power:     0
*                Total instances in design with no activty:     0

*                Total Fillers and Decap:     0
-----------------------------------------------------------------------------------------
 
** INFO:  (VOLTUS_POWR-3465): There are 0 decaps and 0 fillers in the design

Ended Static Power Report Generation: (cpu=0:00:00, real=0:00:00,
mem(process/total/peak)=1809.88MB/3862.39MB/1809.88MB)

