###############################################################
#  Generated by:      Cadence Innovus 21.15-s110_1
#  OS:                Linux x86_64(Host ID eltonsilva)
#  Generated on:      Mon Oct  6 17:11:13 2025
#  Design:            h_decoder_16_11
#  Command:           report_timing -unconstrained > $lyt/${design}/reports/${design}_setup_s_timing.rpt
###############################################################
Path 1:
               View: analysis_normal_slow_max
         Startpoint: (R) i_CodeWord[12]
              Clock:
           Endpoint: (R) o_DecodWord[1]
              Clock:

                       Capture       Launch
        Src Latency:+    0.000        0.000
        Net Latency:+    0.000 (I)    0.000 (I)
            Arrival:=    0.000        0.000

       Launch Clock:=    0.000
          Data Path:+    2.862

#---------------------------------------------------------------------------------------
# Timing Point    Flags  Arc             Edge  Cell       Fanout  Trans   Delay  Arrival  
#                                                                  (ns)    (ns)     (ns)  
#---------------------------------------------------------------------------------------
  i_CodeWord[12]  -      i_CodeWord[12]  R     (arrival)       2  0.004   0.000    0.000  
  g1017__5115/Y   -      A->Y            F     XNOR2X1         1  0.004   0.165    0.165  
  g1009__7098/Y   -      A->Y            R     XNOR2X1         2  0.026   0.204    0.370  
  g1006__1705/Y   -      B->Y            F     XNOR2X1         1  0.048   0.138    0.508  
  g1003__3680/Y   -      B->Y            R     XNOR2X1         5  0.033   0.183    0.690  
  g1001/Y         -      A->Y            F     INVXL           3  0.060   0.071    0.761  
  g995__2398/Y    -      B->Y            F     MX2X1           1  0.056   0.156    0.916  
  g993__6417/Y    -      B->Y            R     XNOR2X2         3  0.036   0.465    1.382  
  g992/Y          -      A->Y            F     INVXL           4  0.507   0.382    1.763  
  g988__9945/Y    -      C->Y            R     NOR3XL          4  0.154   0.284    2.048  
  g976__1705/Y    -      C->Y            F     NAND3XL         1  0.345   0.275    2.323  
  g966__2398/Y    -      A->Y            R     XNOR2X2         1  0.146   0.540    2.862  
  o_DecodWord[1]  -      o_DecodWord[1]  R     -               1  0.496   0.000    2.862  
#---------------------------------------------------------------------------------------

