###############################################################
#  Generated by:      Cadence Innovus 21.15-s110_1
#  OS:                Linux x86_64(Host ID eltonsilva)
#  Generated on:      Mon Oct  6 17:11:12 2025
#  Design:            h_decoder_16_11
#  Command:           report_timing -unconstrained > $lyt/${design}/reports/${design}_setup_f_timing.rpt
###############################################################
Path 1:
               View: analysis_normal_fast_min
         Startpoint: (R) i_CodeWord[12]
              Clock:
           Endpoint: (R) o_DecodWord[1]
              Clock:

                       Capture       Launch
        Src Latency:+    0.000        0.000
        Net Latency:+    0.000 (I)    0.000 (I)
            Arrival:=    0.000        0.000

       Launch Clock:=    0.000
          Data Path:+    0.673

#---------------------------------------------------------------------------------------
# Timing Point    Flags  Arc             Edge  Cell       Fanout  Trans   Delay  Arrival  
#                                                                  (ns)    (ns)     (ns)  
#---------------------------------------------------------------------------------------
  i_CodeWord[12]  -      i_CodeWord[12]  R     (arrival)       2  0.004   0.000    0.000  
  g1017__5115/Y   -      A->Y            F     XNOR2X1         1  0.004   0.043    0.043  
  g1009__7098/Y   -      A->Y            R     XNOR2X1         2  0.007   0.046    0.089  
  g1006__1705/Y   -      B->Y            F     XNOR2X1         1  0.016   0.032    0.121  
  g1003__3680/Y   -      B->Y            R     XNOR2X1         5  0.009   0.042    0.163  
  g1001/Y         -      A->Y            F     INVXL           3  0.020   0.016    0.179  
  g995__2398/Y    -      B->Y            F     MX2X1           1  0.015   0.038    0.217  
  g993__6417/Y    -      B->Y            R     XNOR2X2         3  0.009   0.128    0.345  
  g992/Y          -      A->Y            F     INVXL           4  0.165   0.069    0.414  
  g988__9945/Y    -      C->Y            R     NOR3XL          4  0.045   0.072    0.486  
  g976__1705/Y    -      C->Y            F     NAND3XL         1  0.100   0.051    0.537  
  g966__2398/Y    -      A->Y            R     XNOR2X2         1  0.034   0.136    0.673  
  o_DecodWord[1]  -      o_DecodWord[1]  R     -               1  0.161   0.000    0.673  
#---------------------------------------------------------------------------------------

