###############################################################
#  Generated by:      Cadence Innovus 21.15-s110_1
#  OS:                Linux x86_64(Host ID eltonsilva)
#  Generated on:      Thu Oct  9 10:42:46 2025
#  Design:            bch_31_bm
#  Command:           report_timing -unconstrained > $lyt/${design}/reports/${design}_setup_s_timing.rpt
###############################################################
Path 1:
               View: analysis_normal_slow_max
         Startpoint: (R) u_ff3/q_reg[0]/CK
              Clock:
           Endpoint: (R) u_ff6/q_reg[4]/D
              Clock:

                       Capture       Launch
        Src Latency:+    0.000        0.000
        Net Latency:+    0.000 (I)    0.000 (I)
            Arrival:=    0.000        0.000

       Launch Clock:=    0.000
          Data Path:+    4.371

#--------------------------------------------------------------------------------------
# Timing Point           Flags  Arc     Edge  Cell       Fanout  Trans   Delay  Arrival  
#                                                                 (ns)    (ns)     (ns)  
#--------------------------------------------------------------------------------------
  u_ff3/q_reg[0]/CK      -      CK      R     (arrival)      30  0.004       -    0.000  
  u_ff3/q_reg[0]/Q       -      CK->Q   F     DFFRHQX1       15  0.004   0.332    0.332  
  u_div3/g4447__4733/Y   -      A->Y    R     NOR2XL          4  0.250   0.268    0.600  
  u_div3/g4414/Y         -      A->Y    F     INVXL           3  0.221   0.196    0.796  
  u_div3/g4430__3680/Y   -      B0->Y   R     OAI21XL         3  0.116   0.118    0.914  
  u_div3/g4399__3680/Y   -      A2->Y   F     AOI33XL         2  0.188   0.437    1.351  
  u_div3/g4377__5115/Y   -      C0->Y   R     OAI221X1        2  0.498   0.320    1.671  
  u_div3/g4374__7098/Y   -      B->Y    F     NAND2BXL        2  0.164   0.172    1.843  
  u_div3/g4365__8428/Y   -      A1N->Y  F     OAI2BB1X1       1  0.125   0.149    1.992  
  u_div3/g4364__4319/CO  -      CI->CO  F     ADDFX1          1  0.091   0.198    2.190  
  u_div3/g4363__6260/CO  -      CI->CO  F     ADDFX1          3  0.047   0.190    2.380  
  u_div3/g4361__2398/Y   -      A1->Y   R     AOI21XL         2  0.069   0.101    2.480  
  u_div3/g4360__5477/Y   -      B->Y    F     NAND2XL         3  0.087   0.142    2.622  
  u_div3/g4356__1666/Y   -      B->Y    F     OR2X1           3  0.147   0.164    2.786  
  u_div3/g4351__9945/Y   -      B->Y    F     OR2X1           3  0.046   0.123    2.909  
  u_div3/g4348__6161/Y   -      B->Y    F     OR2X1           2  0.051   0.121    3.030  
  u_div3/g4344__5115/Y   -      C0->Y   R     OAI211X1        8  0.042   0.086    3.115  
  u_div3/g4339__7098/Y   -      B->Y    F     NAND2XL         4  0.242   0.273    3.388  
  u_div3/g4331__3680/Y   -      B->Y    F     OR2X1           2  0.224   0.191    3.579  
  u_div3/g4323__5477/Y   -      A1->Y   R     OAI22XL         2  0.035   0.117    3.696  
  u_div3/g4314__4733/Y   -      A2->Y   F     AOI33XL         1  0.179   0.325    4.021  
  u_div3/g4309__7098/Y   -      C0->Y   R     OAI221X1        1  0.314   0.200    4.221  
  g186__5122/Y           -      AN->Y   R     NOR2BX1         1  0.115   0.150    4.371  
  u_ff6/q_reg[4]/D       -      D       R     DFFRX2          1  0.106   0.000    4.371  
#--------------------------------------------------------------------------------------

