###############################################################
#  Generated by:      Cadence Innovus 21.15-s110_1
#  OS:                Linux x86_64(Host ID eltonsilva)
#  Generated on:      Thu Oct  9 10:42:46 2025
#  Design:            bch_31_bm
#  Command:           report_timing -unconstrained > $lyt/${design}/reports/${design}_setup_f_timing.rpt
###############################################################
Path 1:
               View: analysis_normal_fast_min
         Startpoint: (R) u_ff3/q_reg[0]/CK
              Clock:
           Endpoint: (R) u_ff5/q_reg[0]/D
              Clock:

                       Capture       Launch
        Src Latency:+    0.000        0.000
        Net Latency:+    0.000 (I)    0.000 (I)
            Arrival:=    0.000        0.000

       Launch Clock:=    0.000
          Data Path:+    0.914

#--------------------------------------------------------------------------------------
# Timing Point           Flags  Arc     Edge  Cell       Fanout  Trans   Delay  Arrival  
#                                                                 (ns)    (ns)     (ns)  
#--------------------------------------------------------------------------------------
  u_ff3/q_reg[0]/CK      -      CK      R     (arrival)      30  0.004       -    0.000  
  u_ff3/q_reg[0]/Q       -      CK->Q   F     DFFRHQX1       15  0.004   0.087    0.087  
  u_div2/g4447__5477/Y   -      A->Y    R     NOR2XL          4  0.069   0.059    0.146  
  u_div2/g4414/Y         -      A->Y    F     INVXL           3  0.067   0.037    0.183  
  u_div2/g4430__5115/Y   -      B0->Y   R     OAI21XL         3  0.032   0.030    0.213  
  u_div2/g4399__5115/Y   -      A2->Y   F     AOI33XL         2  0.068   0.071    0.285  
  u_div2/g4377__7410/Y   -      C0->Y   R     OAI221X1        2  0.083   0.037    0.322  
  u_div2/g4374__2883/Y   -      B->Y    F     NAND2BXL        2  0.053   0.037    0.359  
  u_div2/g4365__7098/Y   -      A1N->Y  F     OAI2BB1X1       1  0.035   0.032    0.391  
  u_div2/g4364__8246/CO  -      CI->CO  F     ADDFX1          1  0.023   0.047    0.438  
  u_div2/g4363__5122/CO  -      CI->CO  F     ADDFX1          3  0.014   0.047    0.485  
  u_div2/g4361__2802/Y   -      A1->Y   R     AOI21XL         2  0.018   0.026    0.511  
  u_div2/g4360__1617/Y   -      B->Y    F     NAND2XL         3  0.030   0.029    0.540  
  u_div2/g4356__5526/Y   -      B->Y    F     OR2X1           3  0.032   0.034    0.575  
  u_div2/g4351__6260/Y   -      B->Y    F     OR2X1           3  0.013   0.031    0.606  
  u_div2/g4348__2398/Y   -      B->Y    F     OR2X1           2  0.014   0.030    0.636  
  u_div2/g4344__7410/Y   -      C0->Y   R     OAI211X1        8  0.011   0.023    0.659  
  u_div2/g4339__2883/Y   -      B->Y    F     NAND2XL         4  0.065   0.056    0.715  
  u_div2/g4331__5115/Y   -      B->Y    F     OR2X1           2  0.061   0.038    0.753  
  u_div2/g4324__2802/Y   -      AN->Y   F     NOR2BX1         1  0.011   0.020    0.773  
  u_div2/g4316__5107/Y   -      A1->Y   R     OAI221X1        1  0.017   0.026    0.799  
  u_div2/g4311__1666/Y   -      A1->Y   F     AOI22XL         1  0.035   0.033    0.832  
  u_div2/g4307__9315/Y   -      C0->Y   R     OAI211X1        1  0.034   0.019    0.850  
  u_div2/g4306__6161/Y   -      A->Y    R     AND2X1          1  0.029   0.030    0.880  
  g185__1705/Y           -      A->Y    R     MX2X1           1  0.009   0.034    0.914  
  u_ff5/q_reg[0]/D       -      D       R     DFFRX2          1  0.010   0.000    0.914  
#--------------------------------------------------------------------------------------

