###############################################################
#  Generated by:      Cadence Innovus 21.15-s110_1
#  OS:                Linux x86_64(Host ID eltonsilva)
#  Generated on:      Thu Oct  9 11:18:35 2025
#  Design:            bm_stage_2
#  Command:           report_timing -unconstrained > $lyt/${design}/reports/${design}_setup_f_timing.rpt
###############################################################
Path 1:
               View: analysis_normal_fast_min
         Startpoint: (R) S2[2]
              Clock:
           Endpoint: (F) l2_2_reg[2]/D
              Clock:

                       Capture       Launch
        Src Latency:+    0.000        0.000
        Net Latency:+    0.000 (I)    0.000 (I)
            Arrival:=    0.000        0.000

       Launch Clock:=    0.000
          Data Path:+    0.589

#---------------------------------------------------------------------------------------
# Timing Point            Flags  Arc     Edge  Cell       Fanout  Trans   Delay  Arrival  
#                                                                  (ns)    (ns)     (ns)  
#---------------------------------------------------------------------------------------
  S2[2]                   -      S2[2]   R     (arrival)       5  0.004   0.000    0.000  
  u_mult1/g2066/Y         -      A->Y    F     INVX1           2  0.004   0.010    0.010  
  u_mult1/g2059__6783/Y   -      B->Y    R     NOR2XL          4  0.008   0.037    0.046  
  u_mult1/g2047__1666/Y   -      B->Y    F     NOR2XL          1  0.056   0.026    0.073  
  u_mult1/g2037__6131/Y   -      C0->Y   R     AOI221X1        2  0.017   0.036    0.109  
  u_mult1/g2031__1617/Y   -      B->Y    F     NOR2XL          1  0.047   0.025    0.134  
  u_mult1/g2022__5477/CO  -      CI->CO  F     ADDFX1          1  0.022   0.046    0.180  
  u_mult1/g2021__6417/S   -      CI->S   R     ADDFX1          2  0.013   0.065    0.245  
  u_mult1/g2019__1666/Y   -      C->Y    F     NAND3BXL        2  0.014   0.026    0.271  
  u_mult1/g2018/Y         -      A->Y    R     INVXL           1  0.033   0.018    0.289  
  u_mult1/g2017__2346/Y   -      A1->Y   F     AOI221X1        3  0.014   0.034    0.323  
  u_mult1/g2015__9945/Y   -      B->Y    R     NOR2XL          2  0.042   0.036    0.359  
  u_mult1/g2011__4733/Y   -      B->Y    F     NAND2XL         1  0.039   0.026    0.385  
  u_mult1/g2004__7098/Y   -      B->Y    R     XNOR2X1         4  0.022   0.042    0.427  
  u_mult1/g2002__5122/Y   -      B->Y    F     NOR2XL          3  0.017   0.016    0.443  
  u_mult1/g1999__1617/Y   -      B0->Y   R     AOI21XL         2  0.018   0.026    0.469  
  u_mult1/g1997/Y         -      A->Y    F     INVXL           1  0.031   0.016    0.485  
  u_mult1/g1994__8428/Y   -      A1->Y   R     AOI22XL         1  0.010   0.028    0.513  
  u_mult1/g1990__2398/Y   -      A1->Y   F     OAI221X1        1  0.035   0.042    0.555  
  u_xor1/g40__1705/Y      -      B->Y    F     CLKXOR2X1       1  0.042   0.034    0.589  
  l2_2_reg[2]/D           -      D       F     DFFRX2          1  0.009   0.000    0.589  
#---------------------------------------------------------------------------------------

