###############################################################
#  Generated by:      Cadence Innovus 21.15-s110_1
#  OS:                Linux x86_64(Host ID eltonsilva)
#  Generated on:      Thu Oct  9 11:18:35 2025
#  Design:            bm_stage_2
#  Command:           report_timing -unconstrained > $lyt/${design}/reports/${design}_setup_s_timing.rpt
###############################################################
Path 1:
               View: analysis_normal_slow_max
         Startpoint: (R) S2[0]
              Clock:
           Endpoint: (R) l2_2_reg[2]/D
              Clock:

                       Capture       Launch
        Src Latency:+    0.000        0.000
        Net Latency:+    0.000 (I)    0.000 (I)
            Arrival:=    0.000        0.000

       Launch Clock:=    0.000
          Data Path:+    2.737

#---------------------------------------------------------------------------------------
# Timing Point            Flags  Arc     Edge  Cell       Fanout  Trans   Delay  Arrival  
#                                                                  (ns)    (ns)     (ns)  
#---------------------------------------------------------------------------------------
  S2[0]                   -      S2[0]   R     (arrival)       7  0.004   0.000    0.000  
  u_mult1/g2054__5107/Y   -      A->Y    F     NAND2XL         4  0.004   0.150    0.151  
  u_mult1/g2049/Y         -      A->Y    R     INVXL           1  0.223   0.153    0.304  
  u_mult1/g2037__6131/Y   -      A0->Y   F     AOI221X1        2  0.058   0.155    0.459  
  u_mult1/g2031__1617/Y   -      B->Y    R     NOR2XL          1  0.161   0.142    0.601  
  u_mult1/g2022__5477/CO  -      CI->CO  R     ADDFX1          1  0.090   0.213    0.814  
  u_mult1/g2021__6417/S   -      CI->S   R     ADDFX1          2  0.040   0.266    1.080  
  u_mult1/g2019__1666/Y   -      C->Y    F     NAND3BXL        2  0.052   0.135    1.214  
  u_mult1/g2018/Y         -      A->Y    R     INVXL           1  0.162   0.118    1.332  
  u_mult1/g2017__2346/Y   -      A1->Y   F     AOI221X1        3  0.052   0.149    1.481  
  u_mult1/g2015__9945/Y   -      B->Y    R     NOR2XL          2  0.159   0.161    1.642  
  u_mult1/g2011__4733/Y   -      B->Y    F     NAND2XL         1  0.124   0.130    1.772  
  u_mult1/g2004__7098/Y   -      B->Y    R     XNOR2X1         4  0.090   0.203    1.975  
  u_mult1/g2002__5122/Y   -      B->Y    F     NOR2XL          3  0.056   0.073    2.048  
  u_mult1/g1999__1617/Y   -      B0->Y   R     AOI21XL         2  0.073   0.104    2.152  
  u_mult1/g1997/Y         -      A->Y    F     INVXL           1  0.097   0.082    2.234  
  u_mult1/g1994__8428/Y   -      A1->Y   R     AOI22XL         1  0.039   0.107    2.342  
  u_mult1/g1990__2398/Y   -      A1->Y   F     OAI221X1        1  0.109   0.205    2.547  
  u_xor1/g40__1705/Y      -      B->Y    R     CLKXOR2X1       1  0.168   0.190    2.737  
  l2_2_reg[2]/D           -      D       R     DFFRX2          1  0.032   0.000    2.737  
#---------------------------------------------------------------------------------------

