###############################################################
#  Generated by:      Cadence Innovus 21.15-s110_1
#  OS:                Linux x86_64(Host ID eltonsilva)
#  Generated on:      Thu Aug 21 16:13:42 2025
#  Design:            or16
###############################################################
Path 1:
               View: analysis_normal_fast_min
         Startpoint: (F) a[12]
              Clock:
           Endpoint: (F) y
              Clock:

                       Capture       Launch
        Src Latency:+    0.000        0.000
        Net Latency:+    0.000 (I)    0.000 (I)
            Arrival:=    0.000        0.000

       Launch Clock:=    0.000
          Data Path:+   10.819

#------------------------------------------------------------------------------
# Timing Point  Flags  Arc    Edge  Cell       Fanout   Trans    Delay  Arrival  
#                                                        (ns)     (ns)     (ns)  
#------------------------------------------------------------------------------
  a[12]         -      a[12]  F     (arrival)       1   0.004    0.000    0.000  
  g203__8428/Y  -      D->Y   F     OR4X1           1   0.004    0.051    0.051  
  g200__2398/Y  -      A->Y   F     OR2X1           1   0.013   10.768   10.819  
  y             -      y      F     -               1  19.515    0.000   10.819  
#------------------------------------------------------------------------------

