###############################################################
#  Generated by:      Cadence Innovus 21.15-s110_1
#  OS:                Linux x86_64(Host ID eltonsilva)
#  Generated on:      Thu Aug 21 16:13:42 2025
#  Design:            or16
###############################################################
Path 1:
               View: analysis_normal_slow_max
         Startpoint: (F) a[2]
              Clock:
           Endpoint: (F) y
              Clock:

                       Capture       Launch
        Src Latency:+    0.000        0.000
        Net Latency:+    0.000 (I)    0.000 (I)
            Arrival:=    0.000        0.000

       Launch Clock:=    0.000
          Data Path:+   41.023

#-----------------------------------------------------------------------------
# Timing Point  Flags  Arc   Edge  Cell       Fanout   Trans    Delay  Arrival  
#                                                       (ns)     (ns)     (ns)  
#-----------------------------------------------------------------------------
  a[2]          -      a[2]  F     (arrival)       1   0.004    0.000    0.000  
  g205__5526/Y  -      A->Y  F     OR4X1           1   0.004    0.280    0.280  
  g201__5107/Y  -      C->Y  F     OR4X1           1   0.052    0.261    0.541  
  g200__2398/Y  -      B->Y  F     OR2X1           1   0.044   40.483   41.023  
  y             -      y     F     -               1  74.075    0.000   41.023  
#-----------------------------------------------------------------------------

