###############################################################
#  Generated by:      Cadence Innovus 21.15-s110_1
#  OS:                Linux x86_64(Host ID eltonsilva)
#  Generated on:      Thu Oct  9 11:15:56 2025
#  Design:            bch_syndrome_block
#  Command:           report_timing -unconstrained > $lyt/${design}/reports/${design}_setup_f_timing.rpt
###############################################################
Path 1:
               View: analysis_normal_fast_min
         Startpoint: (F) codeword[5]
              Clock:
           Endpoint: (F) S1[2]
              Clock:

                       Capture       Launch
        Src Latency:+    0.000        0.000
        Net Latency:+    0.000 (I)    0.000 (I)
            Arrival:=    0.000        0.000

       Launch Clock:=    0.000
          Data Path:+    0.283

#-----------------------------------------------------------------------------------
# Timing Point   Flags  Arc          Edge  Cell       Fanout  Trans   Delay  Arrival  
#                                                              (ns)    (ns)     (ns)  
#-----------------------------------------------------------------------------------
  codeword[5]    -      codeword[5]  F     (arrival)       2  0.004   0.000    0.000  
  g1002__7098/Y  -      A->Y         R     XNOR2X1         4  0.004   0.046    0.046  
  g995/Y         -      A->Y         F     INVXL           3  0.016   0.017    0.064  
  g974__5115/Y   -      B->Y         F     MX2X1           1  0.019   0.041    0.104  
  g969__5526/Y   -      B->Y         R     XNOR2X1         1  0.013   0.036    0.141  
  g960__5107/Y   -      B->Y         F     XNOR2X4         2  0.009   0.142    0.283  
  S1[2]          -      S1[2]        F     -               2  0.180   0.000    0.283  
#-----------------------------------------------------------------------------------

