###############################################################
#  Generated by:      Cadence Innovus 21.15-s110_1
#  OS:                Linux x86_64(Host ID eltonsilva)
#  Generated on:      Thu Oct  9 11:15:56 2025
#  Design:            bch_syndrome_block
#  Command:           report_timing -unconstrained > $lyt/${design}/reports/${design}_hold_f_timing.rpt
###############################################################
Path 1:
               View: analysis_normal_fast_min
         Startpoint: (R) codeword[8]
              Clock:
           Endpoint: (R) S3[1]
              Clock:

                       Capture       Launch
        Src Latency:+    0.000        0.000
        Net Latency:+    0.000 (I)    0.000 (I)
            Arrival:=    0.000        0.000

       Launch Clock:=    0.000
          Data Path:+    0.148

#----------------------------------------------------------------------------------
# Timing Point  Flags  Arc          Edge  Cell       Fanout  Trans   Delay  Arrival  
#                                                             (ns)    (ns)     (ns)  
#----------------------------------------------------------------------------------
  codeword[8]   -      codeword[8]  R     (arrival)       3  0.004   0.000    0.000  
  g973__9945/Y  -      A->Y         R     XNOR2X1         1  0.004   0.032    0.032  
  g961__6131/Y  -      B->Y         R     XNOR2X2         1  0.007   0.115    0.148  
  S3[1]         -      S3[1]        R     -               1  0.161   0.000    0.148  
#----------------------------------------------------------------------------------

