###############################################################
#  Generated by:      Cadence Innovus 21.15-s110_1
#  OS:                Linux x86_64(Host ID eltonsilva)
#  Generated on:      Thu Oct  9 11:15:56 2025
#  Design:            bch_syndrome_block
#  Command:           report_timing -unconstrained > $lyt/${design}/reports/${design}_setup_s_timing.rpt
###############################################################
Path 1:
               View: analysis_normal_slow_max
         Startpoint: (F) codeword[5]
              Clock:
           Endpoint: (F) S1[2]
              Clock:

                       Capture       Launch
        Src Latency:+    0.000        0.000
        Net Latency:+    0.000 (I)    0.000 (I)
            Arrival:=    0.000        0.000

       Launch Clock:=    0.000
          Data Path:+    1.132

#-----------------------------------------------------------------------------------
# Timing Point   Flags  Arc          Edge  Cell       Fanout  Trans   Delay  Arrival  
#                                                              (ns)    (ns)     (ns)  
#-----------------------------------------------------------------------------------
  codeword[5]    -      codeword[5]  F     (arrival)       2  0.004   0.000    0.000  
  g1002__7098/Y  -      A->Y         R     XNOR2X1         4  0.004   0.198    0.198  
  g995/Y         -      A->Y         F     INVXL           3  0.051   0.073    0.271  
  g974__5115/Y   -      B->Y         F     MX2X1           1  0.072   0.169    0.441  
  g969__5526/Y   -      B->Y         R     XNOR2X1         1  0.047   0.172    0.613  
  g960__5107/Y   -      B->Y         F     XNOR2X4         2  0.032   0.519    1.132  
  S1[2]          -      S1[2]        F     -               2  0.627   0.000    1.132  
#-----------------------------------------------------------------------------------

