
Power Net Detected:
        Voltage	    Name
             0V	    VSS
           0.9V	    VDD
Using Power View: analysis_normal_slow_max.
AAE_INFO: opIsDesignInPostRouteState() is 1
#################################################################################
# Design Stage: PostRoute
# Design Name: and16
# Design Mode: 45nm
# Analysis Mode: MMMC Non-OCV 
# Parasitics Mode: No SPEF/RCDB 
# Signoff Settings: SI Off 
#################################################################################
Calculate delays in BcWc mode...
Start delay calculation (fullDC) (1 T). (MEM=2309.43)
Total number of fetched objects 22
AAE_INFO: Total number of nets for which stage creation was skipped for all views 0
End delay calculation. (MEM=2320.95 CPU=0:00:00.0 REAL=0:00:00.0)
End delay calculation (fullDC). (MEM=2320.95 CPU=0:00:00.0 REAL=0:00:00.0)
Set Default Frequency 100MHz.

Begin Power Analysis

             0V	    VSS
           0.9V	    VDD

Begin Processing Timing Library for Power Calculation

Begin Processing Timing Library for Power Calculation



Begin Processing Power Net/Grid for Power Calculation

Ended Processing Power Net/Grid for Power Calculation: (cpu=0:00:00, real=0:00:00, mem(process/total/peak)=1857.00MB/3847.25MB/1857.00MB)

Begin Processing Timing Window Data for Power Calculation

Ended Processing Timing Window Data for Power Calculation: (cpu=0:00:00, real=0:00:00, mem(process/total/peak)=1857.00MB/3847.25MB/1857.00MB)

Begin Processing User Attributes

Ended Processing User Attributes: (cpu=0:00:00, real=0:00:00, mem(process/total/peak)=1857.00MB/3847.25MB/1857.00MB)

Begin Processing Signal Activity


Starting Levelizing
2025-Aug-21 16:05:56 (2025-Aug-21 19:05:56 GMT)
2025-Aug-21 16:05:56 (2025-Aug-21 19:05:56 GMT): 17%
2025-Aug-21 16:05:56 (2025-Aug-21 19:05:56 GMT): 33%
2025-Aug-21 16:05:56 (2025-Aug-21 19:05:56 GMT): 50%
2025-Aug-21 16:05:56 (2025-Aug-21 19:05:56 GMT): 67%
2025-Aug-21 16:05:56 (2025-Aug-21 19:05:56 GMT): 83%

Finished Levelizing
2025-Aug-21 16:05:56 (2025-Aug-21 19:05:56 GMT)

Starting Activity Propagation
2025-Aug-21 16:05:56 (2025-Aug-21 19:05:56 GMT)
** INFO:  (VOLTUS_POWR-1356): No default input activity has been set. Defaulting to 0.2.
Use 'set_default_switching_activity -input_activity' command to change the default activity value.

2025-Aug-21 16:05:56 (2025-Aug-21 19:05:56 GMT): 10%
2025-Aug-21 16:05:56 (2025-Aug-21 19:05:56 GMT): 20%
2025-Aug-21 16:05:56 (2025-Aug-21 19:05:56 GMT): 30%
2025-Aug-21 16:05:56 (2025-Aug-21 19:05:56 GMT): 40%
2025-Aug-21 16:05:56 (2025-Aug-21 19:05:56 GMT): 50%

Finished Activity Propagation
2025-Aug-21 16:05:56 (2025-Aug-21 19:05:56 GMT)
Ended Processing Signal Activity: (cpu=0:00:00, real=0:00:00, mem(process/total/peak)=1857.00MB/3847.25MB/1857.00MB)

Begin Power Computation

      ----------------------------------------------------------
      # of cell(s) missing both power/leakage table: 0
      # of cell(s) missing power table: 0
      # of cell(s) missing leakage table: 0
      ----------------------------------------------------------



Starting Calculating power
2025-Aug-21 16:05:56 (2025-Aug-21 19:05:56 GMT)
 ... Calculating switching power
2025-Aug-21 16:05:56 (2025-Aug-21 19:05:56 GMT): 10%
2025-Aug-21 16:05:56 (2025-Aug-21 19:05:56 GMT): 20%
2025-Aug-21 16:05:56 (2025-Aug-21 19:05:56 GMT): 30%
2025-Aug-21 16:05:56 (2025-Aug-21 19:05:56 GMT): 40%
2025-Aug-21 16:05:56 (2025-Aug-21 19:05:56 GMT): 50%
2025-Aug-21 16:05:56 (2025-Aug-21 19:05:56 GMT): 60%
2025-Aug-21 16:05:56 (2025-Aug-21 19:05:56 GMT): 70%
2025-Aug-21 16:05:56 (2025-Aug-21 19:05:56 GMT): 80%
 ... Calculating internal and leakage power
2025-Aug-21 16:05:56 (2025-Aug-21 19:05:56 GMT): 90%

Finished Calculating power
2025-Aug-21 16:05:56 (2025-Aug-21 19:05:56 GMT)
      # of MSMV cell(s) missing power_level: 0
Ended Power Computation: (cpu=0:00:00, real=0:00:00, mem(process/total/peak)=1859.05MB/3855.25MB/1859.05MB)

Begin Processing User Attributes

Ended Processing User Attributes: (cpu=0:00:00, real=0:00:00, mem(process/total/peak)=1859.05MB/3855.25MB/1859.05MB)

Ended Power Analysis: (cpu=0:00:00, real=0:00:00, mem(process/total/peak)=1859.05MB/3855.25MB/1859.05MB)

Begin Boundary Leakage Calculation
Ended Boundary Leakage Calculation: (cpu=0:00:00, real=0:00:00,
mem(process/total/peak)=1859.05MB/3855.25MB/1859.05MB)
Begin Static Power Report Generation
*----------------------------------------------------------------------------------------
*	Innovus 21.15-s110_1 (64bit) 09/23/2022 13:08 (Linux 3.10.0-693.el7.x86_64)
*	
*
* 	Date & Time:	2025-Aug-21 16:05:56 (2025-Aug-21 19:05:56 GMT)
*
*----------------------------------------------------------------------------------------
*
*	Design: and16
*
*	Liberty Libraries used:
*	        analysis_normal_slow_max: /home/tools/design_kits/cadence/GPDK045/gsclib045_all_v4.4/gsclib045/timing//slow_vdd1v0_basicCells.lib
*
*	Parasitic Files used:
*
*       Power View : analysis_normal_slow_max
*
*       User-Defined Activity : N.A.
*
*       Activity File: N.A.
*
*       Hierarchical Global Activity: N.A.
*
*       Global Activity: N.A.
*
*       Sequential Element Activity: N.A.
*
*       Primary Input Activity: 0.200000
*
*       Default icg ratio: N.A.
*
*       Global Comb ClockGate Ratio: N.A.
*
*	Power Units = 1uW
*
*	Time Units = 1e-09 secs
*
*       report_power
*
-----------------------------------------------------------------------------------------
*



Total Power
-----------------------------------------------------------------------------------------
Total Internal Power:        0.03223982 	   65.1717%
Total Switching Power:       0.01707219 	   34.5108%
Total Leakage Power:         0.00015705 	    0.3175%
Total Power:                 0.04946906
-----------------------------------------------------------------------------------------


Group                           Internal   Switching     Leakage       Total  Percentage 
                                Power      Power         Power         Power  (%)        
-----------------------------------------------------------------------------------------
Sequential                             0           0           0           0           0
Macro                                  0           0           0           0           0
IO                                     0           0           0           0           0
Combinational                    0.03224     0.01707   0.0001571       49.47         100
Clock (Combinational)                  0           0           0           0           0
Clock (Sequential)                     0           0           0           0           0
-----------------------------------------------------------------------------------------
Total                              32.24       17.07      0.1571       49.47       1e+05
-----------------------------------------------------------------------------------------


Rail                  Voltage   Internal   Switching     Leakage       Total  Percentage 
                                Power      Power         Power         Power  (%)        
-----------------------------------------------------------------------------------------
VDD                       0.9      32.24       17.07      0.1571       49.47       1e+05
 
 
-----------------------------------------------------------------------------------------
*	Power Distribution Summary: 
*              Highest Average Power:                g193__5107 (NOR4BBX1):          0.01193
*              Highest Leakage Power:                g193__5107 (NOR4BBX1):        4.305e-05
*                Total Cap:      3.0029e-12 F
*                Total instances in design:     6
*                Total instances in design with no power:     0
*                Total instances in design with no activty:     0

*                Total Fillers and Decap:     0
-----------------------------------------------------------------------------------------
 
** INFO:  (VOLTUS_POWR-3465): There are 0 decaps and 0 fillers in the design

Ended Static Power Report Generation: (cpu=0:00:00, real=0:00:00,
mem(process/total/peak)=1859.05MB/3855.25MB/1859.05MB)

