###############################################################
#  Generated by:      Cadence Innovus 21.15-s110_1
#  OS:                Linux x86_64(Host ID eltonsilva)
#  Generated on:      Thu Aug 21 16:05:57 2025
#  Design:            and16
###############################################################
Path 1:
               View: analysis_normal_fast_min
         Startpoint: (F) a[4]
              Clock:
           Endpoint: (F) y
              Clock:

                       Capture       Launch
        Src Latency:+    0.000        0.000
        Net Latency:+    0.000 (I)    0.000 (I)
            Arrival:=    0.000        0.000

       Launch Clock:=    0.000
          Data Path:+   10.778

#-----------------------------------------------------------------------------
# Timing Point  Flags  Arc   Edge  Cell       Fanout   Trans    Delay  Arrival  
#                                                       (ns)     (ns)     (ns)  
#-----------------------------------------------------------------------------
  a[4]          -      a[4]  F     (arrival)       1   0.004    0.000    0.000  
  g195__8428/Y  -      D->Y  F     AND4X1          1   0.004    0.021    0.021  
  g192__2398/Y  -      A->Y  F     AND2X1          1   0.005   10.757   10.778  
  y             -      y     F     -               1  19.527    0.000   10.778  
#-----------------------------------------------------------------------------

