###############################################################
#  Generated by:      Cadence Innovus 21.15-s110_1
#  OS:                Linux x86_64(Host ID eltonsilva)
#  Generated on:      Thu Oct  9 11:02:54 2025
#  Design:            bch_bm_block
#  Command:           report_timing -unconstrained > $lyt/${design}/reports/${design}_setup_f_timing.rpt
###############################################################
Path 1:
               View: analysis_normal_fast_min
         Startpoint: (R) u_lamb1/q_reg[2]/CK
              Clock:
           Endpoint: (F) u_lamb2/q_reg[2]/D
              Clock:

                       Capture       Launch
        Src Latency:+    0.000        0.000
        Net Latency:+    0.000 (I)    0.000 (I)
            Arrival:=    0.000        0.000

       Launch Clock:=    0.000
          Data Path:+    2.818

#---------------------------------------------------------------------------------------
# Timing Point            Flags  Arc     Edge  Cell       Fanout  Trans   Delay  Arrival  
#                                                                  (ns)    (ns)     (ns)  
#---------------------------------------------------------------------------------------
  u_lamb1/q_reg[2]/CK     -      CK      R     (arrival)       8  0.004       -    0.000  
  u_lamb1/q_reg[2]/Q      -      CK->Q   R     DFFRX2         11  0.004   0.164    0.164  
  u_mult1/g2065/Y         -      A->Y    F     INVX1           2  0.189   0.067    0.231  
  u_mult1/g2058__5477/Y   -      B->Y    R     NOR2XL          4  0.045   0.048    0.279  
  u_mult1/g2044__1881/Y   -      B->Y    F     NOR2XL          1  0.065   0.030    0.310  
  u_mult1/g2034__5526/Y   -      C0->Y   R     AOI221X1        2  0.043   0.046    0.356  
  u_mult1/g2031__6260/Y   -      B->Y    F     NOR2XL          1  0.059   0.030    0.385  
  u_mult1/g2022__9945/CO  -      CI->CO  F     ADDFX1          1  0.021   0.046    0.432  
  u_mult1/g2021__9315/S   -      CI->S   R     ADDFX1          2  0.014   0.065    0.497  
  u_mult1/g2019__4733/Y   -      C->Y    F     NAND3BXL        2  0.014   0.037    0.534  
  u_mult1/g2018/Y         -      A->Y    R     INVXL           1  0.054   0.025    0.559  
  u_mult1/g2017__7482/Y   -      A1->Y   F     AOI221X1        3  0.017   0.034    0.593  
  u_mult1/g2015__1881/Y   -      B->Y    R     NOR2XL          2  0.041   0.041    0.634  
  u_mult1/g2011__8246/Y   -      B->Y    F     NAND2XL         1  0.049   0.032    0.666  
  u_mult1/g2004__3680/Y   -      B->Y    R     XNOR2X1         4  0.027   0.044    0.710  
  u_mult1/g2002__5526/Y   -      B->Y    F     NOR2XL          3  0.020   0.020    0.730  
  u_mult1/g1999__6260/Y   -      B0->Y   R     AOI21XL         2  0.024   0.030    0.760  
  u_mult1/g1997/Y         -      A->Y    F     INVXL           1  0.035   0.019    0.779  
  u_mult1/g1994__6417/Y   -      A1->Y   R     AOI22XL         1  0.014   0.030    0.809  
  u_mult1/g1990__2883/Y   -      A1->Y   F     OAI221X1        1  0.036   0.046    0.854  
  u_xor2/g40__5107/Y      -      B->Y    R     CLKXOR2X1       4  0.049   0.044    0.899  
  u_div1/g2164/Y          -      A->Y    F     INVX1           5  0.028   0.022    0.921  
  u_div1/g2145__6260/Y    -      AN->Y   F     NAND3BXL        2  0.024   0.039    0.960  
  u_div1/g2132__4733/Y    -      B1->Y   R     OAI222XL        3  0.038   0.067    1.027  
  u_div1/g2124__1705/Y    -      B->Y    F     NOR2BX1         2  0.110   0.043    1.071  
  u_div1/g2117__4319/Y    -      B->Y    R     NOR2BX1         1  0.031   0.021    1.091  
  u_div1/g2116__6260/Y    -      B->Y    F     NOR2BX1         1  0.018   0.012    1.103  
  u_div1/g2115__5107/Y    -      A1->Y   F     OA21X1          1  0.009   0.033    1.136  
  u_div1/g2114__2398/Y    -      A1->Y   R     OAI22XL         7  0.008   0.073    1.209  
  u_div1/g2113__5477/Y    -      B->Y    F     NOR2XL          1  0.125   0.054    1.263  
  u_div1/g2104__4733/CO   -      B->CO   F     ADDFX1          1  0.035   0.050    1.313  
  u_div1/g2102__7482/CO   -      CI->CO  F     ADDFX1          1  0.013   0.043    1.357  
  u_div1/g2099__1881/Y    -      B->Y    R     XNOR2X1         3  0.011   0.041    1.397  
  u_div1/g2096__8246/Y    -      B->Y    R     OR2X1           4  0.017   0.024    1.421  
  u_div1/g2092__1617/Y    -      AN->Y   R     NAND3BXL        1  0.018   0.021    1.443  
  u_div1/g2088__8428/Y    -      C0->Y   F     OAI221X1        1  0.035   0.041    1.483  
  u_div1/g2084__2398/Y    -      AN->Y   F     NAND3BXL        6  0.039   0.111    1.594  
  u_mult4/g2065/Y         -      A->Y    R     INVX1           2  0.160   0.055    1.649  
  u_mult4/g2058__9315/Y   -      B->Y    F     NOR2XL          4  0.038   0.030    1.679  
  u_mult4/g2034__6417/Y   -      A1->Y   R     AOI221X1        2  0.039   0.052    1.731  
  u_mult4/g2031__2346/Y   -      B->Y    F     NOR2XL          1  0.056   0.030    1.761  
  u_mult4/g2022__6131/CO  -      CI->CO  F     ADDFX1          1  0.023   0.047    1.807  
  u_mult4/g2021__7098/S   -      CI->S   R     ADDFX1          2  0.014   0.064    1.872  
  u_mult4/g2019__5122/Y   -      C->Y    F     NAND3BXL        2  0.013   0.027    1.899  
  u_mult4/g2018/Y         -      A->Y    R     INVXL           1  0.036   0.019    1.918  
  u_mult4/g2017__1705/Y   -      A1->Y   F     AOI221X1        3  0.014   0.036    1.953  
  u_mult4/g2015__1617/Y   -      B->Y    R     NOR2XL          2  0.045   0.033    1.987  
  u_mult4/g2011__5526/Y   -      B->Y    F     NAND2XL         1  0.032   0.024    2.011  
  u_mult4/g2004__2398/Y   -      B->Y    R     XNOR2X1         4  0.022   0.041    2.052  
  u_mult4/g2002__6417/Y   -      B->Y    F     NOR2XL          3  0.017   0.017    2.070  
  u_mult4/g1999__2346/Y   -      B0->Y   R     AOI21XL         2  0.021   0.026    2.096  
  u_mult4/g1997/Y         -      A->Y    F     INVXL           1  0.030   0.015    2.111  
  u_mult4/g1994__6161/Y   -      A1->Y   R     AOI22XL         1  0.009   0.025    2.136  
  u_mult4/g1990__1881/Y   -      A1->Y   F     OAI221X1        1  0.030   0.043    2.179  
  u_xor1/g40__7410/Y      -      B->Y    R     CLKXOR2X1       4  0.047   0.040    2.219  
  u_div2/g2164/Y          -      A->Y    F     INVX1           5  0.021   0.020    2.240  
  u_div2/g2145__7098/Y    -      AN->Y   F     NAND3BXL        2  0.023   0.040    2.280  
  u_div2/g2132__5107/Y    -      B1->Y   R     OAI222XL        3  0.040   0.054    2.333  
  u_div2/g2122__6161/Y    -      B->Y    F     NAND2BXL        2  0.084   0.043    2.376  
  u_div2/g2116__7098/Y    -      AN->Y   F     NOR2BX1         1  0.030   0.022    2.399  
  u_div2/g2115__8246/Y    -      A1->Y   F     OA21X1          1  0.009   0.032    2.431  
  u_div2/g2114__5122/Y    -      A1->Y   R     OAI22XL         7  0.007   0.072    2.503  
  u_div2/g2113__1705/Y    -      B->Y    F     NOR2XL          1  0.122   0.054    2.556  
  u_div2/g2104__5107/CO   -      B->CO   F     ADDFX1          1  0.036   0.051    2.608  
  u_div2/g2102__2398/CO   -      CI->CO  F     ADDFX1          1  0.015   0.043    2.651  
  u_div2/g2099__6417/Y    -      B->Y    R     XNOR2X1         3  0.011   0.041    2.692  
  u_div2/g2096__2346/Y    -      B->Y    R     OR2X1           4  0.018   0.025    2.717  
  u_div2/g2092__6161/Y    -      AN->Y   R     NAND3BXL        1  0.020   0.021    2.738  
  u_div2/g2088__1881/Y    -      C0->Y   F     OAI221X1        1  0.034   0.039    2.778  
  u_div2/g2084__5122/Y    -      AN->Y   F     NAND3BXL        1  0.038   0.040    2.818  
  u_lamb2/q_reg[2]/D      -      D       F     DFFRX2          1  0.037   0.000    2.818  
#---------------------------------------------------------------------------------------

