###############################################################
#  Generated by:      Cadence Innovus 21.15-s110_1
#  OS:                Linux x86_64(Host ID eltonsilva)
#  Generated on:      Thu Oct  9 11:02:54 2025
#  Design:            bch_bm_block
#  Command:           report_timing -unconstrained > $lyt/${design}/reports/${design}_setup_s_timing.rpt
###############################################################
Path 1:
               View: analysis_normal_slow_max
         Startpoint: (R) u_lamb1/q_reg[2]/CK
              Clock:
           Endpoint: (R) u_lamb2/q_reg[2]/D
              Clock:

                       Capture       Launch
        Src Latency:+    0.000        0.000
        Net Latency:+    0.000 (I)    0.000 (I)
            Arrival:=    0.000        0.000

       Launch Clock:=    0.000
          Data Path:+   14.350

#---------------------------------------------------------------------------------------
# Timing Point            Flags  Arc     Edge  Cell       Fanout  Trans   Delay  Arrival  
#                                                                  (ns)    (ns)     (ns)  
#---------------------------------------------------------------------------------------
  u_lamb1/q_reg[2]/CK     -      CK      R     (arrival)       8  0.004       -    0.000  
  u_lamb1/q_reg[2]/Q      -      CK->Q   R     DFFRX2         11  0.004   0.575    0.575  
  u_mult1/g2065/Y         -      A->Y    F     INVX1           2  0.575   0.368    0.944  
  u_mult1/g2058__5477/Y   -      B->Y    R     NOR2XL          4  0.139   0.186    1.129  
  u_mult1/g2044__1881/Y   -      B->Y    F     NOR2XL          1  0.201   0.166    1.295  
  u_mult1/g2034__5526/Y   -      C0->Y   R     AOI221X1        2  0.144   0.184    1.479  
  u_mult1/g2031__6260/Y   -      B->Y    F     NOR2XL          1  0.180   0.152    1.631  
  u_mult1/g2022__9945/CO  -      CI->CO  F     ADDFX1          1  0.079   0.193    1.823  
  u_mult1/g2021__9315/S   -      CI->S   R     ADDFX1          2  0.048   0.297    2.121  
  u_mult1/g2019__4733/Y   -      C->Y    F     NAND3BXL        2  0.051   0.208    2.328  
  u_mult1/g2018/Y         -      A->Y    R     INVXL           1  0.288   0.195    2.524  
  u_mult1/g2017__7482/Y   -      A1->Y   F     AOI221X1        3  0.073   0.156    2.680  
  u_mult1/g2015__1881/Y   -      B->Y    R     NOR2XL          2  0.154   0.183    2.863  
  u_mult1/g2011__8246/Y   -      B->Y    F     NAND2XL         1  0.168   0.168    3.031  
  u_mult1/g2004__3680/Y   -      B->Y    F     XNOR2X1         4  0.113   0.178    3.209  
  u_mult1/g2002__5526/Y   -      B->Y    R     NOR2XL          3  0.071   0.135    3.344  
  u_mult1/g1999__6260/Y   -      B0->Y   F     AOI21XL         2  0.158   0.143    3.486  
  u_mult1/g1997/Y         -      A->Y    R     INVXL           1  0.154   0.117    3.603  
  u_mult1/g1994__6417/Y   -      A1->Y   F     AOI22XL         1  0.058   0.153    3.756  
  u_mult1/g1990__2883/Y   -      A1->Y   R     OAI221X1        1  0.173   0.173    3.929  
  u_xor2/g40__5107/Y      -      B->Y    F     CLKXOR2X1       4  0.136   0.233    4.163  
  u_div1/g2164/Y          -      A->Y    R     INVX1           5  0.100   0.097    4.259  
  u_div1/g2145__6260/Y    -      AN->Y   R     NAND3BXL        2  0.081   0.101    4.360  
  u_div1/g2132__4733/Y    -      B1->Y   F     OAI222XL        3  0.064   0.478    4.838  
  u_div1/g2124__1705/Y    -      B->Y    R     NOR2BX1         2  0.654   0.405    5.243  
  u_div1/g2117__4319/Y    -      B->Y    F     NOR2BX1         1  0.150   0.109    5.352  
  u_div1/g2116__6260/Y    -      B->Y    R     NOR2BX1         1  0.052   0.062    5.414  
  u_div1/g2115__5107/Y    -      A1->Y   R     OA21X1          1  0.053   0.150    5.563  
  u_div1/g2114__2398/Y    -      A1->Y   F     OAI22XL         7  0.030   0.311    5.875  
  u_div1/g2113__5477/Y    -      B->Y    R     NOR2XL          1  0.476   0.336    6.211  
  u_div1/g2104__4733/CO   -      B->CO   R     ADDFX1          1  0.141   0.253    6.464  
  u_div1/g2102__7482/CO   -      CI->CO  R     ADDFX1          1  0.042   0.187    6.651  
  u_div1/g2099__1881/Y    -      B->Y    R     XNOR2X1         3  0.037   0.143    6.794  
  u_div1/g2096__8246/Y    -      B->Y    R     OR2X1           4  0.056   0.102    6.895  
  u_div1/g2092__1617/Y    -      AN->Y   R     NAND3BXL        1  0.054   0.087    6.982  
  u_div1/g2088__8428/Y    -      C0->Y   F     OAI221X1        1  0.149   0.214    7.196  
  u_div1/g2084__2398/Y    -      AN->Y   F     NAND3BXL        6  0.171   0.629    7.825  
  u_mult4/g2065/Y         -      A->Y    R     INVX1           2  0.851   0.501    8.327  
  u_mult4/g2058__9315/Y   -      B->Y    F     NOR2XL          4  0.170   0.177    8.504  
  u_mult4/g2034__6417/Y   -      A1->Y   R     AOI221X1        2  0.155   0.236    8.740  
  u_mult4/g2031__2346/Y   -      B->Y    F     NOR2XL          1  0.182   0.159    8.898  
  u_mult4/g2022__6131/CO  -      CI->CO  F     ADDFX1          1  0.089   0.198    9.096  
  u_mult4/g2021__7098/S   -      CI->S   R     ADDFX1          2  0.049   0.296    9.391  
  u_mult4/g2019__5122/Y   -      C->Y    F     NAND3BXL        2  0.048   0.142    9.534  
  u_mult4/g2018/Y         -      A->Y    R     INVXL           1  0.179   0.129    9.663  
  u_mult4/g2017__1705/Y   -      A1->Y   F     AOI221X1        3  0.056   0.161    9.824  
  u_mult4/g2015__1617/Y   -      B->Y    R     NOR2XL          2  0.176   0.155    9.979  
  u_mult4/g2011__5526/Y   -      B->Y    F     NAND2XL         1  0.100   0.117   10.095  
  u_mult4/g2004__2398/Y   -      B->Y    R     XNOR2X1         4  0.091   0.202   10.297  
  u_mult4/g2001__7410/Y   -      B->Y    F     NAND2BXL        3  0.054   0.172   10.469  
  u_mult4/g1995__9315/Y   -      AN->Y   F     NAND3BXL        2  0.232   0.333   10.802  
  u_mult4/g1990__1881/Y   -      C0->Y   R     OAI221X1        1  0.303   0.197   10.999  
  u_xor1/g40__7410/Y      -      B->Y    F     CLKXOR2X1       4  0.126   0.215   11.214  
  u_div2/g2164/Y          -      A->Y    R     INVX1           5  0.075   0.083   11.297  
  u_div2/g2145__7098/Y    -      AN->Y   R     NAND3BXL        2  0.079   0.101   11.398  
  u_div2/g2132__5107/Y    -      B1->Y   F     OAI222XL        3  0.067   0.358   11.756  
  u_div2/g2124__9945/Y    -      B->Y    R     NOR2BX1         2  0.447   0.288   12.044  
  u_div2/g2117__6131/Y    -      B->Y    F     NOR2BX1         1  0.119   0.089   12.134  
  u_div2/g2116__7098/Y    -      B->Y    R     NOR2BX1         1  0.045   0.058   12.191  
  u_div2/g2115__8246/Y    -      A1->Y   R     OA21X1          1  0.052   0.148   12.339  
  u_div2/g2114__5122/Y    -      A1->Y   F     OAI22XL         7  0.027   0.302   12.641  
  u_div2/g2113__1705/Y    -      B->Y    R     NOR2XL          1  0.463   0.336   12.977  
  u_div2/g2104__5107/CO   -      B->CO   R     ADDFX1          1  0.153   0.262   13.239  
  u_div2/g2102__2398/CO   -      CI->CO  R     ADDFX1          1  0.047   0.189   13.428  
  u_div2/g2099__6417/Y    -      B->Y    R     XNOR2X1         3  0.036   0.143   13.571  
  u_div2/g2097__1666/Y    -      B->Y    F     NAND2XL         4  0.058   0.177   13.748  
  u_div2/g2094__9945/Y    -      AN->Y   F     NAND3BXL        2  0.244   0.359   14.107  
  u_div2/g2084__5122/Y    -      B->Y    R     NAND3BXL        1  0.340   0.243   14.350  
  u_lamb2/q_reg[2]/D      -      D       R     DFFRX2          1  0.101   0.000   14.350  
#---------------------------------------------------------------------------------------

