###############################################################
#  Generated by:      Cadence Innovus 21.15-s110_1
#  OS:                Linux x86_64(Host ID eltonsilva)
#  Generated on:      Mon Oct  6 17:07:03 2025
#  Design:            bch_toplevel
#  Command:           report_timing -unconstrained > $lyt/${design}/reports/${design}_setup_s_timing.rpt
###############################################################
Path 1:
               View: analysis_normal_slow_max
         Startpoint: (R) codeword[3]
              Clock:
           Endpoint: (R) bm/u_lamb2/q_reg[2]/D
              Clock:

                       Capture       Launch
        Src Latency:+    0.000        0.000
        Net Latency:+    0.000 (I)    0.000 (I)
            Arrival:=    0.000        0.000

       Launch Clock:=    0.000
          Data Path:+   14.197

#-----------------------------------------------------------------------------------------------
# Timing Point               Flags  Arc          Edge  Cell       Fanout  Trans   Delay  Arrival  
#                                                                          (ns)    (ns)     (ns)  
#-----------------------------------------------------------------------------------------------
  codeword[3]                -      codeword[3]  R     (arrival)       2  0.004   0.000    0.000  
  sb/g999__1881/Y            -      A->Y         F     XNOR2X1         3  0.004   0.182    0.182  
  sb/g986__5526/Y            -      A->Y         R     XNOR2X1         2  0.056   0.218    0.400  
  sb/g2__6161/Y              -      B->Y         F     XOR2XL         34  0.049   0.679    1.079  
  bm/u_mult1/g2067/Y         -      A->Y         R     INVXL           2  1.013   0.646    1.725  
  bm/u_mult1/g2055__7410/Y   -      B->Y         F     NOR2XL          2  0.198   0.173    1.898  
  bm/u_mult1/g2040__8246/Y   -      B0->Y        R     AOI31X1         1  0.129   0.141    2.039  
  bm/u_mult1/g2027__5477/Y   -      A0->Y        F     OAI221X1        1  0.119   0.277    2.316  
  bm/u_mult1/g2022__2883/CO  -      B->CO        F     ADDFX1          1  0.236   0.271    2.588  
  bm/u_mult1/g2021__9945/S   -      CI->S        R     ADDFX1          2  0.054   0.301    2.889  
  bm/u_mult1/g2019__6161/Y   -      C->Y         F     NAND3BXL        2  0.054   0.190    3.079  
  bm/u_mult1/g2018__4733/Y   -      B->Y         R     NOR2XL          1  0.255   0.177    3.255  
  bm/u_mult1/g2017__7482/Y   -      C0->Y        F     AOI211XL        3  0.066   0.095    3.351  
  bm/u_mult1/g2015__1881/Y   -      B->Y         R     NOR2XL          2  0.221   0.194    3.545  
  bm/u_mult1/g2011__8246/Y   -      B->Y         F     NAND2XL         1  0.126   0.137    3.681  
  bm/u_mult1/g2004__3680/Y   -      B->Y         F     XNOR2X1         4  0.100   0.174    3.856  
  bm/u_mult1/g2002__5526/Y   -      B->Y         R     NOR2XL          3  0.075   0.119    3.974  
  bm/u_mult1/g1999__6260/Y   -      B0->Y        F     AOI21XL         2  0.128   0.119    4.093  
  bm/u_mult1/g1997/Y         -      A->Y         R     INVXL           1  0.140   0.099    4.192  
  bm/u_mult1/g1994__6417/Y   -      A1->Y        F     AOI22XL         1  0.038   0.161    4.353  
  bm/u_mult1/g1990__2883/Y   -      A1->Y        R     OAI221X1        1  0.207   0.181    4.534  
  bm/u_xor2/g40__8428/Y      -      B->Y         F     CLKXOR2X1       5  0.118   0.215    4.749  
  bm/u_div1/g2143__2398/Y    -      A1->Y        R     AOI21XL         1  0.082   0.091    4.840  
  bm/u_div1/g2132__4733/Y    -      A1->Y        F     OAI222XL        3  0.057   0.340    5.180  
  bm/u_div1/g2122__1617/Y    -      B->Y         R     NAND2BXL        2  0.398   0.271    5.451  
  bm/u_div1/g2116__6260/Y    -      AN->Y        R     NOR2BX1         1  0.104   0.126    5.577  
  bm/u_div1/g2115__5107/Y    -      A1->Y        R     OA21X1          1  0.044   0.143    5.720  
  bm/u_div1/g2114__2398/Y    -      A1->Y        F     OAI22XL         7  0.027   0.296    6.017  
  bm/u_div1/g2113__5477/Y    -      B->Y         R     NOR2XL          1  0.453   0.318    6.335  
  bm/u_div1/g2104__4733/CO   -      B->CO        R     ADDFX1          1  0.131   0.249    6.584  
  bm/u_div1/g2102__7482/CO   -      CI->CO       R     ADDFX1          1  0.044   0.187    6.771  
  bm/u_div1/g2099__1881/Y    -      B->Y         R     XNOR2X1         3  0.036   0.141    6.912  
  bm/u_div1/g2097__7098/Y    -      B->Y         F     NAND2XL         4  0.055   0.181    7.094  
  bm/u_div1/g2091__3680/Y    -      AN->Y        F     NAND3BXL        3  0.257   0.352    7.445  
  bm/u_div1/g2085__5107/Y    -      C0->Y        R     OAI211X1        1  0.319   0.207    7.652  
  bm/g80__9315/Y             -      A->Y         R     AND2X1          8  0.130   0.224    7.876  
  bm/u_mult4/g2052__4733/Y   -      A->Y         F     NAND2XL         3  0.124   0.229    8.105  
  bm/u_mult4/g2048/Y         -      A->Y         R     INVX1           2  0.245   0.163    8.269  
  bm/u_mult4/g2034__5107/Y   -      A0->Y        F     AOI221X1        2  0.077   0.162    8.431  
  bm/u_mult4/g2031__6417/Y   -      B->Y         R     NOR2XL          1  0.153   0.142    8.573  
  bm/u_mult4/g2022__7482/CO  -      CI->CO       R     ADDFX1          1  0.098   0.219    8.792  
  bm/u_mult4/g2021__5115/S   -      CI->S        R     ADDFX1          2  0.043   0.265    9.057  
  bm/u_mult4/g2019__6131/Y   -      C->Y         F     NAND3BXL        2  0.048   0.151    9.208  
  bm/u_mult4/g2018/Y         -      A->Y         R     INVXL           1  0.194   0.137    9.345  
  bm/u_mult4/g2017__7098/Y   -      A1->Y        F     AOI221X1        3  0.058   0.153    9.499  
  bm/u_mult4/g2015__5122/Y   -      B->Y         R     NOR2XL          2  0.162   0.159    9.657  
  bm/u_mult4/g2011__1617/Y   -      B->Y         F     NAND2XL         1  0.119   0.130    9.787  
  bm/u_mult4/g2004__4319/Y   -      B->Y         R     XNOR2X1         4  0.096   0.214   10.001  
  bm/u_mult4/g2002__5107/Y   -      B->Y         F     NOR2XL          3  0.072   0.096   10.097  
  bm/u_mult4/g1999__6417/Y   -      B0->Y        R     AOI21XL         2  0.097   0.120   10.217  
  bm/u_mult4/g1997/Y         -      A->Y         F     INVXL           1  0.104   0.085   10.302  
  bm/u_mult4/g1994__2883/Y   -      A1->Y        R     AOI22XL         1  0.038   0.113   10.415  
  bm/u_mult4/g1990__4733/Y   -      A1->Y        F     OAI221X1        1  0.120   0.236   10.650  
  bm/u_xor1/g40__2398/Y      -      B->Y         F     CLKXOR2X1       4  0.211   0.221   10.871  
  bm/u_div2/g2164/Y          -      A->Y         R     INVX1           5  0.086   0.089   10.960  
  bm/u_div2/g2145__7098/Y    -      AN->Y        R     NAND3BXL        2  0.079   0.101   11.061  
  bm/u_div2/g2132__5107/Y    -      B1->Y        F     OAI222XL        3  0.061   0.421   11.482  
  bm/u_div2/g2122__6161/Y    -      B->Y         R     NAND2BXL        2  0.560   0.373   11.856  
  bm/u_div2/g2116__7098/Y    -      AN->Y        R     NOR2BX1         1  0.133   0.140   11.995  
  bm/u_div2/g2115__8246/Y    -      A1->Y        R     OA21X1          1  0.043   0.144   12.140  
  bm/u_div2/g2114__5122/Y    -      A1->Y        F     OAI22XL         7  0.030   0.300   12.440  
  bm/u_div2/g2113__1705/Y    -      B->Y         R     NOR2XL          1  0.456   0.321   12.762  
  bm/u_div2/g2104__5107/CO   -      B->CO        R     ADDFX1          1  0.134   0.253   13.015  
  bm/u_div2/g2102__2398/CO   -      CI->CO       R     ADDFX1          1  0.049   0.190   13.205  
  bm/u_div2/g2099__6417/Y    -      B->Y         R     XNOR2X1         3  0.037   0.137   13.341  
  bm/u_div2/g2097__1666/Y    -      B->Y         F     NAND2XL         4  0.045   0.151   13.493  
  bm/u_div2/g2091__4733/Y    -      AN->Y        F     NAND3BXL        3  0.212   0.337   13.830  
  bm/u_div2/g2084__5122/Y    -      C->Y         R     NAND3BXL        1  0.324   0.220   14.050  
  bm/g69__6131/Y             -      A->Y         R     AND2X1          1  0.082   0.147   14.197  
  bm/u_lamb2/q_reg[2]/D      -      D            R     DFFRHQX1        1  0.025   0.000   14.197  
#-----------------------------------------------------------------------------------------------

