###############################################################
#  Generated by:      Cadence Innovus 21.15-s110_1
#  OS:                Linux x86_64(Host ID eltonsilva)
#  Generated on:      Tue Sep 16 12:28:48 2025
#  Design:            bch_toplevel
###############################################################
Path 1:
               View: analysis_normal_fast_min
         Startpoint: (F) rst
              Clock:
           Endpoint: (F) corrected_codeword_reg[7]/RN
              Clock:

                       Capture       Launch
        Src Latency:+    0.000        0.000
        Net Latency:+    0.000 (I)    0.000 (I)
            Arrival:=    0.000        0.000

       Launch Clock:=    0.000
          Data Path:+    0.000

#------------------------------------------------------------------------------------------
# Timing Point                  Flags  Arc  Edge  Cell       Fanout  Trans   Delay  Arrival  
#                                                                     (ns)    (ns)     (ns)  
#------------------------------------------------------------------------------------------
  rst                           -      rst  F     (arrival)      24  0.004   0.000    0.000  
  corrected_codeword_reg[7]/RN  -      RN   F     DFFRX2         24  0.004   0.000    0.000  
#------------------------------------------------------------------------------------------

