###############################################################
#  Generated by:      Cadence Innovus 21.15-s110_1
#  OS:                Linux x86_64(Host ID eltonsilva)
#  Generated on:      Tue Sep 16 12:28:47 2025
#  Design:            bch_toplevel
###############################################################
Path 1:
               View: analysis_normal_slow_max
         Startpoint: (F) codeword[8]
              Clock:
           Endpoint: (R) bm_lambda2_reg[2]/D
              Clock:

                       Capture       Launch
        Src Latency:+    0.000        0.000
        Net Latency:+    0.000 (I)    0.000 (I)
            Arrival:=    0.000        0.000

       Launch Clock:=    0.000
          Data Path:+   13.952

#-----------------------------------------------------------------------------------------
# Timing Point         Flags  Arc          Edge  Cell       Fanout  Trans   Delay  Arrival  
#                                                                    (ns)    (ns)     (ns)  
#-----------------------------------------------------------------------------------------
  codeword[8]          -      codeword[8]  F     (arrival)       5  0.004   0.000    0.000  
  g334629/Y            -      A->Y         R     INVXL           4  0.004   0.063    0.063  
  g334671/Y            -      B->Y         F     MXI2XL          1  0.099   0.179    0.242  
  g334454__1705/Y      -      B->Y         R     XNOR2X1         1  0.164   0.215    0.457  
  g334303__2802/Y      -      A->Y         F     XNOR2X1         5  0.026   0.198    0.655  
  g334292/Y            -      A->Y         R     INVXL           4  0.069   0.096    0.751  
  g334271__6417/Y      -      B->Y         F     NAND2XL         2  0.100   0.133    0.883  
  g334237__2346/Y      -      A1->Y        R     OAI22XL         1  0.119   0.126    1.010  
  g334219__1705/Y      -      A1->Y        F     AOI22XL        10  0.107   0.698    1.708  
  g334709/Y            -      B->Y         R     NOR2BX1         2  1.075   0.648    2.356  
  g334150__5477/CO     -      CI->CO       R     ADDFX1          1  0.222   0.281    2.637  
  g334122__6260/CO     -      CI->CO       R     ADDFX1          2  0.044   0.194    2.831  
  g334113__7410/Y      -      B->Y         R     XNOR2X1         2  0.051   0.138    2.969  
  g334109__9945/Y      -      A2->Y        F     AOI32X1         1  0.036   0.153    3.122  
  g334105__7482/Y      -      B->Y         R     NAND2XL         2  0.169   0.128    3.251  
  g334101__7098/Y      -      B->Y         F     NAND2XL         2  0.064   0.120    3.371  
  g334090__6783/Y      -      B->Y         R     NOR2BX1         2  0.131   0.119    3.490  
  g334073__7410/Y      -      B->Y         F     NAND2XL         1  0.088   0.111    3.601  
  g334057__5122/Y      -      B->Y         R     XNOR2X1         5  0.093   0.216    3.817  
  g334042__7410/Y      -      C->Y         F     NAND3XL         3  0.078   0.243    4.060  
  g334032__8246/Y      -      B1->Y        R     OAI222XL        1  0.326   0.266    4.326  
  g334024__5107/Y      -      A->Y         F     XNOR2X1         5  0.187   0.297    4.623  
  g334022/Y            -      A->Y         R     INVXL           3  0.107   0.096    4.719  
  g334012__9945/Y      -      B->Y         F     NAND2XL         3  0.065   0.129    4.848  
  g334009/Y            -      A->Y         R     INVXL           1  0.147   0.105    4.953  
  g334000__6131/Y      -      A1->Y        F     OAI222XL        2  0.043   0.284    5.237  
  g333999__1617/Y      -      B->Y         R     NOR2XL          3  0.315   0.250    5.487  
  g333985__6260/Y      -      A0->Y        R     OA21X1          1  0.157   0.227    5.714  
  g333984__5107/Y      -      A1->Y        R     OA21X1          1  0.033   0.137    5.851  
  g333983__2398/Y      -      A1->Y        F     OAI21XL         7  0.025   0.236    6.087  
  g333982__5477/Y      -      B->Y         R     NOR2XL          2  0.371   0.286    6.373  
  g333969__5115/CO     -      B->CO        R     ADDFX1          1  0.151   0.258    6.631  
  g333965__8246/S      -      CI->S        F     ADDFX1          5  0.042   0.293    6.925  
  g333963__5122/Y      -      B->Y         R     NAND2XL         4  0.083   0.102    7.027  
  g333960__2802/Y      -      A->Y         R     AND2X1          1  0.229   0.215    7.242  
  g333951__2398/Y      -      B0->Y        F     OAI222XL        1  0.023   0.239    7.480  
  g333947__7410/Y      -      B->Y         R     NOR2XL          4  0.232   0.288    7.768  
  g333935__6161/Y      -      B->Y         F     NAND3XL         1  0.277   0.278    8.046  
  g333931__1881/Y      -      C0->Y        R     OAI221X1        1  0.163   0.115    8.161  
  g333929__7098/CO     -      CI->CO       R     ADDFX1          1  0.113   0.229    8.391  
  g333928__8246/CO     -      CI->CO       R     ADDFX1          2  0.049   0.196    8.587  
  g333926__1705/Y      -      B->Y         R     XNOR2X1         2  0.049   0.137    8.724  
  g333925__2802/Y      -      D->Y         F     NAND4XL         1  0.035   0.169    8.893  
  g333924__1617/Y      -      C->Y         R     NAND3BXL        2  0.233   0.182    9.075  
  g333923__3680/Y      -      A->Y         R     AND2X1          2  0.100   0.162    9.238  
  g333921__5526/Y      -      B->Y         F     NAND2XL         2  0.038   0.094    9.331  
  g333914__5107/Y      -      B->Y         F     XNOR2X1         2  0.111   0.158    9.490  
  g333913__5477/Y      -      B->Y         R     NAND2XL         4  0.036   0.066    9.555  
  g333911__7410/Y      -      B->Y         F     NOR2XL          3  0.216   0.186    9.741  
  g333909__6161/Y      -      B0->Y        R     AOI21XL         1  0.103   0.106    9.847  
  g333901__1881/Y      -      A1->Y        F     OAI222XL        1  0.100   0.343   10.191  
  g333898__5122/Y      -      A->Y         F     XNOR2X1         1  0.363   0.306   10.496  
  g333893__3680/Y      -      B->Y         R     XNOR2X1         1  0.033   0.165   10.661  
  g333888__4319/Y      -      B->Y         F     XNOR2X1         6  0.029   0.173   10.834  
  g333887/Y            -      A->Y         R     INVXL           2  0.114   0.091   10.925  
  g333877__6417/Y      -      A->Y         F     NAND2XL         3  0.049   0.160   11.085  
  g333876/Y            -      A->Y         R     INVXL           1  0.201   0.141   11.226  
  g333871__6161/Y      -      A1->Y        F     OAI222XL        2  0.057   0.358   11.584  
  g333865__6131/Y      -      B->Y         R     NOR2XL          3  0.428   0.321   11.905  
  g333855__6783/Y      -      A0->Y        F     OAI21XL         1  0.170   0.190   12.095  
  g333854__5526/Y      -      A1->Y        R     AOI21XL         1  0.104   0.117   12.212  
  g333853__8428/Y      -      A1->Y        F     OAI21XL         6  0.091   0.225   12.437  
  g333849__6260/Y      -      A->Y         R     XNOR2X1         1  0.282   0.313   12.750  
  g333840__9945/CO     -      CI->CO       R     ADDFX1          1  0.041   0.191   12.941  
  g333836__4733/CO     -      CI->CO       R     ADDFX1          1  0.045   0.187   13.128  
  g333832__1881/Y      -      B->Y         F     XNOR2X1         5  0.036   0.162   13.290  
  g333827__8246/Y      -      AN->Y        F     NAND2BXL        4  0.087   0.210   13.500  
  g333823__1617/Y      -      A1->Y        F     OA22X1          1  0.237   0.259   13.759  
  g333819__4319/Y      -      B1->Y        R     OAI32X1         1  0.036   0.061   13.819  
  g333813__2398/Y      -      B->Y         R     OR2X1           1  0.153   0.133   13.952  
  bm_lambda2_reg[2]/D  -      D            R     DFFRX1          1  0.025   0.000   13.952  
#-----------------------------------------------------------------------------------------

