###############################################################
#  Generated by:      Cadence Innovus 21.15-s110_1
#  OS:                Linux x86_64(Host ID eltonsilva)
#  Generated on:      Mon Oct  6 17:07:03 2025
#  Design:            bch_toplevel
#  Command:           report_timing -unconstrained > $lyt/${design}/reports/${design}_setup_f_timing.rpt
###############################################################
Path 1:
               View: analysis_normal_fast_min
         Startpoint: (F) codeword[9]
              Clock:
           Endpoint: (R) bm/u_lamb2/q_reg[2]/D
              Clock:

                       Capture       Launch
        Src Latency:+    0.000        0.000
        Net Latency:+    0.000 (I)    0.000 (I)
            Arrival:=    0.000        0.000

       Launch Clock:=    0.000
          Data Path:+    2.819

#-----------------------------------------------------------------------------------------------
# Timing Point               Flags  Arc          Edge  Cell       Fanout  Trans   Delay  Arrival  
#                                                                          (ns)    (ns)     (ns)  
#-----------------------------------------------------------------------------------------------
  codeword[9]                -      codeword[9]  F     (arrival)       4  0.004   0.000    0.000  
  sb/g991__1705/Y            -      A->Y         R     XNOR2X1         1  0.004   0.041    0.041  
  sb/g985__8428/Y            -      A->Y         F     XNOR2X1         1  0.007   0.043    0.085  
  sb/g2__6161/Y              -      A->Y         R     XOR2XL         34  0.008   0.183    0.268  
  bm/u_mult1/g2053__1666/Y   -      B->Y         F     NAND2XL         4  0.273   0.127    0.395  
  bm/u_mult1/g2041__7098/Y   -      A->Y         R     NOR2XL          1  0.083   0.040    0.435  
  bm/u_mult1/g2037__2802/Y   -      C0->Y        F     AOI221X1        2  0.026   0.019    0.455  
  bm/u_mult1/g2031__4319/Y   -      B->Y         R     NOR2XL          1  0.064   0.039    0.494  
  bm/u_mult1/g2022__2883/CO  -      CI->CO       R     ADDFX1          1  0.032   0.045    0.538  
  bm/u_mult1/g2021__9945/S   -      CI->S        R     ADDFX1          2  0.014   0.052    0.591  
  bm/u_mult1/g2019__6161/Y   -      C->Y         F     NAND3BXL        2  0.014   0.034    0.625  
  bm/u_mult1/g2018__4733/Y   -      B->Y         R     NOR2XL          1  0.048   0.026    0.651  
  bm/u_mult1/g2017__7482/Y   -      C0->Y        F     AOI211XL        3  0.019   0.020    0.671  
  bm/u_mult1/g2015__1881/Y   -      B->Y         R     NOR2XL          2  0.048   0.038    0.709  
  bm/u_mult1/g2011__8246/Y   -      B->Y         F     NAND2XL         1  0.038   0.027    0.736  
  bm/u_mult1/g2004__3680/Y   -      B->Y         R     XNOR2X1         4  0.023   0.044    0.779  
  bm/u_mult1/g2002__5526/Y   -      B->Y         F     NOR2XL          3  0.020   0.018    0.797  
  bm/u_mult1/g1999__6260/Y   -      B0->Y        R     AOI21XL         2  0.020   0.027    0.825  
  bm/u_mult1/g1997/Y         -      A->Y         F     INVXL           1  0.032   0.016    0.841  
  bm/u_mult1/g1994__6417/Y   -      A1->Y        R     AOI22XL         1  0.009   0.032    0.872  
  bm/u_mult1/g1990__2883/Y   -      A1->Y        F     OAI221X1        1  0.043   0.044    0.916  
  bm/u_xor2/g40__8428/Y      -      B->Y         R     CLKXOR2X1       5  0.042   0.041    0.958  
  bm/u_div1/g2145__6260/Y    -      C->Y         F     NAND3XL         2  0.024   0.033    0.990  
  bm/u_div1/g2132__4733/Y    -      B1->Y        R     OAI222XL        3  0.040   0.051    1.041  
  bm/u_div1/g2122__1617/Y    -      B->Y         F     NAND2BXL        2  0.079   0.043    1.083  
  bm/u_div1/g2116__6260/Y    -      AN->Y        F     NOR2BX1         1  0.031   0.022    1.105  
  bm/u_div1/g2115__5107/Y    -      A1->Y        F     OA21X1          1  0.008   0.032    1.137  
  bm/u_div1/g2114__2398/Y    -      A1->Y        R     OAI22XL         7  0.007   0.072    1.209  
  bm/u_div1/g2113__5477/Y    -      B->Y         F     NOR2XL          1  0.123   0.052    1.262  
  bm/u_div1/g2104__4733/CO   -      B->CO        F     ADDFX1          1  0.034   0.050    1.312  
  bm/u_div1/g2102__7482/CO   -      CI->CO       F     ADDFX1          1  0.014   0.043    1.355  
  bm/u_div1/g2099__1881/Y    -      B->Y         R     XNOR2X1         3  0.011   0.040    1.396  
  bm/u_div1/g2097__7098/Y    -      B->Y         F     NAND2XL         4  0.017   0.037    1.433  
  bm/u_div1/g2091__3680/Y    -      AN->Y        F     NAND3BXL        3  0.058   0.057    1.490  
  bm/u_div1/g2084__2398/Y    -      C->Y         R     NAND3BXL        1  0.062   0.032    1.522  
  bm/g78__4733/Y             -      A->Y         R     AND2X1          6  0.024   0.042    1.564  
  bm/u_mult4/g2065/Y         -      A->Y         F     INVX1           2  0.034   0.017    1.581  
  bm/u_mult4/g2058__2346/Y   -      B->Y         R     NOR2XL          4  0.013   0.036    1.618  
  bm/u_mult4/g2047__6131/Y   -      B->Y         F     NOR2XL          1  0.055   0.026    1.644  
  bm/u_mult4/g2034__5107/Y   -      C0->Y        R     AOI221X1        2  0.016   0.035    1.678  
  bm/u_mult4/g2031__6417/Y   -      B->Y         F     NOR2XL          1  0.047   0.025    1.704  
  bm/u_mult4/g2022__7482/CO  -      CI->CO       F     ADDFX1          1  0.022   0.046    1.750  
  bm/u_mult4/g2021__5115/S   -      CI->S        R     ADDFX1          2  0.014   0.064    1.814  
  bm/u_mult4/g2019__6131/Y   -      C->Y         F     NAND3BXL        2  0.012   0.028    1.843  
  bm/u_mult4/g2018/Y         -      A->Y         R     INVXL           1  0.038   0.020    1.862  
  bm/u_mult4/g2017__7098/Y   -      A1->Y        F     AOI221X1        3  0.014   0.034    1.896  
  bm/u_mult4/g2015__5122/Y   -      B->Y         R     NOR2XL          2  0.043   0.035    1.931  
  bm/u_mult4/g2011__1617/Y   -      B->Y         F     NAND2XL         1  0.036   0.026    1.957  
  bm/u_mult4/g2004__4319/Y   -      B->Y         R     XNOR2X1         4  0.023   0.044    2.001  
  bm/u_mult4/g2002__5107/Y   -      B->Y         F     NOR2XL          3  0.022   0.020    2.021  
  bm/u_mult4/g1999__6417/Y   -      B0->Y        R     AOI21XL         2  0.022   0.027    2.048  
  bm/u_mult4/g1997/Y         -      A->Y         F     INVXL           1  0.032   0.016    2.064  
  bm/u_mult4/g1994__2883/Y   -      A1->Y        R     AOI22XL         1  0.009   0.029    2.093  
  bm/u_mult4/g1990__4733/Y   -      A1->Y        F     OAI221X1        1  0.037   0.047    2.140  
  bm/u_xor1/g40__2398/Y      -      B->Y         R     CLKXOR2X1       4  0.050   0.042    2.182  
  bm/u_div2/g2164/Y          -      A->Y         F     INVX1           5  0.024   0.021    2.203  
  bm/u_div2/g2145__7098/Y    -      AN->Y        F     NAND3BXL        2  0.024   0.040    2.243  
  bm/u_div2/g2132__5107/Y    -      B1->Y        R     OAI222XL        3  0.039   0.062    2.305  
  bm/u_div2/g2122__6161/Y    -      B->Y         F     NAND2BXL        2  0.099   0.051    2.356  
  bm/u_div2/g2116__7098/Y    -      AN->Y        F     NOR2BX1         1  0.036   0.022    2.378  
  bm/u_div2/g2115__8246/Y    -      A1->Y        F     OA21X1          1  0.008   0.033    2.411  
  bm/u_div2/g2114__5122/Y    -      A1->Y        R     OAI22XL         7  0.008   0.073    2.483  
  bm/u_div2/g2113__1705/Y    -      B->Y         F     NOR2XL          1  0.124   0.053    2.537  
  bm/u_div2/g2104__5107/CO   -      B->CO        F     ADDFX1          1  0.035   0.051    2.588  
  bm/u_div2/g2102__2398/CO   -      CI->CO       F     ADDFX1          1  0.015   0.044    2.632  
  bm/u_div2/g2099__6417/Y    -      B->Y         R     XNOR2X1         3  0.011   0.039    2.671  
  bm/u_div2/g2097__1666/Y    -      B->Y         F     NAND2XL         4  0.014   0.033    2.704  
  bm/u_div2/g2091__4733/Y    -      AN->Y        F     NAND3BXL        3  0.051   0.059    2.762  
  bm/u_div2/g2084__5122/Y    -      C->Y         R     NAND3BXL        1  0.065   0.030    2.792  
  bm/g69__6131/Y             -      A->Y         R     AND2X1          1  0.019   0.027    2.819  
  bm/u_lamb2/q_reg[2]/D      -      D            R     DFFRHQX1        1  0.007   0.000    2.819  
#-----------------------------------------------------------------------------------------------

