###############################################################
#  Generated by:      Cadence Innovus 21.15-s110_1
#  OS:                Linux x86_64(Host ID eltonsilva)
#  Generated on:      Thu Sep 11 10:01:24 2025
#  Design:            bch_toplevel
###############################################################
Path 1:
               View: analysis_normal_slow_max
         Startpoint: (F) codeword[7]
              Clock:
           Endpoint: (F) bm_lambda2_reg[3]/D
              Clock:

                       Capture       Launch
        Src Latency:+    0.000        0.000
        Net Latency:+    0.000 (I)    0.000 (I)
            Arrival:=    0.000        0.000

       Launch Clock:=    0.000
          Data Path:+   13.863

#-----------------------------------------------------------------------------------------
# Timing Point         Flags  Arc          Edge  Cell       Fanout  Trans   Delay  Arrival  
#                                                                    (ns)    (ns)     (ns)  
#-----------------------------------------------------------------------------------------
  codeword[7]          -      codeword[7]  F     (arrival)       3  0.004   0.000    0.000  
  g333955__7482/Y      -      A->Y         R     XNOR2X1         2  0.004   0.203    0.203  
  g333839__1881/Y      -      B->Y         F     XNOR2X1         2  0.060   0.163    0.366  
  g333701__8246/Y      -      B->Y         R     XNOR2X1         2  0.069   0.191    0.557  
  g333655__6161/Y      -      B->Y         F     XNOR2X1         1  0.050   0.137    0.693  
  g333627__6161/Y      -      B->Y         R     XNOR2X1         1  0.029   0.166    0.859  
  g333609__5107/Y      -      B->Y         F     XNOR2X1         7  0.034   0.202    1.062  
  g333602/Y            -      A->Y         R     INVXL           3  0.163   0.135    1.197  
  g333595__6417/Y      -      D->Y         R     OR4X1           1  0.082   0.108    1.305  
  g333570__1617/Y      -      C0->Y        F     OAI211X1        7  0.029   0.584    1.889  
  g333484__2346/CO     -      B->CO        F     ADDFX1          1  0.926   0.600    2.489  
  g333477__6131/CO     -      CI->CO       F     ADDFX1          1  0.064   0.185    2.674  
  g333468__5526/S      -      CI->S        R     ADDFX1          2  0.053   0.295    2.968  
  g333464__4319/Y      -      D->Y         F     NAND4XL         1  0.045   0.147    3.115  
  g333461__2398/Y      -      AN->Y        F     NOR2BX1         2  0.187   0.141    3.257  
  g333460__7410/Y      -      AN->Y        F     NAND2BXL        2  0.040   0.127    3.384  
  g333442__1881/Y      -      AN->Y        F     NAND2BXL        2  0.124   0.166    3.550  
  g333430__6783/Y      -      B->Y         R     NOR2BX1         1  0.133   0.107    3.656  
  g333412__1666/Y      -      B->Y         R     XNOR2X1         4  0.064   0.153    3.810  
  g333399__1705/Y      -      AN->Y        R     NOR2BX1         2  0.051   0.113    3.923  
  g333382__7410/Y      -      A1->Y        F     OAI222XL        1  0.071   0.273    4.196  
  g333376__6131/Y      -      A->Y         F     XNOR2X1         5  0.271   0.298    4.494  
  g333375/Y            -      A->Y         R     INVXL           5  0.104   0.110    4.604  
  g333374__1705/Y      -      B->Y         F     NOR2XL          4  0.093   0.117    4.721  
  g333372/Y            -      A->Y         R     INVXL           1  0.113   0.083    4.804  
  g333360__5107/Y      -      A1->Y        F     OAI222XL        3  0.036   0.324    5.128  
  g333351__7410/Y      -      B->Y         R     NAND2XL         2  0.390   0.263    5.391  
  g333347__5115/Y      -      B0->Y        F     OAI21XL         1  0.097   0.125    5.516  
  g333346__1881/Y      -      A1->Y        R     AOI21XL         1  0.090   0.101    5.617  
  g333345__6131/Y      -      A1->Y        F     OAI21XL         6  0.076   0.241    5.858  
  g333344/Y            -      A->Y         R     INVXL           3  0.326   0.228    6.087  
  g333341__2802/Y      -      B1->Y        F     OAI22XL         1  0.096   0.145    6.231  
  g333336__8428/Y      -      B->Y         R     XNOR2X1         1  0.154   0.216    6.448  
  g333328__2398/CO     -      CI->CO       R     ADDFX1          1  0.035   0.186    6.633  
  g333327__5477/CO     -      CI->CO       R     ADDFX1          1  0.042   0.188    6.821  
  g333324__1666/Y      -      B->Y         F     XNOR2X1         4  0.040   0.150    6.972  
  g333323/Y            -      A->Y         R     INVXL           2  0.062   0.057    7.029  
  g333320__9945/Y      -      A->Y         F     NOR2XL          2  0.037   0.061    7.089  
  g333317__4733/Y      -      AN->Y        F     NAND2BXL        2  0.056   0.129    7.219  
  g333311__7098/Y      -      A1->Y        R     AOI22XL         1  0.118   0.134    7.352  
  g333305__2802/Y      -      B->Y         F     NAND3XL         5  0.095   0.379    7.732  
  g333297__6783/Y      -      B0->Y        R     OAI21XL         1  0.505   0.331    8.063  
  g333295__8428/Y      -      C0->Y        F     OAI211X1        1  0.117   0.172    8.235  
  g333294__4319/Y      -      B0->Y        R     OAI2BB1X1       1  0.151   0.115    8.350  
  g333293__6260/CO     -      CI->CO       R     ADDFX1          1  0.065   0.203    8.553  
  g333292__5107/CO     -      CI->CO       R     ADDFX1          1  0.045   0.191    8.743  
  g333291__2398/S      -      CI->S        R     ADDFX1          2  0.042   0.271    9.014  
  g333290__5477/Y      -      A2->Y        F     AOI31X1         2  0.061   0.160    9.175  
  g333289__6417/Y      -      B->Y         F     OR2X1           2  0.163   0.165    9.340  
  g333286__1666/Y      -      AN->Y        F     NAND2BXL        2  0.036   0.132    9.472  
  g333281__9315/Y      -      AN->Y        F     NAND2BXL        1  0.136   0.142    9.614  
  g333277__5115/Y      -      B->Y         R     XNOR2X1         5  0.083   0.210    9.824  
  g333274__6131/Y      -      B->Y         F     NOR2XL          2  0.073   0.079    9.903  
  g333269__2802/Y      -      A1->Y        R     AOI21XL         1  0.066   0.082    9.985  
  g333266__5526/Y      -      A1->Y        F     OAI22XL         1  0.057   0.196   10.180  
  g333262__5107/Y      -      B->Y         R     XNOR2X1         1  0.245   0.288   10.469  
  g333254__7410/Y      -      B->Y         F     XNOR2X1         5  0.099   0.198   10.666  
  g333253/Y            -      A->Y         R     INVXL           5  0.100   0.124   10.790  
  g333244__5115/Y      -      B0->Y        F     OAI222XL        3  0.122   0.404   11.194  
  g333234__3680/Y      -      B->Y         R     NOR2XL          2  0.420   0.298   11.493  
  g333227__5107/Y      -      A1->Y        R     OA21X1          1  0.126   0.190   11.682  
  g333226__2398/Y      -      A1->Y        R     OA21X1          1  0.035   0.141   11.823  
  g333225__5477/Y      -      A1->Y        F     OAI21XL         7  0.031   0.240   12.063  
  g2/Y                 -      S0->Y        F     MXI2XL          1  0.370   0.262   12.325  
  g333216__5115/Y      -      B->Y         R     XNOR2X1         1  0.165   0.223   12.548  
  g333212__1881/CO     -      CI->CO       R     ADDFX1          1  0.040   0.196   12.744  
  g333211__6131/CO     -      CI->CO       R     ADDFX1          1  0.056   0.195   12.939  
  g333208__8246/Y      -      B->Y         F     XNOR2X1         6  0.039   0.169   13.108  
  g333205__5122/Y      -      B->Y         R     NAND2XL         2  0.099   0.085   13.193  
  g333204/Y            -      A->Y         F     INVXL           3  0.053   0.078   13.272  
  g333203__3680/Y      -      B0->Y        R     AOI21XL         2  0.078   0.144   13.416  
  g333197__4319/Y      -      B1->Y        F     OAI221X1        1  0.162   0.208   13.624  
  g333195/Y            -      A->Y         R     INVXL           1  0.146   0.112   13.736  
  g333191__2398/Y      -      B1->Y        F     OAI32X1         1  0.056   0.127   13.863  
  bm_lambda2_reg[3]/D  -      D            F     DFFRX1          1  0.145   0.000   13.863  
#-----------------------------------------------------------------------------------------

