###############################################################
#  Generated by:      Cadence Innovus 21.15-s110_1
#  OS:                Linux x86_64(Host ID eltonsilva)
#  Generated on:      Fri Sep  5 16:13:02 2025
#  Design:            syndrome_block_se
###############################################################
Path 1:
               View: analysis_normal_slow_max
         Startpoint: (R) i_CodeWord[10]
              Clock:
           Endpoint: (F) o_ErrorC
              Clock:

                       Capture       Launch
        Src Latency:+    0.000        0.000
        Net Latency:+    0.000 (I)    0.000 (I)
            Arrival:=    0.000        0.000

       Launch Clock:=    0.000
          Data Path:+    3.128

#---------------------------------------------------------------------------------------
# Timing Point    Flags  Arc             Edge  Cell       Fanout  Trans   Delay  Arrival  
#                                                                  (ns)    (ns)     (ns)  
#---------------------------------------------------------------------------------------
  i_CodeWord[10]  -      i_CodeWord[10]  R     (arrival)       4  0.004   0.000    0.000  
  g3504__7098/Y   -      A->Y            F     XNOR2X1         2  0.004   0.174    0.174  
  g3492__8428/Y   -      B->Y            R     XNOR2X1         1  0.041   0.172    0.346  
  g3487__5477/Y   -      B->Y            F     XNOR2X1         2  0.036   0.140    0.486  
  g3470__6161/Y   -      B->Y            R     XNOR2X1         1  0.047   0.172    0.658  
  g3465__5122/Y   -      B->Y            F     XNOR2X2         3  0.032   0.473    1.131  
  g3464/Y         -      A->Y            R     INVXL           3  0.617   0.417    1.548  
  g3512/Y         -      B->Y            F     NOR2BX1         3  0.159   0.127    1.674  
  g3456__6260/Y   -      A->Y            F     AND2X1          2  0.076   0.097    1.772  
  g3447__1881/Y   -      A2->Y           R     AOI31X1         1  0.042   0.077    1.848  
  g3436__6783/Y   -      A1->Y           F     OAI21XL         1  0.097   0.139    1.988  
  g3432__8428/Y   -      B1->Y           R     AOI32X1         1  0.136   0.144    2.132  
  g3429__4319/Y   -      D->Y            F     NAND4XL         1  0.122   0.212    2.344  
  g3428__6260/Y   -      D->Y            R     NOR4X1          2  0.235   0.205    2.549  
  g3427/Y         -      A->Y            F     INVXL           1  0.167   0.128    2.677  
  g3426__2398/Y   -      B->Y            F     OR2X2           1  0.049   0.451    3.128  
  o_ErrorC        -      o_ErrorC        F     -               1  0.594   0.000    3.128  
#---------------------------------------------------------------------------------------

