###############################################################
#  Generated by:      Cadence Innovus 21.15-s110_1
#  OS:                Linux x86_64(Host ID eltonsilva)
#  Generated on:      Thu Oct  9 15:24:40 2025
#  Design:            syndrome_block_se
#  Command:           report_timing -unconstrained > $lyt/${design}/reports/${design}_setup_f_timing.rpt
###############################################################
Path 1:
               View: analysis_normal_fast_min
         Startpoint: (R) i_CodeWord[10]
              Clock:
           Endpoint: (R) o_ErrorD
              Clock:

                       Capture       Launch
        Src Latency:+    0.000        0.000
        Net Latency:+    0.000 (I)    0.000 (I)
            Arrival:=    0.000        0.000

       Launch Clock:=    0.000
          Data Path:+    0.536

#---------------------------------------------------------------------------------------
# Timing Point    Flags  Arc             Edge  Cell       Fanout  Trans   Delay  Arrival  
#                                                                  (ns)    (ns)     (ns)  
#---------------------------------------------------------------------------------------
  i_CodeWord[10]  -      i_CodeWord[10]  R     (arrival)       5  0.004   0.000    0.000  
  g3266__5122/Y   -      A->Y            F     XNOR2X1         2  0.004   0.046    0.046  
  g3253__6260/Y   -      B->Y            R     XNOR2X1         1  0.013   0.036    0.083  
  g3246__2883/Y   -      B->Y            F     XNOR2X1         2  0.009   0.035    0.117  
  g3240__4733/Y   -      B->Y            R     XNOR2X1         1  0.015   0.036    0.153  
  g3235__6131/Y   -      B->Y            F     XNOR2X1         4  0.008   0.035    0.189  
  g3226__5526/Y   -      B->Y            R     NAND2BXL        3  0.016   0.027    0.216  
  g3223/Y         -      A->Y            F     INVXL           2  0.037   0.020    0.236  
  g3217__2883/Y   -      C->Y            R     NAND3BXL        2  0.015   0.016    0.251  
  g3202__1705/Y   -      B->Y            F     NAND4XL         1  0.019   0.051    0.302  
  g3195__4319/Y   -      A1->Y           R     AOI221X1        1  0.062   0.045    0.348  
  g3194__6260/Y   -      D->Y            F     NAND4XL         2  0.032   0.045    0.393  
  g3193/Y         -      A->Y            R     INVXL           1  0.059   0.025    0.418  
  g3191__2398/Y   -      B->Y            R     AND2X2          1  0.014   0.118    0.536  
  o_ErrorD        -      o_ErrorD        R     -               1  0.161   0.000    0.536  
#---------------------------------------------------------------------------------------

