###############################################################
#  Generated by:      Cadence Innovus 21.15-s110_1
#  OS:                Linux x86_64(Host ID eltonsilva)
#  Generated on:      Thu Oct  9 15:24:40 2025
#  Design:            syndrome_block_se
#  Command:           report_timing -unconstrained > $lyt/${design}/reports/${design}_hold_f_timing.rpt
###############################################################
Path 1:
               View: analysis_normal_fast_min
         Startpoint: (R) i_CodeWord[13]
              Clock:
           Endpoint: (R) o_DecodWord[5]
              Clock:

                       Capture       Launch
        Src Latency:+    0.000        0.000
        Net Latency:+    0.000 (I)    0.000 (I)
            Arrival:=    0.000        0.000

       Launch Clock:=    0.000
          Data Path:+    0.116

#---------------------------------------------------------------------------------------
# Timing Point    Flags  Arc             Edge  Cell       Fanout  Trans   Delay  Arrival  
#                                                                  (ns)    (ns)     (ns)  
#---------------------------------------------------------------------------------------
  i_CodeWord[13]  -      i_CodeWord[13]  R     (arrival)       4  0.004   0.000    0.000  
  g3196__1617/Y   -      B->Y            R     XNOR2X2         1  0.004   0.116    0.116  
  o_DecodWord[5]  -      o_DecodWord[5]  R     -               1  0.161   0.000    0.116  
#---------------------------------------------------------------------------------------

