###############################################################
#  Generated by:      Cadence Innovus 21.15-s110_1
#  OS:                Linux x86_64(Host ID eltonsilva)
#  Generated on:      Thu Oct  9 15:24:40 2025
#  Design:            syndrome_block_se
#  Command:           report_timing -unconstrained > $lyt/${design}/reports/${design}_setup_s_timing.rpt
###############################################################
Path 1:
               View: analysis_normal_slow_max
         Startpoint: (R) i_CodeWord[10]
              Clock:
           Endpoint: (R) o_ErrorD
              Clock:

                       Capture       Launch
        Src Latency:+    0.000        0.000
        Net Latency:+    0.000 (I)    0.000 (I)
            Arrival:=    0.000        0.000

       Launch Clock:=    0.000
          Data Path:+    2.519

#---------------------------------------------------------------------------------------
# Timing Point    Flags  Arc             Edge  Cell       Fanout  Trans   Delay  Arrival  
#                                                                  (ns)    (ns)     (ns)  
#---------------------------------------------------------------------------------------
  i_CodeWord[10]  -      i_CodeWord[10]  R     (arrival)       5  0.004   0.000    0.000  
  g3266__5122/Y   -      A->Y            F     XNOR2X1         2  0.004   0.175    0.175  
  g3253__6260/Y   -      B->Y            R     XNOR2X1         1  0.044   0.171    0.346  
  g3246__2883/Y   -      B->Y            F     XNOR2X1         2  0.031   0.142    0.488  
  g3240__4733/Y   -      B->Y            R     XNOR2X1         1  0.055   0.173    0.662  
  g3235__6131/Y   -      B->Y            F     XNOR2X1         4  0.028   0.143    0.805  
  g3226__5526/Y   -      B->Y            R     NAND2BXL        3  0.060   0.100    0.905  
  g3223/Y         -      A->Y            F     INVXL           2  0.117   0.103    1.008  
  g3217__2883/Y   -      C->Y            R     NAND3BXL        2  0.057   0.065    1.073  
  g3202__1705/Y   -      B->Y            F     NAND4XL         1  0.062   0.287    1.360  
  g3195__4319/Y   -      A1->Y           R     AOI221X1        1  0.327   0.280    1.640  
  g3194__6260/Y   -      D->Y            F     NAND4XL         2  0.101   0.244    1.884  
  g3193/Y         -      A->Y            R     INVXL           1  0.305   0.200    2.084  
  g3191__2398/Y   -      B->Y            R     AND2X2          1  0.064   0.435    2.519  
  o_ErrorD        -      o_ErrorD        R     -               1  0.495   0.000    2.519  
#---------------------------------------------------------------------------------------

