###############################################################
#  Generated by:      Cadence Innovus 21.15-s110_1
#  OS:                Linux x86_64(Host ID eltonsilva)
#  Generated on:      Mon Oct  6 16:22:20 2025
#  Design:            bch_comb_top
###############################################################
Path 1:
               View: analysis_normal_fast_min
         Startpoint: (R) codeword[5]
              Clock:
           Endpoint: (F) error_flag
              Clock:

                       Capture       Launch
        Src Latency:+    0.000        0.000
        Net Latency:+    0.000 (I)    0.000 (I)
            Arrival:=    0.000        0.000

       Launch Clock:=    0.000
          Data Path:+    1.842

#----------------------------------------------------------------------------------------------
# Timing Point              Flags  Arc          Edge  Cell       Fanout  Trans   Delay  Arrival  
#                                                                         (ns)    (ns)     (ns)  
#----------------------------------------------------------------------------------------------
  codeword[5]               -      codeword[5]  R     (arrival)       3  0.004   0.000    0.000  
  sb/g1000__5115/Y          -      A->Y         F     XNOR2X1         4  0.004   0.051    0.050  
  sb/g993/Y                 -      A->Y         R     INVX1           3  0.021   0.015    0.066  
  sb/g974__1666/Y           -      B->Y         R     MX2X1           1  0.014   0.033    0.099  
  sb/g970__9315/Y           -      A->Y         F     XNOR2X1         1  0.007   0.045    0.143  
  sb/g959__1705/Y           -      B->Y         R     XNOR2X1        19  0.010   0.084    0.227  
  bm/u_div2/g2111/Y         -      A->Y         F     INVXL           2  0.096   0.042    0.269  
  bm/u_div2/g2104__6131/Y   -      B->Y         R     NOR2XL          3  0.028   0.034    0.303  
  bm/u_div2/g2100/Y         -      A->Y         F     INVXL           1  0.044   0.021    0.324  
  bm/u_div2/g2081__9945/Y   -      B1->Y        R     OAI222XL        2  0.012   0.032    0.356  
  bm/u_div2/g2077__4733/Y   -      A->Y         F     NAND2XL         3  0.065   0.050    0.407  
  bm/u_div2/g2066__3680/Y   -      B->Y         R     NAND2BXL        1  0.050   0.023    0.429  
  bm/u_div2/g2065__6783/Y   -      A->Y         R     AND2X1          1  0.014   0.026    0.456  
  bm/u_div2/g2064__5526/Y   -      A1->Y        R     OA21X1          2  0.007   0.029    0.485  
  bm/u_div2/g2063__8428/Y   -      A1N->Y       R     OAI2BB1X1       1  0.010   0.026    0.511  
  bm/u_div2/g2062__4319/Y   -      B0->Y        F     OAI21XL         7  0.022   0.072    0.583  
  bm/u_div2/g2058__5477/Y   -      B->Y         F     XNOR2X1         1  0.111   0.052    0.635  
  bm/u_div2/g2052__9945/CO  -      CI->CO       F     ADDFX1          1  0.014   0.045    0.679  
  bm/u_div2/g2050__9315/CO  -      CI->CO       F     ADDFX1          1  0.014   0.043    0.723  
  bm/u_div2/g2048__4733/Y   -      B->Y         R     XNOR2X1         5  0.011   0.044    0.766  
  bm/u_div2/g2047__7482/Y   -      B->Y         R     OR2X1           3  0.023   0.024    0.791  
  bm/u_div2/g2043__7098/Y   -      B->Y         F     NOR2XL          2  0.016   0.015    0.806  
  bm/u_div2/g2037__3680/Y   -      B->Y         R     NOR2XL          1  0.017   0.018    0.824  
  bm/u_div2/g2036__6783/Y   -      A1->Y        F     OAI22XL         1  0.019   0.025    0.848  
  bm/u_div2/g2032__6260/Y   -      AN->Y        F     NAND3BXL        1  0.025   0.039    0.887  
  bm/u_xor1/g40__9315/Y     -      B->Y         R     CLKXOR2X1       7  0.038   0.049    0.935  
  cb/g329651/Y              -      A->Y         F     INVX1           6  0.038   0.031    0.966  
  cb/g329642__1617/Y        -      B->Y         R     NAND2XL         4  0.036   0.028    0.994  
  cb/g329660__6161/Y        -      AN->Y        R     NAND2BX1        4  0.032   0.030    1.023  
  cb/g329569__1617/Y        -      B->Y         F     NAND2XL         2  0.027   0.031    1.054  
  cb/g329527__7410/Y        -      D->Y         R     NOR4X1          1  0.036   0.041    1.095  
  cb/g329497__8428/Y        -      C->Y         F     NAND3XL         2  0.055   0.045    1.139  
  cb/g329492__5477/Y        -      B->Y         R     NOR2XL          6  0.046   0.085    1.224  
  cb/g329482__4733/Y        -      B->Y         R     XNOR2X1         1  0.123   0.045    1.269  
  cb/g329459__6260/Y        -      C0->Y        F     OAI211X1        1  0.009   0.025    1.294  
  cb/g329408__2346/Y        -      A1->Y        R     OAI211X1        6  0.034   0.060    1.354  
  cb/g329402/Y              -      A->Y         F     INVX1           3  0.080   0.034    1.387  
  cb/g329383__5107/Y        -      A1->Y        R     AOI22XL         1  0.025   0.030    1.418  
  cb/g329367__7098/Y        -      C0->Y        F     AOI221X1        1  0.037   0.019    1.436  
  cb/g329359__5526/Y        -      C0->Y        R     OAI211X1        1  0.042   0.021    1.457  
  cb/g329354__2398/Y        -      C0->Y        F     AOI221X1        2  0.038   0.027    1.485  
  cb/g329352__6417/Y        -      C->Y         F     OR4X1           1  0.070   0.075    1.560  
  cb/g329351__7410/Y        -      D->Y         R     NOR4X1          1  0.018   0.024    1.584  
  cb/g329350__1666/Y        -      B->Y         F     NAND2BXL        1  0.034   0.022    1.606  
  cb/g329349__2346/Y        -      D->Y         F     OR4X1           1  0.017   0.054    1.660  
  cb/g329348__2883/Y        -      D->Y         F     OR4X1           1  0.015   0.057    1.717  
  cb/g329347__9945/Y        -      B->Y         F     OR2X2           1  0.021   0.125    1.842  
  error_flag                -      error_flag   F     -               1  0.166   0.000    1.842  
#----------------------------------------------------------------------------------------------

