###############################################################
#  Generated by:      Cadence Innovus 21.15-s110_1
#  OS:                Linux x86_64(Host ID eltonsilva)
#  Generated on:      Mon Oct  6 16:22:21 2025
#  Design:            bch_comb_top
###############################################################
Path 1:
               View: analysis_normal_slow_max
         Startpoint: (R) codeword[5]
              Clock:
           Endpoint: (F) error_flag
              Clock:

                       Capture       Launch
        Src Latency:+    0.000        0.000
        Net Latency:+    0.000 (I)    0.000 (I)
            Arrival:=    0.000        0.000

       Launch Clock:=    0.000
          Data Path:+    8.947

#----------------------------------------------------------------------------------------------
# Timing Point              Flags  Arc          Edge  Cell       Fanout  Trans   Delay  Arrival  
#                                                                         (ns)    (ns)     (ns)  
#----------------------------------------------------------------------------------------------
  codeword[5]               -      codeword[5]  R     (arrival)       3  0.004   0.000    0.000  
  sb/g1000__5115/Y          -      A->Y         F     XNOR2X1         4  0.004   0.194    0.194  
  sb/g993/Y                 -      A->Y         R     INVX1           3  0.079   0.066    0.260  
  sb/g974__1666/Y           -      B->Y         R     MX2X1           1  0.045   0.169    0.429  
  sb/g970__9315/Y           -      A->Y         F     XNOR2X1         1  0.025   0.179    0.609  
  sb/g959__1705/Y           -      B->Y         R     XNOR2X1        19  0.036   0.310    0.919  
  bm/u_div2/g2111/Y         -      A->Y         F     INVXL           2  0.287   0.226    1.144  
  bm/u_div2/g2104__6131/Y   -      B->Y         R     NOR2XL          3  0.100   0.140    1.285  
  bm/u_div2/g2100/Y         -      A->Y         F     INVXL           1  0.147   0.116    1.401  
  bm/u_div2/g2081__9945/Y   -      B1->Y        R     OAI222XL        2  0.049   0.124    1.525  
  bm/u_div2/g2077__4733/Y   -      A->Y         F     NAND2XL         3  0.208   0.262    1.787  
  bm/u_div2/g2066__3680/Y   -      B->Y         R     NAND2BXL        1  0.216   0.148    1.935  
  bm/u_div2/g2065__6783/Y   -      A->Y         R     AND2X1          1  0.056   0.134    2.069  
  bm/u_div2/g2064__5526/Y   -      A1->Y        R     OA21X1          2  0.025   0.137    2.206  
  bm/u_div2/g2063__8428/Y   -      A1N->Y       R     OAI2BB1X1       1  0.033   0.127    2.333  
  bm/u_div2/g2062__4319/Y   -      B0->Y        F     OAI21XL         7  0.091   0.358    2.691  
  bm/u_div2/g2061__6260/Y   -      B->Y         R     NOR2BX1         1  0.504   0.322    3.013  
  bm/u_div2/g2052__9945/CO  -      B->CO        R     ADDFX1          1  0.130   0.250    3.262  
  bm/u_div2/g2050__9315/CO  -      CI->CO       R     ADDFX1          1  0.045   0.188    3.450  
  bm/u_div2/g2048__4733/Y   -      B->Y         R     XNOR2X1         5  0.036   0.151    3.600  
  bm/u_div2/g2046__5115/Y   -      C->Y         F     NAND4XL         3  0.071   0.405    4.006  
  bm/u_div2/g2032__6260/Y   -      C->Y         R     NAND3BXL        1  0.548   0.365    4.371  
  bm/u_xor1/g40__9315/Y     -      B->Y         R     CLKXOR2X1       7  0.129   0.238    4.609  
  cb/g329651/Y              -      A->Y         F     INVX1           6  0.119   0.140    4.749  
  cb/g329642__1617/Y        -      B->Y         R     NAND2XL         4  0.137   0.130    4.879  
  cb/g329660__6161/Y        -      AN->Y        R     NAND2BX1        4  0.101   0.132    5.010  
  cb/g329569__1617/Y        -      B->Y         F     NAND2XL         2  0.090   0.159    5.170  
  cb/g329527__7410/Y        -      D->Y         R     NOR4X1          1  0.174   0.204    5.374  
  cb/g329497__8428/Y        -      C->Y         F     NAND3XL         2  0.211   0.251    5.625  
  cb/g329492__5477/Y        -      B->Y         R     NOR2XL          6  0.221   0.372    5.996  
  cb/g329482__4733/Y        -      B->Y         F     XNOR2X1         1  0.431   0.312    6.309  
  cb/g329459__6260/Y        -      C0->Y        R     OAI211X1        1  0.033   0.037    6.346  
  cb/g329408__2346/Y        -      A1->Y        F     OAI211X1        6  0.090   0.348    6.694  
  cb/g329402/Y              -      A->Y         R     INVX1           3  0.474   0.293    6.987  
  cb/g329385__4319/Y        -      A1->Y        F     AOI22XL         1  0.115   0.178    7.166  
  cb/g329366__8246/Y        -      C0->Y        R     OAI211X1        1  0.163   0.116    7.282  
  cb/g329365__5122/Y        -      C0->Y        F     AOI221X1        2  0.099   0.111    7.393  
  cb/g329352__6417/Y        -      B->Y         F     OR4X1           1  0.261   0.387    7.780  
  cb/g329351__7410/Y        -      D->Y         R     NOR4X1          1  0.067   0.101    7.881  
  cb/g329350__1666/Y        -      B->Y         F     NAND2BXL        1  0.120   0.120    8.001  
  cb/g329349__2346/Y        -      D->Y         F     OR4X1           1  0.078   0.237    8.238  
  cb/g329348__2883/Y        -      D->Y         F     OR4X1           1  0.054   0.241    8.480  
  cb/g329347__9945/Y        -      B->Y         F     OR2X2           1  0.080   0.467    8.947  
  error_flag                -      error_flag   F     -               1  0.598   0.000    8.947  
#----------------------------------------------------------------------------------------------

