###############################################################
#  Generated by:      Cadence Innovus 21.15-s110_1
#  OS:                Linux x86_64(Host ID eltonsilva)
#  Generated on:      Mon Oct  6 16:22:21 2025
#  Design:            bch_comb_top
###############################################################
Path 1:
               View: analysis_normal_slow_max
         Startpoint: (R) codeword[2]
              Clock:
           Endpoint: (R) corrected_codeword[2]
              Clock:

                       Capture       Launch
        Src Latency:+    0.000        0.000
        Net Latency:+    0.000 (I)    0.000 (I)
            Arrival:=    0.000        0.000

       Launch Clock:=    0.000
          Data Path:+    0.440

#-----------------------------------------------------------------------------------------------------
# Timing Point           Flags  Arc                    Edge  Cell       Fanout  Trans   Delay  Arrival  
#                                                                                (ns)    (ns)     (ns)  
#-----------------------------------------------------------------------------------------------------
  codeword[2]            -      codeword[2]            R     (arrival)       3  0.004   0.000    0.000  
  cr/g150__3680/Y        -      A->Y                   R     CLKXOR2X2       1  0.004   0.440    0.440  
  corrected_codeword[2]  -      corrected_codeword[2]  R     -               1  0.504   0.000    0.440  
#-----------------------------------------------------------------------------------------------------

