###############################################################
#  Generated by:      Cadence Innovus 21.15-s110_1
#  OS:                Linux x86_64(Host ID eltonsilva)
#  Generated on:      Mon Oct 13 12:21:00 2025
#  Design:            h_decoder_12_7
#  Command:           report_timing -unconstrained > $lyt/${design}/reports/${design}_setup_f_timing.rpt
###############################################################
Path 1:
               View: analysis_normal_fast_min
         Startpoint: (R) i_CodeWord[3]
              Clock:
           Endpoint: (R) o_DecodWord[5]
              Clock:

                       Capture       Launch
        Src Latency:+    0.000        0.000
        Net Latency:+    0.000 (I)    0.000 (I)
            Arrival:=    0.000        0.000

       Launch Clock:=    0.000
          Data Path:+    0.889

#---------------------------------------------------------------------------------------
# Timing Point    Flags  Arc             Edge  Cell       Fanout  Trans   Delay  Arrival  
#                                                                  (ns)    (ns)     (ns)  
#---------------------------------------------------------------------------------------
  i_CodeWord[3]   -      i_CodeWord[3]   R     (arrival)       2  0.004   0.000    0.000  
  g951__1705/Y    -      A->Y            F     XNOR2X1         1  0.004   0.044    0.044  
  g945__8428/Y    -      B->Y            R     XNOR2X1         2  0.008   0.038    0.081  
  g938__2398/Y    -      B->Y            F     XNOR2X1         1  0.013   0.032    0.113  
  g934__2346/Y    -      B->Y            R     XNOR2X1         1  0.009   0.035    0.149  
  g933__2883/Y    -      B->Y            F     CLKXOR2X2       8  0.008   0.137    0.286  
  g931__9315/Y    -      A->Y            F     XNOR2X1         1  0.177   0.071    0.357  
  g930__6161/Y    -      B->Y            R     XNOR2X2         2  0.009   0.127    0.485  
  g929__4733/Y    -      B0->Y           R     OA21X2          4  0.163   0.159    0.644  
  g927__7482/Y    -      B->Y            F     NAND2BXL        2  0.167   0.074    0.717  
  g922__6131/Y    -      AN->Y           F     NAND3BXL        1  0.042   0.035    0.752  
  g914__5526/Y    -      A->Y            R     XNOR2X2         1  0.041   0.137    0.889  
  o_DecodWord[5]  -      o_DecodWord[5]  R     -               1  0.161   0.000    0.889  
#---------------------------------------------------------------------------------------

