###############################################################
#  Generated by:      Cadence Innovus 21.15-s110_1
#  OS:                Linux x86_64(Host ID eltonsilva)
#  Generated on:      Mon Oct 13 12:21:00 2025
#  Design:            h_decoder_12_7
#  Command:           report_timing -unconstrained > $lyt/${design}/reports/${design}_setup_s_timing.rpt
###############################################################
Path 1:
               View: analysis_normal_slow_max
         Startpoint: (R) i_CodeWord[3]
              Clock:
           Endpoint: (F) o_DecodWord[3]
              Clock:

                       Capture       Launch
        Src Latency:+    0.000        0.000
        Net Latency:+    0.000 (I)    0.000 (I)
            Arrival:=    0.000        0.000

       Launch Clock:=    0.000
          Data Path:+    3.852

#---------------------------------------------------------------------------------------
# Timing Point    Flags  Arc             Edge  Cell       Fanout  Trans   Delay  Arrival  
#                                                                  (ns)    (ns)     (ns)  
#---------------------------------------------------------------------------------------
  i_CodeWord[3]   -      i_CodeWord[3]   R     (arrival)       2  0.004   0.000    0.000  
  g951__1705/Y    -      A->Y            F     XNOR2X1         1  0.004   0.167    0.167  
  g945__8428/Y    -      B->Y            R     XNOR2X1         2  0.029   0.170    0.337  
  g938__2398/Y    -      B->Y            F     XNOR2X1         1  0.041   0.135    0.473  
  g934__2346/Y    -      B->Y            R     XNOR2X1         1  0.034   0.165    0.637  
  g933__2883/Y    -      B->Y            F     CLKXOR2X2       8  0.028   0.504    1.142  
  g931__9315/Y    -      A->Y            F     XNOR2X1         1  0.635   0.437    1.578  
  g930__6161/Y    -      B->Y            R     XNOR2X2         2  0.030   0.461    2.039  
  g929__4733/Y    -      B0->Y           R     OA21X2          4  0.503   0.687    2.726  
  g925__5115/Y    -      A->Y            R     AND2X1          3  0.510   0.356    3.082  
  g924__8246/Y    -      B->Y            F     NAND2XL         3  0.042   0.105    3.187  
  g918__2802/Y    -      B->Y            R     NOR2XL          1  0.142   0.125    3.312  
  g915__5107/Y    -      A->Y            F     CLKXOR2X2       1  0.078   0.540    3.852  
  o_DecodWord[3]  -      o_DecodWord[3]  F     -               1  0.594   0.000    3.852  
#---------------------------------------------------------------------------------------

