###############################################################
#  Generated by:      Cadence Innovus 21.15-s110_1
#  OS:                Linux x86_64(Host ID eltonsilva)
#  Generated on:      Thu Oct  9 10:43:53 2025
#  Design:            bch_31_bm_comb
#  Command:           report_timing -unconstrained > $lyt/${design}/reports/${design}_setup_s_timing.rpt
###############################################################
Path 1:
               View: analysis_normal_slow_max
         Startpoint: (F) S1[0]
              Clock:
           Endpoint: (F) lambda2[0]
              Clock:

                       Capture       Launch
        Src Latency:+    0.000        0.000
        Net Latency:+    0.000 (I)    0.000 (I)
            Arrival:=    0.000        0.000

       Launch Clock:=    0.000
          Data Path:+    8.580

#-------------------------------------------------------------------------------------------
# Timing Point            Flags  Arc         Edge  Cell       Fanout  Trans   Delay  Arrival  
#                                                                      (ns)    (ns)     (ns)  
#-------------------------------------------------------------------------------------------
  S1[0]                   -      S1[0]       F     (arrival)      24  0.004   0.000    0.000  
  u_mult2/g4343__2802/Y   -      A->Y        R     NOR2XL          5  0.004   0.138    0.138  
  u_mult2/g4330__2398/Y   -      B0->Y       F     AOI21XL         3  0.202   0.181    0.319  
  u_mult2/g4308/Y         -      A->Y        R     INVXL           1  0.186   0.130    0.448  
  u_mult2/g4299__5526/Y   -      A2->Y       F     AOI33XL         2  0.051   0.322    0.770  
  u_mult2/g4276__1705/Y   -      C0->Y       R     OAI221X1        1  0.421   0.280    1.050  
  u_mult2/g4267__5107/CO  -      A->CO       R     ADDHX1          1  0.178   0.210    1.260  
  u_mult2/g4266__2398/CO  -      CI->CO      R     ADDFX1          1  0.032   0.189    1.448  
  u_mult2/g4265__5477/CO  -      CI->CO      R     ADDFX1          1  0.049   0.201    1.649  
  u_mult2/g4263__7410/CO  -      CI->CO      R     ADDFX1          2  0.055   0.208    1.856  
  u_mult2/g4262__1666/Y   -      B->Y        R     XNOR2X1         2  0.062   0.143    1.999  
  u_mult2/g4261__2346/Y   -      AN->Y       R     NOR2BX1         1  0.035   0.098    2.098  
  u_mult2/g4260__2883/Y   -      A1->Y       F     AOI221X1        3  0.072   0.163    2.261  
  u_mult2/g4259__9945/Y   -      B->Y        R     NOR2XL          1  0.167   0.145    2.406  
  u_mult2/g4252__5115/CO  -      B->CO       R     ADDHX1          1  0.090   0.154    2.560  
  u_mult2/g4249__6131/Y   -      B->Y        R     XNOR2X1         7  0.031   0.157    2.717  
  u_mult2/g4246__7098/Y   -      B->Y        F     NOR2XL          4  0.086   0.127    2.843  
  u_mult2/g4244/Y         -      A->Y        R     INVXL           2  0.140   0.108    2.951  
  u_mult2/g4239__1617/Y   -      A->Y        R     AND2X1          2  0.055   0.139    3.091  
  u_mult2/g2/Y            -      A1->Y       R     AO22XL          1  0.035   0.177    3.268  
  u_mult2/g4220__7482/Y   -      B->Y        F     NAND2XL         1  0.039   0.109    3.377  
  u_mult2/g4214__5122/Y   -      C0->Y       R     OAI211X1        1  0.137   0.099    3.476  
  u_mult2/g4212__2802/Y   -      C0->Y       F     OAI211X1        1  0.212   0.254    3.730  
  u_xor3/g49__8428/Y      -      B->Y        R     CLKXOR2X1      17  0.213   0.306    4.036  
  u_div3/g4447__4733/Y    -      B->Y        F     NOR2XL          4  0.207   0.204    4.240  
  u_div3/g4414/Y          -      A->Y        R     INVXL           3  0.151   0.140    4.379  
  u_div3/g4430__3680/Y    -      B0->Y       F     OAI21XL         3  0.102   0.251    4.630  
  u_div3/g4399__3680/Y    -      A2->Y       R     AOI33XL         2  0.305   0.370    5.000  
  u_div3/g4377__5115/Y    -      C0->Y       F     OAI221X1        2  0.297   0.350    5.350  
  u_div3/g4374__7098/Y    -      B->Y        R     NAND2BXL        2  0.281   0.203    5.553  
  u_div3/g4365__8428/Y    -      A1N->Y      R     OAI2BB1X1       1  0.092   0.160    5.713  
  u_div3/g4364__4319/CO   -      CI->CO      R     ADDFX1          1  0.042   0.189    5.902  
  u_div3/g4363__6260/CO   -      CI->CO      R     ADDFX1          3  0.042   0.196    6.098  
  u_div3/g4361__2398/Y    -      A1->Y       F     AOI21XL         2  0.054   0.121    6.219  
  u_div3/g4360__5477/Y    -      B->Y        R     NAND2XL         3  0.120   0.107    6.326  
  u_div3/g4356__1666/Y    -      B->Y        R     OR2X1           3  0.072   0.099    6.425  
  u_div3/g4351__9945/Y    -      B->Y        R     OR2X1           3  0.036   0.083    6.508  
  u_div3/g4348__6161/Y    -      B->Y        R     OR2X1           2  0.039   0.082    6.590  
  u_div3/g4344__5115/Y    -      C0->Y       F     OAI211X1        8  0.035   0.313    6.903  
  u_div3/g4339__7098/Y    -      B->Y        R     NAND2XL         4  0.459   0.329    7.232  
  u_div3/g4331__3680/Y    -      B->Y        R     OR2X1           2  0.150   0.133    7.365  
  u_div3/g4324__2398/Y    -      AN->Y       R     NOR2BX1         1  0.029   0.100    7.465  
  u_div3/g4316__9315/Y    -      A1->Y       F     OAI221X1        1  0.069   0.180    7.644  
  u_div3/g4311__1881/Y    -      A1->Y       R     AOI22XL         1  0.163   0.175    7.820  
  u_div3/g4307__5122/Y    -      C0->Y       F     OAI211X1        1  0.112   0.215    8.035  
  u_div3/g4306__1705/Y    -      A->Y        F     AND2X1          1  0.228   0.156    8.191  
  g190__1881/Y            -      B->Y        F     AND2X2          1  0.024   0.389    8.580  
  lambda2[0]              -      lambda2[0]  F     -               1  0.592   0.000    8.580  
#-------------------------------------------------------------------------------------------

