###############################################################
#  Generated by:      Cadence Innovus 21.15-s110_1
#  OS:                Linux x86_64(Host ID eltonsilva)
#  Generated on:      Thu Oct  9 10:43:53 2025
#  Design:            bch_31_bm_comb
#  Command:           report_timing -unconstrained > $lyt/${design}/reports/${design}_hold_s_timing.rpt
###############################################################
Path 1:
               View: analysis_normal_slow_max
         Startpoint: (R) S2[2]
              Clock:
           Endpoint: (R) lambda1[0]
              Clock:

                       Capture       Launch
        Src Latency:+    0.000        0.000
        Net Latency:+    0.000 (I)    0.000 (I)
            Arrival:=    0.000        0.000

       Launch Clock:=    0.000
          Data Path:+    0.987

#---------------------------------------------------------------------------------------
# Timing Point        Flags  Arc         Edge  Cell       Fanout  Trans   Delay  Arrival  
#                                                                  (ns)    (ns)     (ns)  
#---------------------------------------------------------------------------------------
  S2[2]               -      S2[2]       R     (arrival)      20  0.004   0.000    0.000  
  u_xor3/g46__5107/Y  -      A->Y        R     CLKXOR2X1      13  0.004   0.242    0.242  
  g192__5115/Y        -      A->Y        F     NOR4X1          6  0.197   0.233    0.475  
  g185__1705/Y        -      S0->Y       R     CLKMX2X2        1  0.167   0.512    0.987  
  lambda1[0]          -      lambda1[0]  R     -               1  0.496   0.000    0.987  
#---------------------------------------------------------------------------------------

