###############################################################
#  Generated by:      Cadence Innovus 21.15-s110_1
#  OS:                Linux x86_64(Host ID eltonsilva)
#  Generated on:      Thu Oct  9 10:43:53 2025
#  Design:            bch_31_bm_comb
#  Command:           report_timing -unconstrained > $lyt/${design}/reports/${design}_setup_f_timing.rpt
###############################################################
Path 1:
               View: analysis_normal_fast_min
         Startpoint: (R) S1[0]
              Clock:
           Endpoint: (R) lambda2[0]
              Clock:

                       Capture       Launch
        Src Latency:+    0.000        0.000
        Net Latency:+    0.000 (I)    0.000 (I)
            Arrival:=    0.000        0.000

       Launch Clock:=    0.000
          Data Path:+    1.769

#-------------------------------------------------------------------------------------------
# Timing Point            Flags  Arc         Edge  Cell       Fanout  Trans   Delay  Arrival  
#                                                                      (ns)    (ns)     (ns)  
#-------------------------------------------------------------------------------------------
  S1[0]                   -      S1[0]       R     (arrival)      24  0.004   0.000    0.000  
  u_mult2/g4343__2802/Y   -      A->Y        F     NOR2XL          5  0.004   0.022    0.022  
  u_mult2/g4330__2398/Y   -      B0->Y       R     AOI21XL         3  0.030   0.038    0.060  
  u_mult2/g4308/Y         -      A->Y        F     INVXL           1  0.046   0.022    0.082  
  u_mult2/g4299__5526/Y   -      A2->Y       R     AOI33XL         2  0.013   0.045    0.127  
  u_mult2/g4276__1705/Y   -      C0->Y       F     OAI221X1        1  0.060   0.062    0.189  
  u_mult2/g4267__5107/CO  -      A->CO       F     ADDHX1          1  0.065   0.031    0.220  
  u_mult2/g4266__2398/CO  -      CI->CO      F     ADDFX1          1  0.009   0.044    0.264  
  u_mult2/g4265__5477/CO  -      CI->CO      F     ADDFX1          1  0.015   0.047    0.311  
  u_mult2/g4263__7410/CO  -      CI->CO      F     ADDFX1          2  0.017   0.048    0.359  
  u_mult2/g4262__1666/Y   -      B->Y        R     XNOR2X1         2  0.019   0.037    0.397  
  u_mult2/g4261__2346/Y   -      AN->Y       R     NOR2BX1         1  0.010   0.024    0.420  
  u_mult2/g4260__2883/Y   -      A1->Y       F     AOI221X1        3  0.019   0.036    0.456  
  u_mult2/g4259__9945/Y   -      B->Y        R     NOR2XL          1  0.044   0.032    0.488  
  u_mult2/g4252__5115/CO  -      B->CO       R     ADDHX1          1  0.030   0.030    0.518  
  u_mult2/g4249__6131/Y   -      B->Y        F     XNOR2X1         7  0.009   0.041    0.559  
  u_mult2/g4246__7098/Y   -      B->Y        R     NOR2XL          4  0.026   0.044    0.603  
  u_mult2/g4244/Y         -      A->Y        F     INVXL           2  0.060   0.028    0.631  
  u_mult2/g4239__1617/Y   -      A->Y        F     AND2X1          2  0.019   0.021    0.652  
  u_mult2/g2/Y            -      A1->Y       F     AO22XL          1  0.009   0.036    0.688  
  u_mult2/g4220__7482/Y   -      B->Y        R     NAND2XL         1  0.010   0.014    0.702  
  u_mult2/g4214__5122/Y   -      C0->Y       F     OAI211X1        1  0.022   0.030    0.732  
  u_mult2/g4212__2802/Y   -      C0->Y       R     OAI211X1        1  0.039   0.022    0.755  
  u_xor3/g49__8428/Y      -      B->Y        F     CLKXOR2X1      17  0.039   0.072    0.827  
  u_div3/g4447__4733/Y    -      B->Y        R     NOR2XL          4  0.065   0.058    0.885  
  u_div3/g4414/Y          -      A->Y        F     INVXL           3  0.065   0.036    0.921  
  u_div3/g4430__3680/Y    -      B0->Y       R     OAI21XL         3  0.032   0.031    0.952  
  u_div3/g4399__3680/Y    -      A2->Y       F     AOI33XL         2  0.071   0.094    1.047  
  u_div3/g4377__5115/Y    -      C0->Y       R     OAI221X1        2  0.122   0.050    1.097  
  u_div3/g4374__7098/Y    -      B->Y        F     NAND2BXL        2  0.056   0.037    1.134  
  u_div3/g4365__8428/Y    -      A1N->Y      F     OAI2BB1X1       1  0.033   0.030    1.164  
  u_div3/g4364__4319/CO   -      CI->CO      F     ADDFX1          1  0.020   0.046    1.210  
  u_div3/g4363__6260/CO   -      CI->CO      F     ADDFX1          3  0.014   0.046    1.256  
  u_div3/g4361__2398/Y    -      A1->Y       R     AOI21XL         2  0.017   0.024    1.280  
  u_div3/g4360__5477/Y    -      B->Y        F     NAND2XL         3  0.029   0.029    1.309  
  u_div3/g4356__1666/Y    -      B->Y        F     OR2X1           3  0.032   0.034    1.343  
  u_div3/g4351__9945/Y    -      B->Y        F     OR2X1           3  0.012   0.031    1.373  
  u_div3/g4348__6161/Y    -      B->Y        F     OR2X1           2  0.013   0.030    1.403  
  u_div3/g4344__5115/Y    -      C0->Y       R     OAI211X1        8  0.011   0.027    1.430  
  u_div3/g4339__7098/Y    -      B->Y        F     NAND2XL         4  0.079   0.055    1.485  
  u_div3/g4331__3680/Y    -      B->Y        F     OR2X1           2  0.052   0.036    1.520  
  u_div3/g4324__2398/Y    -      AN->Y       F     NOR2BX1         1  0.009   0.020    1.540  
  u_div3/g4316__9315/Y    -      A1->Y       R     OAI221X1        1  0.018   0.026    1.566  
  u_div3/g4311__1881/Y    -      A1->Y       F     AOI22XL         1  0.034   0.034    1.600  
  u_div3/g4307__5122/Y    -      C0->Y       R     OAI211X1        1  0.036   0.022    1.622  
  u_div3/g4306__1705/Y    -      A->Y        R     AND2X1          1  0.037   0.030    1.652  
  g190__1881/Y            -      B->Y        R     AND2X2          1  0.007   0.118    1.769  
  lambda2[0]              -      lambda2[0]  R     -               1  0.162   0.000    1.769  
#-------------------------------------------------------------------------------------------

