###############################################################
#  Generated by:      Cadence Innovus 21.15-s110_1
#  OS:                Linux x86_64(Host ID eltonsilva)
#  Generated on:      Thu Oct  9 10:43:52 2025
#  Design:            bch_31_bm_comb
#  Command:           report_timing -unconstrained > $lyt/${design}/reports/${design}_hold_f_timing.rpt
###############################################################
Path 1:
               View: analysis_normal_fast_min
         Startpoint: (R) S2[4]
              Clock:
           Endpoint: (R) lambda1[0]
              Clock:

                       Capture       Launch
        Src Latency:+    0.000        0.000
        Net Latency:+    0.000 (I)    0.000 (I)
            Arrival:=    0.000        0.000

       Launch Clock:=    0.000
          Data Path:+    0.237

#-----------------------------------------------------------------------------------------
# Timing Point          Flags  Arc         Edge  Cell       Fanout  Trans   Delay  Arrival  
#                                                                    (ns)    (ns)     (ns)  
#-----------------------------------------------------------------------------------------
  S2[4]                 -      S2[4]       R     (arrival)      30  0.004   0.000    0.000  
  u_div1/g4409__3680/Y  -      A->Y        F     NOR2XL          2  0.004   0.019    0.019  
  u_div1/g4401__5477/Y  -      B1->Y       R     AOI32X1         6  0.024   0.056    0.074  
  u_div1/g4306__2398/Y  -      B->Y        R     AND2X1          1  0.077   0.038    0.113  
  g185__1705/Y          -      B->Y        R     CLKMX2X2        1  0.007   0.124    0.237  
  lambda1[0]            -      lambda1[0]  R     -               1  0.161   0.000    0.237  
#-----------------------------------------------------------------------------------------

