###############################################################
#  Generated by:      Cadence Innovus 21.15-s110_1
#  OS:                Linux x86_64(Host ID eltonsilva)
#  Generated on:      Mon Oct 13 14:58:46 2025
#  Design:            bch_32_bits_v1
#  Command:           report_timing -unconstrained > $lyt/${design}/reports/${design}_setup_f_timing.rpt
###############################################################
Path 1:
               View: analysis_normal_fast_min
         Startpoint: (R) data_in[5]
              Clock:
           Endpoint: (F) word_out[10]
              Clock:

                       Capture       Launch
        Src Latency:+    0.000        0.000
        Net Latency:+    0.000 (I)    0.000 (I)
            Arrival:=    0.000        0.000

       Launch Clock:=    0.000
          Data Path:+    3.760

#---------------------------------------------------------------------------------------------------------
# Timing Point                        Flags  Arc           Edge  Cell       Fanout  Trans   Delay  Arrival  
#                                                                                    (ns)    (ns)     (ns)  
#---------------------------------------------------------------------------------------------------------
  data_in[5]                          -      data_in[5]    R     (arrival)       3  0.004   0.000    0.000  
  u_bch1/u_syndrome/g2878/Y           -      A->Y          F     XNOR2X1         1  0.004   0.044    0.044  
  u_bch1/u_syndrome/g2840/Y           -      B->Y          R     XNOR2X1         2  0.008   0.040    0.083  
  u_bch1/u_syndrome/g2838/Y           -      B->Y          F     XNOR2X1         3  0.016   0.041    0.125  
  u_bch1/u_syndrome/g2809/Y           -      B->Y          R     XNOR2X1         1  0.025   0.038    0.162  
  u_bch1/u_syndrome/g2802/Y           -      B->Y          F     XNOR2X1         1  0.009   0.032    0.194  
  u_bch1/u_syndrome/g2786/Y           -      B->Y          R     XNOR2X1        46  0.009   0.164    0.357  
  u_bch1/u_bm/u_mult2/g4355/Y         -      A->Y          F     INVXL           2  0.241   0.090    0.447  
  u_bch1/u_bm/u_mult2/g4338__9315/Y   -      A->Y          R     NAND2XL         5  0.049   0.038    0.485  
  u_bch1/u_bm/u_mult2/g4308/Y         -      A->Y          F     INVXL           2  0.042   0.025    0.510  
  u_bch1/u_bm/u_mult2/g4323__2802/Y   -      B0->Y         R     AOI21XL         3  0.022   0.048    0.558  
  u_bch1/u_bm/u_mult2/g4283__3680/Y   -      A1->Y         F     OAI221X1        1  0.078   0.053    0.611  
  u_bch1/u_bm/u_mult2/g4270__2883/Y   -      A1->Y         R     AOI222X1        1  0.048   0.050    0.662  
  u_bch1/u_bm/u_mult2/g4263__1881/Y   -      B->Y          F     NAND2XL         2  0.051   0.042    0.704  
  u_bch1/u_bm/u_mult2/g4260__8246/Y   -      A->Y          F     AND2X1          1  0.044   0.025    0.729  
  u_bch1/u_bm/u_mult2/g4254__6783/CO  -      CI->CO        F     ADDFX1          2  0.009   0.044    0.773  
  u_bch1/u_bm/u_mult2/g4252__8428/Y   -      A1N->Y        F     OAI2BB1X1       1  0.015   0.028    0.801  
  u_bch1/u_bm/u_mult2/g4250__6260/CO  -      CI->CO        F     ADDFX1          2  0.023   0.049    0.850  
  u_bch1/u_bm/u_mult2/g4249__5107/Y   -      B->Y          R     XNOR2X1         2  0.017   0.039    0.889  
  u_bch1/u_bm/u_mult2/g4248__2398/Y   -      AN->Y         R     NOR2BX1         1  0.013   0.025    0.914  
  u_bch1/u_bm/u_mult2/g4247__5477/Y   -      A1->Y         F     AOI221X1        3  0.021   0.038    0.952  
  u_bch1/u_bm/u_mult2/g4246__6417/Y   -      B->Y          R     NOR2XL          2  0.047   0.035    0.987  
  u_bch1/u_bm/u_mult2/g4243__2346/Y   -      B->Y          F     NAND2XL         1  0.034   0.028    1.015  
  u_bch1/u_bm/u_mult2/g4234__7482/Y   -      B->Y          R     XNOR2X1         7  0.028   0.052    1.066  
  u_bch1/u_bm/u_mult2/g4233/Y         -      A->Y          F     INVX1           3  0.034   0.018    1.085  
  u_bch1/u_bm/u_mult2/g4231__5115/Y   -      B->Y          R     NOR2XL          4  0.014   0.048    1.132  
  u_bch1/u_bm/u_mult2/g4228/Y         -      A->Y          F     INVXL           2  0.073   0.034    1.167  
  u_bch1/u_bm/u_mult2/g4219__2802/Y   -      A1->Y         R     AOI21XL         3  0.024   0.040    1.207  
  u_bch1/u_bm/u_mult2/g4208__5477/Y   -      A->Y          R     AND2X1          1  0.054   0.034    1.241  
  u_bch1/u_bm/u_mult2/g4198__7482/Y   -      A1->Y         F     OAI211X1        1  0.009   0.026    1.267  
  u_bch1/u_bm/u_mult2/g4190__2802/Y   -      C0->Y         R     OAI211X1        1  0.035   0.020    1.287  
  u_bch1/u_bm/u_xor3/g49__2346/Y      -      B->Y          F     CLKXOR2X1      17  0.033   0.077    1.364  
  u_bch1/u_bm/u_div3/g4447__2346/Y    -      B->Y          R     NOR2XL          4  0.076   0.060    1.424  
  u_bch1/u_bm/u_div3/g4414/Y          -      A->Y          F     INVXL           3  0.063   0.033    1.457  
  u_bch1/u_bm/u_div3/g4430__8246/Y    -      B0->Y         R     OAI21XL         3  0.027   0.026    1.483  
  u_bch1/u_bm/u_div3/g4399__8246/Y    -      A2->Y         F     AOI33XL         2  0.059   0.069    1.552  
  u_bch1/u_bm/u_div3/g4377__9945/Y    -      C0->Y         R     OAI221X1        2  0.083   0.035    1.587  
  u_bch1/u_bm/u_div3/g4374__4733/Y    -      B->Y          F     NAND2BXL        2  0.046   0.033    1.620  
  u_bch1/u_bm/u_div3/g4365__2802/Y    -      A1N->Y        F     OAI2BB1X1       1  0.031   0.028    1.649  
  u_bch1/u_bm/u_div3/g4364__1617/CO   -      CI->CO        F     ADDFX1          1  0.018   0.045    1.694  
  u_bch1/u_bm/u_div3/g4363__3680/CO   -      CI->CO        F     ADDFX1          3  0.013   0.046    1.740  
  u_bch1/u_bm/u_div3/g4361__5526/Y    -      A1->Y         R     AOI21XL         2  0.016   0.027    1.767  
  u_bch1/u_bm/u_div3/g4360__8428/Y    -      B->Y          F     NAND2XL         3  0.034   0.030    1.797  
  u_bch1/u_bm/u_div3/g4356__5107/Y    -      B->Y          F     OR2X1           3  0.031   0.035    1.831  
  u_bch1/u_bm/u_div3/g4351__6417/Y    -      B->Y          F     OR2X1           3  0.014   0.031    1.862  
  u_bch1/u_bm/u_div3/g4348__1666/Y    -      B->Y          F     OR2X1           2  0.012   0.031    1.893  
  u_bch1/u_bm/u_div3/g4344__9945/Y    -      C0->Y         R     OAI211X1        8  0.013   0.026    1.919  
  u_bch1/u_bm/u_div3/g4339__4733/Y    -      B->Y          F     NAND2XL         4  0.074   0.063    1.982  
  u_bch1/u_bm/u_div3/g4331__8246/Y    -      B->Y          F     OR2X1           2  0.069   0.038    2.020  
  u_bch1/u_bm/u_div3/g4324__5526/Y    -      AN->Y         F     NOR2BX1         1  0.009   0.020    2.040  
  u_bch1/u_bm/u_div3/g4316__7410/Y    -      A1->Y         R     OAI221X1        1  0.018   0.026    2.066  
  u_bch1/u_bm/u_div3/g4311__9315/Y    -      A1->Y         F     AOI22XL         1  0.035   0.035    2.101  
  u_bch1/u_bm/u_div3/g4307__5115/Y    -      C0->Y         R     OAI211X1        1  0.037   0.019    2.120  
  u_bch1/u_bm/u_div3/g4306__1881/Y    -      A->Y          R     AND2X1          1  0.027   0.030    2.150  
  u_bch1/u_bm/g190__6783/Y            -      AN->Y         R     NOR2BX1        29  0.009   0.207    2.357  
  u_bch1/u_chien/g2042270/Y           -      A->Y          F     INVX1          16  0.348   0.180    2.536  
  u_bch1/u_chien/g2042229/Y           -      B->Y          R     NAND2XL         4  0.181   0.080    2.616  
  u_bch1/u_chien/g2042166/Y           -      B->Y          F     NOR2XL          8  0.058   0.082    2.698  
  u_bch1/u_chien/g2042038/Y           -      B->Y          R     NAND2XL         5  0.129   0.096    2.794  
  u_bch1/u_chien/g2041913/Y           -      B->Y          F     NOR2XL          7  0.110   0.112    2.906  
  u_bch1/u_chien/g2041695/Y           -      B1->Y         R     AOI32X1         1  0.150   0.069    2.975  
  u_bch1/u_chien/g2041634/Y           -      C0->Y         F     OAI221X1        1  0.047   0.053    3.028  
  u_bch1/u_chien/g2041599/Y           -      C0->Y         R     AOI221X1        1  0.056   0.055    3.083  
  u_bch1/u_chien/g2041593/Y           -      C0->Y         F     OAI221X1        1  0.062   0.070    3.153  
  u_bch1/u_chien/g2041564/Y           -      D->Y          R     NOR4X1          1  0.080   0.057    3.210  
  u_bch1/u_chien/g2041555/Y           -      C0->Y         F     OAI221X1        1  0.061   0.053    3.263  
  u_bch1/u_chien/g2041546/Y           -      C0->Y         R     AOI221X1        1  0.052   0.040    3.303  
  u_bch1/u_chien/g2041523/Y           -      D->Y          R     AND4XL          1  0.038   0.049    3.352  
  u_bch1/u_chien/g2041511/Y           -      C->Y          F     NAND3BXL        1  0.009   0.080    3.432  
  u_bch1/u_chien/g2041491__2802/Y     -      D->Y          R     NOR4X1          1  0.132   0.062    3.494  
  u_bch1/u_chien/g2041475__7410/Y     -      D->Y          R     AND4XL          1  0.045   0.054    3.548  
  u_bch1/u_chien/g2041459__5122/Y     -      D->Y          F     NAND4XL         1  0.015   0.066    3.614  
  u_bch1/g97/Y                        -      B->Y          F     CLKXOR2X2       1  0.105   0.146    3.760  
  word_out[10]                        -      word_out[10]  F     -               1  0.176   0.000    3.760  
#---------------------------------------------------------------------------------------------------------

