###############################################################
#  Generated by:      Cadence Innovus 21.15-s110_1
#  OS:                Linux x86_64(Host ID eltonsilva)
#  Generated on:      Mon Oct 13 14:58:47 2025
#  Design:            bch_32_bits_v1
#  Command:           report_timing -unconstrained > $lyt/${design}/reports/${design}_setup_s_timing.rpt
###############################################################
Path 1:
               View: analysis_normal_slow_max
         Startpoint: (F) data_in[5]
              Clock:
           Endpoint: (F) word_out[10]
              Clock:

                       Capture       Launch
        Src Latency:+    0.000        0.000
        Net Latency:+    0.000 (I)    0.000 (I)
            Arrival:=    0.000        0.000

       Launch Clock:=    0.000
          Data Path:+   18.982

#---------------------------------------------------------------------------------------------------------
# Timing Point                        Flags  Arc           Edge  Cell       Fanout  Trans   Delay  Arrival  
#                                                                                    (ns)    (ns)     (ns)  
#---------------------------------------------------------------------------------------------------------
  data_in[5]                          -      data_in[5]    F     (arrival)       3  0.004   0.000    0.000  
  u_bch1/u_syndrome/g2878/Y           -      A->Y          R     XNOR2X1         1  0.004   0.186    0.186  
  u_bch1/u_syndrome/g2840/Y           -      B->Y          F     XNOR2X1         2  0.029   0.142    0.328  
  u_bch1/u_syndrome/g2838/Y           -      B->Y          R     XNOR2X1         3  0.057   0.205    0.533  
  u_bch1/u_syndrome/g2809/Y           -      B->Y          F     XNOR2X1         1  0.084   0.154    0.687  
  u_bch1/u_syndrome/g2802/Y           -      B->Y          R     XNOR2X1         1  0.032   0.167    0.854  
  u_bch1/u_syndrome/g2786/Y           -      B->Y          F     XNOR2X1        46  0.033   0.582    1.436  
  u_bch1/u_bm/u_mult2/g4355/Y         -      A->Y          R     INVXL           2  0.862   0.549    1.985  
  u_bch1/u_bm/u_mult2/g4338__9315/Y   -      A->Y          F     NAND2XL         5  0.165   0.273    2.258  
  u_bch1/u_bm/u_mult2/g4308/Y         -      A->Y          R     INVXL           2  0.281   0.207    2.465  
  u_bch1/u_bm/u_mult2/g4323__2802/Y   -      B0->Y         F     AOI21XL         3  0.100   0.143    2.608  
  u_bch1/u_bm/u_mult2/g4283__3680/Y   -      A1->Y         R     OAI221X1        1  0.327   0.248    2.856  
  u_bch1/u_bm/u_mult2/g4270__2883/Y   -      A1->Y         F     AOI222X1        1  0.153   0.201    3.058  
  u_bch1/u_bm/u_mult2/g4263__1881/Y   -      B->Y          R     NAND2XL         2  0.167   0.148    3.205  
  u_bch1/u_bm/u_mult2/g4260__8246/Y   -      A->Y          R     AND2X1          1  0.101   0.160    3.365  
  u_bch1/u_bm/u_mult2/g4254__6783/CO  -      CI->CO        R     ADDFX1          2  0.032   0.188    3.553  
  u_bch1/u_bm/u_mult2/g4252__8428/Y   -      A1N->Y        R     OAI2BB1X1       1  0.048   0.142    3.695  
  u_bch1/u_bm/u_mult2/g4250__6260/CO  -      CI->CO        R     ADDFX1          2  0.055   0.204    3.898  
  u_bch1/u_bm/u_mult2/g4249__5107/Y   -      B->Y          R     XNOR2X1         2  0.056   0.145    4.044  
  u_bch1/u_bm/u_mult2/g4248__2398/Y   -      AN->Y         R     NOR2BX1         1  0.045   0.108    4.152  
  u_bch1/u_bm/u_mult2/g4247__5477/Y   -      A1->Y         F     AOI221X1        3  0.081   0.177    4.328  
  u_bch1/u_bm/u_mult2/g4246__6417/Y   -      B->Y          R     NOR2XL          2  0.182   0.164    4.492  
  u_bch1/u_bm/u_mult2/g4243__2346/Y   -      B->Y          F     NAND2XL         1  0.109   0.144    4.636  
  u_bch1/u_bm/u_mult2/g4234__7482/Y   -      B->Y          R     XNOR2X1         7  0.130   0.247    4.883  
  u_bch1/u_bm/u_mult2/g4233/Y         -      A->Y          F     INVX1           3  0.107   0.088    4.970  
  u_bch1/u_bm/u_mult2/g4231__5115/Y   -      B->Y          R     NOR2XL          4  0.053   0.190    5.160  
  u_bch1/u_bm/u_mult2/g4228/Y         -      A->Y          F     INVXL           2  0.269   0.213    5.373  
  u_bch1/u_bm/u_mult2/g4219__2802/Y   -      A1->Y         R     AOI21XL         3  0.097   0.175    5.548  
  u_bch1/u_bm/u_mult2/g4208__5477/Y   -      A->Y          R     AND2X1          1  0.189   0.200    5.748  
  u_bch1/u_bm/u_mult2/g4198__7482/Y   -      A1->Y         F     OAI211X1        1  0.031   0.126    5.873  
  u_bch1/u_bm/u_mult2/g4190__2802/Y   -      C0->Y         R     OAI211X1        1  0.149   0.109    5.983  
  u_bch1/u_bm/u_xor3/g49__2346/Y      -      B->Y          F     CLKXOR2X1      17  0.110   0.318    6.301  
  u_bch1/u_bm/u_div3/g4447__2346/Y    -      B->Y          R     NOR2XL          4  0.278   0.270    6.571  
  u_bch1/u_bm/u_div3/g4414/Y          -      A->Y          F     INVXL           3  0.205   0.181    6.752  
  u_bch1/u_bm/u_div3/g4430__8246/Y    -      B0->Y         R     OAI21XL         3  0.106   0.115    6.868  
  u_bch1/u_bm/u_div3/g4399__8246/Y    -      A2->Y         F     AOI33XL         2  0.198   0.368    7.236  
  u_bch1/u_bm/u_div3/g4377__9945/Y    -      C0->Y         R     OAI221X1        2  0.371   0.238    7.474  
  u_bch1/u_bm/u_div3/g4374__4733/Y    -      B->Y          F     NAND2BXL        2  0.133   0.162    7.636  
  u_bch1/u_bm/u_div3/g4365__2802/Y    -      A1N->Y        F     OAI2BB1X1       1  0.138   0.146    7.783  
  u_bch1/u_bm/u_div3/g4364__1617/CO   -      CI->CO        F     ADDFX1          1  0.076   0.190    7.973  
  u_bch1/u_bm/u_div3/g4363__3680/CO   -      CI->CO        F     ADDFX1          3  0.046   0.183    8.155  
  u_bch1/u_bm/u_div3/g4361__5526/Y    -      A1->Y         R     AOI21XL         2  0.058   0.109    8.265  
  u_bch1/u_bm/u_div3/g4360__8428/Y    -      B->Y          F     NAND2XL         3  0.113   0.150    8.415  
  u_bch1/u_bm/u_div3/g4356__5107/Y    -      B->Y          F     OR2X1           3  0.136   0.163    8.578  
  u_bch1/u_bm/u_div3/g4351__6417/Y    -      B->Y          F     OR2X1           3  0.053   0.122    8.701  
  u_bch1/u_bm/u_div3/g4348__1666/Y    -      B->Y          F     OR2X1           2  0.043   0.121    8.822  
  u_bch1/u_bm/u_div3/g4344__9945/Y    -      C0->Y         R     OAI211X1        8  0.050   0.091    8.913  
  u_bch1/u_bm/u_div3/g4339__4733/Y    -      B->Y          F     NAND2XL         4  0.246   0.333    9.247  
  u_bch1/u_bm/u_div3/g4331__8246/Y    -      B->Y          F     OR2X1           2  0.326   0.234    9.481  
  u_bch1/u_bm/u_div3/g4324__5526/Y    -      AN->Y         F     NOR2BX1         1  0.035   0.074    9.555  
  u_bch1/u_bm/u_div3/g4316__7410/Y    -      A1->Y         R     OAI221X1        1  0.066   0.102    9.657  
  u_bch1/u_bm/u_div3/g4311__9315/Y    -      A1->Y         F     AOI22XL         1  0.111   0.180    9.837  
  u_bch1/u_bm/u_div3/g4307__5115/Y    -      C0->Y         R     OAI211X1        1  0.168   0.118    9.955  
  u_bch1/u_bm/u_div3/g4306__1881/Y    -      A->Y          R     AND2X1          1  0.093   0.157   10.112  
  u_bch1/u_bm/g190__6783/Y            -      AN->Y         R     NOR2BX1        29  0.034   0.785   10.897  
  u_bch1/u_chien/g2042270/Y           -      A->Y          F     INVX1          16  1.255   1.040   11.938  
  u_bch1/u_chien/g2042229/Y           -      B->Y          R     NAND2XL         4  0.716   0.500   12.437  
  u_bch1/u_chien/g2042166/Y           -      B->Y          F     NOR2XL          8  0.211   0.442   12.879  
  u_bch1/u_chien/g2042038/Y           -      B->Y          R     NAND2XL         5  0.614   0.564   13.442  
  u_bch1/u_chien/g2041913/Y           -      B->Y          F     NOR2XL          7  0.418   0.641   14.084  
  u_bch1/u_chien/g2041695/Y           -      B1->Y         R     AOI32X1         1  0.729   0.466   14.550  
  u_bch1/u_chien/g2041634/Y           -      C0->Y         F     OAI221X1        1  0.165   0.275   14.825  
  u_bch1/u_chien/g2041599/Y           -      C0->Y         R     AOI221X1        1  0.262   0.275   15.100  
  u_bch1/u_chien/g2041593/Y           -      C0->Y         F     OAI221X1        1  0.226   0.377   15.477  
  u_bch1/u_chien/g2041564/Y           -      D->Y          R     NOR4X1          1  0.387   0.310   15.786  
  u_bch1/u_chien/g2041555/Y           -      C0->Y         F     OAI221X1        1  0.226   0.273   16.060  
  u_bch1/u_chien/g2041546/Y           -      C0->Y         R     AOI221X1        1  0.215   0.191   16.250  
  u_bch1/u_chien/g2041523/Y           -      D->Y          R     AND4XL          1  0.122   0.291   16.542  
  u_bch1/u_chien/g2041511/Y           -      C->Y          F     NAND3BXL        1  0.036   0.503   17.045  
  u_bch1/u_chien/g2041491__2802/Y     -      D->Y          R     NOR4X1          1  0.807   0.458   17.503  
  u_bch1/u_chien/g2041475__7410/Y     -      D->Y          R     AND4XL          1  0.157   0.318   17.821  
  u_bch1/u_chien/g2041459__5122/Y     -      D->Y          F     NAND4XL         1  0.058   0.413   18.234  
  u_bch1/g97/Y                        -      B->Y          F     CLKXOR2X2       1  0.626   0.748   18.982  
  word_out[10]                        -      word_out[10]  F     -               1  0.641   0.000   18.982  
#---------------------------------------------------------------------------------------------------------

