###############################################################
#  Generated by:      Cadence Innovus 21.15-s110_1
#  OS:                Linux x86_64(Host ID eltonsilva)
#  Generated on:      Mon Oct 13 14:58:45 2025
#  Design:            bch_32_bits_v1
#  Command:           report_timing -unconstrained > $lyt/${design}/reports/${design}_hold_f_timing.rpt
###############################################################
Path 1:
               View: analysis_normal_fast_min
         Startpoint: (R) data_in[24]
              Clock:
           Endpoint: (R) word_out[14]
              Clock:

                       Capture       Launch
        Src Latency:+    0.000        0.000
        Net Latency:+    0.000 (I)    0.000 (I)
            Arrival:=    0.000        0.000

       Launch Clock:=    0.000
          Data Path:+    0.123

#------------------------------------------------------------------------------------
# Timing Point   Flags  Arc           Edge  Cell       Fanout  Trans   Delay  Arrival  
#                                                               (ns)    (ns)     (ns)  
#------------------------------------------------------------------------------------
  data_in[24]    -      data_in[24]   R     (arrival)       4  0.004   0.000    0.000  
  u_bch1/g101/Y  -      A->Y          R     CLKXOR2X2       1  0.004   0.123    0.123  
  word_out[14]   -      word_out[14]  R     -               1  0.161   0.000    0.123  
#------------------------------------------------------------------------------------

