###############################################################
#  Generated by:      Cadence Innovus 21.15-s110_1
#  OS:                Linux x86_64(Host ID eltonsilva)
#  Generated on:      Mon Oct  6 17:09:39 2025
#  Design:            h_decoder_39_32
#  Command:           report_timing -unconstrained > $lyt/${design}/reports/${design}_hold_s_timing.rpt
###############################################################
Path 1:
               View: analysis_normal_slow_max
         Startpoint: (R) d_in[27]
              Clock:
           Endpoint: (R) d_out[21]
              Clock:

                       Capture       Launch
        Src Latency:+    0.000        0.000
        Net Latency:+    0.000 (I)    0.000 (I)
            Arrival:=    0.000        0.000

       Launch Clock:=    0.000
          Data Path:+    0.404

#---------------------------------------------------------------------------------
# Timing Point   Flags  Arc        Edge  Cell       Fanout  Trans   Delay  Arrival  
#                                                            (ns)    (ns)     (ns)  
#---------------------------------------------------------------------------------
  d_in[27]       -      d_in[27]   R     (arrival)       3  0.004   0.000    0.000  
  g1995__2802/Y  -      B->Y       R     XNOR2X2         1  0.004   0.404    0.404  
  d_out[21]      -      d_out[21]  R     -               1  0.494   0.000    0.404  
#---------------------------------------------------------------------------------

