###############################################################
#  Generated by:      Cadence Innovus 21.15-s110_1
#  OS:                Linux x86_64(Host ID eltonsilva)
#  Generated on:      Mon Oct  6 17:09:40 2025
#  Design:            h_decoder_39_32
#  Command:           report_timing -unconstrained > $lyt/${design}/reports/${design}_setup_s_timing.rpt
###############################################################
Path 1:
               View: analysis_normal_slow_max
         Startpoint: (F) d_in[28]
              Clock:
           Endpoint: (R) d_out[2]
              Clock:

                       Capture       Launch
        Src Latency:+    0.000        0.000
        Net Latency:+    0.000 (I)    0.000 (I)
            Arrival:=    0.000        0.000

       Launch Clock:=    0.000
          Data Path:+    2.755

#--------------------------------------------------------------------------------
# Timing Point   Flags  Arc       Edge  Cell       Fanout  Trans   Delay  Arrival  
#                                                           (ns)    (ns)     (ns)  
#--------------------------------------------------------------------------------
  d_in[28]       -      d_in[28]  F     (arrival)       2  0.004   0.000    0.000  
  g2129__5107/Y  -      A->Y      R     XNOR2X1         1  0.004   0.183    0.183  
  g2099__4319/Y  -      A->Y      F     XNOR2X1         2  0.024   0.202    0.385  
  g2083__1881/Y  -      B->Y      R     XNOR2X1         1  0.079   0.185    0.571  
  g2081__7098/Y  -      B->Y      F     XNOR2X1         2  0.032   0.144    0.714  
  g2075__1617/Y  -      B->Y      R     XNOR2X1         1  0.057   0.184    0.899  
  g2069__6260/Y  -      B->Y      F     XNOR2X1         1  0.046   0.137    1.035  
  g2065__5477/Y  -      B->Y      R     XNOR2X1         4  0.033   0.180    1.215  
  g2064/Y        -      A->Y      F     INVXL           3  0.056   0.073    1.288  
  g2057__6161/Y  -      C->Y      R     NOR3XL          6  0.066   0.337    1.625  
  g2051/Y        -      A->Y      F     INVXL           3  0.508   0.385    2.011  
  g2017__2346/Y  -      AN->Y     F     NAND3BXL        1  0.159   0.206    2.217  
  g1981__9315/Y  -      A->Y      R     XNOR2X2         1  0.137   0.538    2.755  
  d_out[2]       -      d_out[2]  R     -               1  0.500   0.000    2.755  
#--------------------------------------------------------------------------------

