###############################################################
#  Generated by:      Cadence Innovus 21.15-s110_1
#  OS:                Linux x86_64(Host ID eltonsilva)
#  Generated on:      Mon Oct  6 17:09:39 2025
#  Design:            h_decoder_39_32
#  Command:           report_timing -unconstrained > $lyt/${design}/reports/${design}_setup_f_timing.rpt
###############################################################
Path 1:
               View: analysis_normal_fast_min
         Startpoint: (F) d_in[28]
              Clock:
           Endpoint: (R) d_out[2]
              Clock:

                       Capture       Launch
        Src Latency:+    0.000        0.000
        Net Latency:+    0.000 (I)    0.000 (I)
            Arrival:=    0.000        0.000

       Launch Clock:=    0.000
          Data Path:+    0.609

#--------------------------------------------------------------------------------
# Timing Point   Flags  Arc       Edge  Cell       Fanout  Trans   Delay  Arrival  
#                                                           (ns)    (ns)     (ns)  
#--------------------------------------------------------------------------------
  d_in[28]       -      d_in[28]  F     (arrival)       2  0.004   0.000    0.000  
  g2129__5107/Y  -      A->Y      R     XNOR2X1         1  0.004   0.041    0.041  
  g2099__4319/Y  -      A->Y      F     XNOR2X1         2  0.007   0.051    0.092  
  g2083__1881/Y  -      B->Y      R     XNOR2X1         1  0.021   0.037    0.129  
  g2081__7098/Y  -      B->Y      F     XNOR2X1         2  0.009   0.035    0.164  
  g2075__1617/Y  -      B->Y      R     XNOR2X1         1  0.016   0.039    0.203  
  g2069__6260/Y  -      B->Y      F     XNOR2X1         1  0.013   0.032    0.235  
  g2065__5477/Y  -      B->Y      R     XNOR2X1         4  0.009   0.040    0.276  
  g2064/Y        -      A->Y      F     INVXL           3  0.017   0.016    0.291  
  g2057__6161/Y  -      C->Y      R     NOR3XL          6  0.016   0.086    0.378  
  g2051/Y        -      A->Y      F     INVXL           3  0.140   0.061    0.439  
  g2017__2346/Y  -      AN->Y     F     NAND3BXL        1  0.042   0.035    0.473  
  g1981__9315/Y  -      A->Y      R     XNOR2X2         1  0.026   0.136    0.609  
  d_out[2]       -      d_out[2]  R     -               1  0.162   0.000    0.609  
#--------------------------------------------------------------------------------

