###############################################################
#  Generated by:      Cadence Innovus 21.15-s110_1
#  OS:                Linux x86_64(Host ID eltonsilva)
#  Generated on:      Thu Oct  9 11:09:02 2025
#  Design:            bch_31_chien
#  Command:           report_timing -unconstrained > $lyt/${design}/reports/${design}_setup_s_timing.rpt
###############################################################
Path 1:
               View: analysis_normal_slow_max
         Startpoint: (R) lambda2[0]
              Clock:
           Endpoint: (R) error_vector[23]
              Clock:

                       Capture       Launch
        Src Latency:+    0.000        0.000
        Net Latency:+    0.000 (I)    0.000 (I)
            Arrival:=    0.000        0.000

       Launch Clock:=    0.000
          Data Path:+    9.258

#-------------------------------------------------------------------------------------------
# Timing Point      Flags  Arc               Edge  Cell       Fanout  Trans   Delay  Arrival  
#                                                                      (ns)    (ns)     (ns)  
#-------------------------------------------------------------------------------------------
  lambda2[0]        -      lambda2[0]        R     (arrival)      15  0.004   0.000    0.000  
  g2057230/Y        -      A->Y              F     INVXL           8  0.004   0.165    0.165  
  g2057220/Y        -      B->Y              R     NOR2XL         12  0.287   0.759    0.924  
  g2057206/Y        -      A->Y              F     INVXL           7  1.033   0.925    1.849  
  g2057166/Y        -      B->Y              R     NOR2XL         14  0.583   1.074    2.923  
  g2056997__3680/Y  -      B->Y              F     NAND2XL        11  1.308   1.730    4.653  
  g2056741__2883/Y  -      B->Y              R     NOR2XL          5  1.724   1.615    6.267  
  g2056579/Y        -      A->Y              F     INVXL           2  1.206   0.831    7.098  
  g2056361__8246/Y  -      B1->Y             R     OAI22XL         1  0.235   0.244    7.342  
  g2056265__2398/Y  -      C0->Y             F     AOI221X1        1  0.295   0.214    7.556  
  g2056254__6783/Y  -      C0->Y             R     OAI221X1        1  0.201   0.142    7.698  
  g2056206__9315/Y  -      D->Y              F     NOR4X1          1  0.279   0.208    7.906  
  g2056165__5122/Y  -      D->Y              R     NAND4XL         1  0.166   0.193    8.099  
  g2056126__6417/Y  -      D->Y              F     NOR4X1          1  0.207   0.152    8.251  
  g2057264/Y        -      D->Y              R     NAND4BX1        1  0.098   0.087    8.338  
  g2056057__9315/Y  -      D->Y              F     NOR4X1          1  0.114   0.099    8.437  
  g2056017__4733/Y  -      D->Y              R     NAND4XL         1  0.120   0.149    8.587  
  g2055986__1705/Y  -      D->Y              F     NOR4X1          1  0.184   0.142    8.728  
  g2055954__1617/Y  -      D->Y              R     NAND4XL         1  0.118   0.120    8.848  
  g2055933__1881/Y  -      C->Y              R     OR3X2           1  0.135   0.410    9.258  
  error_vector[23]  -      error_vector[23]  R     -               1  0.492   0.000    9.258  
#-------------------------------------------------------------------------------------------

