###############################################################
#  Generated by:      Cadence Innovus 21.15-s110_1
#  OS:                Linux x86_64(Host ID eltonsilva)
#  Generated on:      Thu Oct  9 11:09:01 2025
#  Design:            bch_31_chien
#  Command:           report_timing -unconstrained > $lyt/${design}/reports/${design}_hold_f_timing.rpt
###############################################################
Path 1:
               View: analysis_normal_fast_min
         Startpoint: (F) lambda2[0]
              Clock:
           Endpoint: (R) error_found
              Clock:

                       Capture       Launch
        Src Latency:+    0.000        0.000
        Net Latency:+    0.000 (I)    0.000 (I)
            Arrival:=    0.000        0.000

       Launch Clock:=    0.000
          Data Path:+    0.175

#--------------------------------------------------------------------------------------
# Timing Point      Flags  Arc          Edge  Cell       Fanout  Trans   Delay  Arrival  
#                                                                 (ns)    (ns)     (ns)  
#--------------------------------------------------------------------------------------
  lambda2[0]        -      lambda2[0]   F     (arrival)      15  0.004   0.000    0.000  
  g2056244__8428/Y  -      A0->Y        R     OAI211X1        1  0.004   0.024    0.024  
  g2056179__5122/Y  -      D->Y         F     NOR4X1          1  0.023   0.015    0.039  
  g2056104__5477/Y  -      B->Y         R     NAND4XL         1  0.012   0.026    0.065  
  g2056087__1881/Y  -      C->Y         R     OR3X2           1  0.032   0.110    0.175  
  error_found       -      error_found  R     -               1  0.158   0.000    0.175  
#--------------------------------------------------------------------------------------

