###############################################################
#  Generated by:      Cadence Innovus 21.15-s110_1
#  OS:                Linux x86_64(Host ID eltonsilva)
#  Generated on:      Thu Oct  9 11:09:01 2025
#  Design:            bch_31_chien
#  Command:           report_timing -unconstrained > $lyt/${design}/reports/${design}_setup_f_timing.rpt
###############################################################
Path 1:
               View: analysis_normal_fast_min
         Startpoint: (R) lambda2[0]
              Clock:
           Endpoint: (R) error_vector[23]
              Clock:

                       Capture       Launch
        Src Latency:+    0.000        0.000
        Net Latency:+    0.000 (I)    0.000 (I)
            Arrival:=    0.000        0.000

       Launch Clock:=    0.000
          Data Path:+    1.677

#-------------------------------------------------------------------------------------------
# Timing Point      Flags  Arc               Edge  Cell       Fanout  Trans   Delay  Arrival  
#                                                                      (ns)    (ns)     (ns)  
#-------------------------------------------------------------------------------------------
  lambda2[0]        -      lambda2[0]        R     (arrival)      15  0.004   0.000    0.000  
  g2057230/Y        -      A->Y              F     INVXL           8  0.004   0.040    0.040  
  g2057220/Y        -      B->Y              R     NOR2XL         12  0.064   0.174    0.214  
  g2057206/Y        -      A->Y              F     INVXL           7  0.272   0.145    0.359  
  g2057166/Y        -      B->Y              R     NOR2XL         14  0.131   0.231    0.589  
  g2056997__3680/Y  -      B->Y              F     NAND2XL        11  0.338   0.283    0.872  
  g2056741__2883/Y  -      B->Y              R     NOR2XL          5  0.322   0.259    1.131  
  g2056579/Y        -      A->Y              F     INVXL           2  0.290   0.107    1.238  
  g2056361__8246/Y  -      B1->Y             R     OAI22XL         1  0.058   0.049    1.287  
  g2056265__2398/Y  -      C0->Y             F     AOI221X1        1  0.080   0.035    1.323  
  g2056254__6783/Y  -      C0->Y             R     OAI221X1        1  0.052   0.025    1.348  
  g2056206__9315/Y  -      D->Y              F     NOR4X1          1  0.074   0.034    1.382  
  g2056165__5122/Y  -      D->Y              R     NAND4XL         1  0.042   0.039    1.421  
  g2056126__6417/Y  -      D->Y              F     NOR4X1          1  0.057   0.026    1.448  
  g2057264/Y        -      D->Y              R     NAND4BX1        1  0.027   0.019    1.466  
  g2056057__9315/Y  -      D->Y              F     NOR4X1          1  0.030   0.018    1.485  
  g2056017__4733/Y  -      D->Y              R     NAND4XL         1  0.031   0.032    1.516  
  g2055986__1705/Y  -      D->Y              F     NOR4X1          1  0.048   0.024    1.540  
  g2055954__1617/Y  -      D->Y              R     NAND4XL         1  0.031   0.025    1.565  
  g2055933__1881/Y  -      C->Y              R     OR3X2           1  0.036   0.112    1.677  
  error_vector[23]  -      error_vector[23]  R     -               1  0.161   0.000    1.677  
#-------------------------------------------------------------------------------------------

