###############################################################
#  Generated by:      Cadence Innovus 21.15-s110_1
#  OS:                Linux x86_64(Host ID eltonsilva)
#  Generated on:      Thu Oct  9 10:46:42 2025
#  Design:            bch_31_pipe
#  Command:           report_timing -unconstrained > $lyt/${design}/reports/${design}_hold_s_timing.rpt
###############################################################
Path 1:
               View: analysis_normal_slow_max
         Startpoint: (F) codeword[13]
              Clock:
           Endpoint: (F) u_ff_cw/q_reg[13]/D
              Clock:

                       Capture       Launch
        Src Latency:+    0.000        0.000
        Net Latency:+    0.000 (I)    0.000 (I)
            Arrival:=    0.000        0.000

       Launch Clock:=    0.000
          Data Path:+    0.000

#------------------------------------------------------------------------------------------
# Timing Point         Flags  Arc           Edge  Cell       Fanout  Trans   Delay  Arrival  
#                                                                     (ns)    (ns)     (ns)  
#------------------------------------------------------------------------------------------
  codeword[13]         -      codeword[13]  F     (arrival)       3  0.004   0.000    0.000  
  u_ff_cw/q_reg[13]/D  -      D             F     DFFRHQX1        3  0.004   0.000    0.000  
#------------------------------------------------------------------------------------------

