###############################################################
#  Generated by:      Cadence Innovus 21.15-s110_1
#  OS:                Linux x86_64(Host ID eltonsilva)
#  Generated on:      Thu Oct  9 10:46:42 2025
#  Design:            bch_31_pipe
#  Command:           report_timing -unconstrained > $lyt/${design}/reports/${design}_setup_f_timing.rpt
###############################################################
Path 1:
               View: analysis_normal_fast_min
         Startpoint: (R) u_bm/u_ff6/q_reg[0]/CK
              Clock:
           Endpoint: (F) corrected_codeword_o[12]
              Clock:

                       Capture       Launch
        Src Latency:+    0.000        0.000
        Net Latency:+    0.000 (I)    0.000 (I)
            Arrival:=    0.000        0.000

       Launch Clock:=    0.000
          Data Path:+    1.607

#-----------------------------------------------------------------------------------------------------------
# Timing Point              Flags  Arc                       Edge  Cell       Fanout  Trans   Delay  Arrival  
#                                                                                      (ns)    (ns)     (ns)  
#-----------------------------------------------------------------------------------------------------------
  u_bm/u_ff6/q_reg[0]/CK    -      CK                        R     (arrival)     143  0.004       -    0.000  
  u_bm/u_ff6/q_reg[0]/Q     -      CK->Q                     R     DFFRHQX1       14  0.004   0.100    0.100  
  u_chien/g2057227/Y        -      A->Y                      F     INVX1           9  0.087   0.053    0.154  
  u_chien/g2057223/Y        -      B->Y                      R     NOR2XL          8  0.058   0.152    0.306  
  u_chien/g2057209/Y        -      A->Y                      F     INVX1          11  0.236   0.111    0.417  
  u_chien/g2057169/Y        -      B->Y                      R     NOR2XL         10  0.105   0.202    0.619  
  u_chien/g2057151/Y        -      A->Y                      F     INVX1           5  0.300   0.114    0.733  
  u_chien/g2057005/Y        -      B->Y                      R     NOR2XL          7  0.088   0.146    0.879  
  u_chien/g2056734/Y        -      B->Y                      F     NAND2XL         6  0.210   0.205    1.084  
  u_chien/g2056309/Y        -      C1->Y                     R     OAI222XL        1  0.250   0.103    1.187  
  u_chien/g2056256/Y        -      B0->Y                     F     AOI21XL         1  0.076   0.033    1.220  
  u_chien/g2056209/Y        -      D->Y                      R     NAND4XL         1  0.028   0.046    1.266  
  u_chien/g2057274/Y        -      D->Y                      F     NOR4BX1         1  0.078   0.032    1.298  
  u_chien/g2056128/Y        -      D->Y                      R     NAND4XL         1  0.025   0.029    1.327  
  u_chien/g2056090/Y        -      D->Y                      F     NOR4X1          1  0.046   0.022    1.350  
  u_chien/g2056053/Y        -      D->Y                      R     NAND4XL         1  0.023   0.030    1.380  
  u_chien/g2056019/Y        -      D->Y                      F     NOR4X1          1  0.051   0.023    1.403  
  u_chien/g2055989/Y        -      D->Y                      R     NAND4XL         1  0.027   0.024    1.427  
  u_chien/g2055959__2346/Y  -      D->Y                      F     NOR4X1          1  0.041   0.020    1.447  
  u_chien/g2055934__5477/Y  -      D->Y                      R     NAND4XL         1  0.032   0.021    1.468  
  u_corrector/g297/Y        -      B->Y                      F     CLKXOR2X2       1  0.035   0.139    1.607  
  corrected_codeword_o[12]  -      corrected_codeword_o[12]  F     -               1  0.174   0.000    1.607  
#-----------------------------------------------------------------------------------------------------------

