###############################################################
#  Generated by:      Cadence Innovus 21.15-s110_1
#  OS:                Linux x86_64(Host ID eltonsilva)
#  Generated on:      Thu Oct  9 10:46:43 2025
#  Design:            bch_31_pipe
#  Command:           report_timing -unconstrained > $lyt/${design}/reports/${design}_setup_s_timing.rpt
###############################################################
Path 1:
               View: analysis_normal_slow_max
         Startpoint: (R) u_bm/u_ff6/q_reg[0]/CK
              Clock:
           Endpoint: (F) corrected_codeword_o[12]
              Clock:

                       Capture       Launch
        Src Latency:+    0.000        0.000
        Net Latency:+    0.000 (I)    0.000 (I)
            Arrival:=    0.000        0.000

       Launch Clock:=    0.000
          Data Path:+    9.323

#-----------------------------------------------------------------------------------------------------------
# Timing Point              Flags  Arc                       Edge  Cell       Fanout  Trans   Delay  Arrival  
#                                                                                      (ns)    (ns)     (ns)  
#-----------------------------------------------------------------------------------------------------------
  u_bm/u_ff6/q_reg[0]/CK    -      CK                        R     (arrival)     143  0.005       -    0.000  
  u_bm/u_ff6/q_reg[0]/Q     -      CK->Q                     F     DFFRHQX1       14  0.005   0.370    0.370  
  u_chien/g2057227/Y        -      A->Y                      R     INVX1           9  0.320   0.266    0.636  
  u_chien/g2057223/Y        -      B->Y                      F     NOR2XL          8  0.197   0.434    1.070  
  u_chien/g2057209/Y        -      A->Y                      R     INVX1          11  0.600   0.467    1.537  
  u_chien/g2057169/Y        -      B->Y                      F     NOR2XL         10  0.314   0.600    2.137  
  u_chien/g2057151/Y        -      A->Y                      R     INVX1           5  0.754   0.497    2.634  
  u_chien/g2057005/Y        -      B->Y                      F     NOR2XL          7  0.240   0.434    3.068  
  u_chien/g2056734/Y        -      B->Y                      R     NAND2XL         6  0.538   0.616    3.684  
  u_chien/g2056309/Y        -      C1->Y                     F     OAI222XL        1  0.582   0.496    4.180  
  u_chien/g2056256/Y        -      B0->Y                     R     AOI21XL         1  0.284   0.207    4.387  
  u_chien/g2056209/Y        -      D->Y                      F     NAND4XL         1  0.084   0.825    5.212  
  u_chien/g2057274/Y        -      D->Y                      R     NOR4BX1         1  1.299   0.699    5.911  
  u_chien/g2056128/Y        -      D->Y                      F     NAND4XL         1  0.187   0.515    6.425  
  u_chien/g2056090/Y        -      D->Y                      R     NOR4X1          1  0.693   0.415    6.841  
  u_chien/g2056053/Y        -      D->Y                      F     NAND4XL         1  0.171   0.550    7.391  
  u_chien/g2056019/Y        -      D->Y                      R     NOR4X1          1  0.766   0.431    7.822  
  u_chien/g2055989/Y        -      D->Y                      F     NAND4XL         1  0.143   0.368    8.189  
  u_chien/g2055959__2346/Y  -      D->Y                      R     NOR4X1          1  0.481   0.312    8.502  
  u_chien/g2055934__5477/Y  -      D->Y                      F     NAND4XL         1  0.159   0.244    8.746  
  u_corrector/g297/Y        -      B->Y                      F     CLKXOR2X2       1  0.260   0.577    9.323  
  corrected_codeword_o[12]  -      corrected_codeword_o[12]  F     -               1  0.636   0.000    9.323  
#-----------------------------------------------------------------------------------------------------------

