###############################################################
#  Generated by:      Cadence Innovus 21.15-s110_1
#  OS:                Linux x86_64(Host ID eltonsilva)
#  Generated on:      Mon Oct 13 15:28:45 2025
#  Design:            bch_32_bits_v2
#  Command:           report_timing -unconstrained > $lyt/${design}/reports/${design}_setup_f_timing.rpt
###############################################################
Path 1:
               View: analysis_normal_fast_min
         Startpoint: (R) data_in[50]
              Clock:
           Endpoint: (F) error_detected
              Clock:

                       Capture       Launch
        Src Latency:+    0.000        0.000
        Net Latency:+    0.000 (I)    0.000 (I)
            Arrival:=    0.000        0.000

       Launch Clock:=    0.000
          Data Path:+    1.652

#--------------------------------------------------------------------------------------------------
# Timing Point               Flags  Arc             Edge  Cell       Fanout  Trans   Delay  Arrival  
#                                                                             (ns)    (ns)     (ns)  
#--------------------------------------------------------------------------------------------------
  data_in[50]                -      data_in[50]     R     (arrival)       2  0.004   0.000    0.000  
  u_bch4/sb/g1000/Y          -      A->Y            F     XNOR2X1         4  0.004   0.048    0.048  
  u_bch4/sb/g993/Y           -      A->Y            R     INVX1           3  0.017   0.015    0.063  
  u_bch4/sb/g974/Y           -      B->Y            R     MX2X1           1  0.016   0.034    0.098  
  u_bch4/sb/g970/Y           -      A->Y            F     XNOR2X1         1  0.008   0.044    0.141  
  u_bch4/sb/g959/Y           -      B->Y            R     XNOR2X1        19  0.008   0.080    0.221  
  u_bch4/bm/u_div2/g2111/Y   -      A->Y            F     INVXL           2  0.089   0.038    0.259  
  u_bch4/bm/u_div2/g2104/Y   -      B->Y            R     NOR2XL          3  0.024   0.037    0.296  
  u_bch4/bm/u_div2/g2100/Y   -      A->Y            F     INVXL           1  0.051   0.023    0.319  
  u_bch4/bm/u_div2/g2081/Y   -      B1->Y           R     OAI222XL        2  0.013   0.030    0.349  
  u_bch4/bm/u_div2/g2077/Y   -      A->Y            F     NAND2XL         3  0.061   0.050    0.399  
  u_bch4/bm/u_div2/g2066/Y   -      B->Y            R     NAND2BXL        1  0.053   0.024    0.423  
  u_bch4/bm/u_div2/g2065/Y   -      A->Y            R     AND2X1          1  0.015   0.027    0.450  
  u_bch4/bm/u_div2/g2064/Y   -      A1->Y           R     OA21X1          2  0.008   0.029    0.479  
  u_bch4/bm/u_div2/g2063/Y   -      A1N->Y          R     OAI2BB1X1       1  0.009   0.026    0.505  
  u_bch4/bm/u_div2/g2062/Y   -      B0->Y           F     OAI21XL         7  0.021   0.067    0.572  
  u_bch4/bm/u_div2/g2058/Y   -      B->Y            F     XNOR2X1         1  0.104   0.049    0.621  
  u_bch4/bm/u_div2/g2052/CO  -      CI->CO          F     ADDFX1          1  0.012   0.044    0.665  
  u_bch4/bm/u_div2/g2050/CO  -      CI->CO          F     ADDFX1          1  0.014   0.044    0.709  
  u_bch4/bm/u_div2/g2048/Y   -      B->Y            R     XNOR2X1         5  0.012   0.043    0.752  
  u_bch4/bm/u_div2/g2044/Y   -      AN->Y           R     NOR3BXL         2  0.022   0.045    0.797  
  u_bch4/bm/u_div2/g2038/Y   -      B->Y            F     NAND2XL         2  0.047   0.033    0.830  
  u_bch4/bm/u_div2/g2034/Y   -      B0->Y           R     OAI211X1        1  0.029   0.019    0.849  
  u_bch4/bm/u_xor1/g38/Y     -      B->Y            R     CLKXOR2X1      10  0.034   0.054    0.902  
  u_bch4/cb/g328531/Y        -      A->Y            F     INVX1           6  0.047   0.030    0.932  
  u_bch4/cb/g328526/Y        -      B->Y            R     NOR2XL          7  0.031   0.104    1.036  
  u_bch4/cb/g328517/Y        -      A->Y            F     INVX1           7  0.179   0.079    1.115  
  u_bch4/cb/g328382/Y        -      A0->Y           R     AOI33XL         1  0.070   0.057    1.173  
  u_bch4/cb/g328372/Y        -      C0->Y           F     OAI221X1        1  0.049   0.044    1.217  
  u_bch4/cb/g328367/Y        -      B->Y            R     NOR2XL          1  0.042   0.031    1.248  
  u_bch4/cb/g328364/Y        -      C0->Y           F     OAI211X1        1  0.030   0.033    1.281  
  u_bch4/cb/g328357/Y        -      D->Y            R     NOR4X1          1  0.033   0.053    1.334  
  u_bch4/cb/g328353/Y        -      D->Y            F     NAND4XL         1  0.078   0.113    1.447  
  g35/Y                      -      B->Y            F     OR3XL           1  0.152   0.064    1.511  
  g34/Y                      -      C->Y            F     OR3X2           1  0.012   0.141    1.652  
  error_detected             -      error_detected  F     -               1  0.176   0.000    1.652  
#--------------------------------------------------------------------------------------------------

