###############################################################
#  Generated by:      Cadence Innovus 21.15-s110_1
#  OS:                Linux x86_64(Host ID eltonsilva)
#  Generated on:      Mon Oct 13 15:28:45 2025
#  Design:            bch_32_bits_v2
#  Command:           report_timing -unconstrained > $lyt/${design}/reports/${design}_setup_s_timing.rpt
###############################################################
Path 1:
               View: analysis_normal_slow_max
         Startpoint: (R) data_in[50]
              Clock:
           Endpoint: (F) error_detected
              Clock:

                       Capture       Launch
        Src Latency:+    0.000        0.000
        Net Latency:+    0.000 (I)    0.000 (I)
            Arrival:=    0.000        0.000

       Launch Clock:=    0.000
          Data Path:+    8.257

#--------------------------------------------------------------------------------------------------
# Timing Point               Flags  Arc             Edge  Cell       Fanout  Trans   Delay  Arrival  
#                                                                             (ns)    (ns)     (ns)  
#--------------------------------------------------------------------------------------------------
  data_in[50]                -      data_in[50]     R     (arrival)       2  0.004   0.000    0.000  
  u_bch4/sb/g1000/Y          -      A->Y            F     XNOR2X1         4  0.004   0.184    0.183  
  u_bch4/sb/g993/Y           -      A->Y            R     INVX1           3  0.059   0.059    0.242  
  u_bch4/sb/g974/Y           -      B->Y            R     MX2X1           1  0.048   0.173    0.416  
  u_bch4/sb/g970/Y           -      A->Y            F     XNOR2X1         1  0.029   0.178    0.593  
  u_bch4/sb/g959/Y           -      B->Y            R     XNOR2X1        19  0.030   0.294    0.887  
  u_bch4/bm/u_div2/g2111/Y   -      A->Y            F     INVXL           2  0.263   0.201    1.088  
  u_bch4/bm/u_div2/g2104/Y   -      B->Y            R     NOR2XL          3  0.082   0.146    1.234  
  u_bch4/bm/u_div2/g2100/Y   -      A->Y            F     INVXL           1  0.172   0.132    1.367  
  u_bch4/bm/u_div2/g2081/Y   -      B1->Y           R     OAI222XL        2  0.051   0.113    1.480  
  u_bch4/bm/u_div2/g2077/Y   -      A->Y            F     NAND2XL         3  0.186   0.254    1.734  
  u_bch4/bm/u_div2/g2066/Y   -      B->Y            R     NAND2BXL        1  0.227   0.157    1.890  
  u_bch4/bm/u_div2/g2065/Y   -      A->Y            R     AND2X1          1  0.060   0.138    2.029  
  u_bch4/bm/u_div2/g2064/Y   -      A1->Y           R     OA21X1          2  0.028   0.138    2.167  
  u_bch4/bm/u_div2/g2063/Y   -      A1N->Y          R     OAI2BB1X1       1  0.032   0.126    2.292  
  u_bch4/bm/u_div2/g2062/Y   -      B0->Y           F     OAI21XL         7  0.086   0.329    2.622  
  u_bch4/bm/u_div2/g2061/Y   -      B->Y            R     NOR2BX1         1  0.461   0.295    2.917  
  u_bch4/bm/u_div2/g2052/CO  -      B->CO           R     ADDFX1          1  0.119   0.242    3.159  
  u_bch4/bm/u_div2/g2050/CO  -      CI->CO          R     ADDFX1          1  0.043   0.188    3.347  
  u_bch4/bm/u_div2/g2048/Y   -      B->Y            R     XNOR2X1         5  0.039   0.151    3.499  
  u_bch4/bm/u_div2/g2046/Y   -      D->Y            F     NAND4XL         3  0.069   0.353    3.852  
  u_bch4/bm/u_div2/g2035/Y   -      C0->Y           R     OAI211X1        1  0.515   0.324    4.175  
  u_bch4/bm/u_xor1/g37/Y     -      B->Y            F     CLKXOR2X1      11  0.137   0.305    4.481  
  u_bch4/cb/g328535/Y        -      A->Y            R     INVX1          11  0.235   0.236    4.716  
  u_bch4/cb/g328484/Y        -      A->Y            F     NOR2XL          4  0.214   0.279    4.995  
  u_bch4/cb/g328471/Y        -      A->Y            R     INVX1           5  0.266   0.217    5.212  
  u_bch4/cb/g328447/Y        -      B->Y            F     NOR2XL          4  0.156   0.194    5.406  
  u_bch4/cb/g328418/Y        -      A->Y            F     AND2X1          1  0.194   0.142    5.548  
  u_bch4/cb/g328382/Y        -      A2->Y           R     AOI33XL         1  0.025   0.130    5.678  
  u_bch4/cb/g328372/Y        -      C0->Y           F     OAI221X1        1  0.163   0.217    5.895  
  u_bch4/cb/g328367/Y        -      B->Y            R     NOR2XL          1  0.171   0.157    6.052  
  u_bch4/cb/g328364/Y        -      C0->Y           F     OAI211X1        1  0.108   0.164    6.216  
  u_bch4/cb/g328357/Y        -      D->Y            R     NOR4X1          1  0.143   0.251    6.467  
  u_bch4/cb/g328353/Y        -      D->Y            F     NAND4XL         1  0.313   0.705    7.173  
  g35/Y                      -      B->Y            F     OR3XL           1  0.914   0.549    7.722  
  g34/Y                      -      C->Y            F     OR3X2           1  0.054   0.535    8.257  
  error_detected             -      error_detected  F     -               1  0.637   0.000    8.257  
#--------------------------------------------------------------------------------------------------

