###############################################################
#  Generated by:      Cadence Innovus 21.15-s110_1
#  OS:                Linux x86_64(Host ID eltonsilva)
#  Generated on:      Mon Oct 13 13:57:24 2025
#  Design:            h_decoder_22_16
#  Command:           report_timing -unconstrained > $lyt/${design}/reports/${design}_setup_s_timing.rpt
###############################################################
Path 1:
               View: analysis_normal_slow_max
         Startpoint: (R) i_CodeWord[13]
              Clock:
           Endpoint: (F) o_DecodWord[1]
              Clock:

                       Capture       Launch
        Src Latency:+    0.000        0.000
        Net Latency:+    0.000 (I)    0.000 (I)
            Arrival:=    0.000        0.000

       Launch Clock:=    0.000
          Data Path:+    3.052

#---------------------------------------------------------------------------------------
# Timing Point    Flags  Arc             Edge  Cell       Fanout  Trans   Delay  Arrival  
#                                                                  (ns)    (ns)     (ns)  
#---------------------------------------------------------------------------------------
  i_CodeWord[13]  -      i_CodeWord[13]  R     (arrival)       3  0.004   0.000    0.000  
  g1331__1705/Y   -      A->Y            F     XNOR2X1         1  0.004   0.169    0.169  
  g1318__6260/Y   -      B->Y            R     XNOR2X1         1  0.032   0.169    0.338  
  g1312__2398/Y   -      B->Y            F     XNOR2X1         2  0.036   0.139    0.477  
  g1306__9945/Y   -      B->Y            R     XNOR2X1         1  0.045   0.172    0.649  
  g1304__6161/Y   -      B->Y            F     XNOR2X1         4  0.033   0.143    0.793  
  g1303/Y         -      A->Y            R     INVXL           2  0.055   0.054    0.846  
  g1299__1881/Y   -      B->Y            F     NAND2XL         3  0.038   0.126    0.972  
  g1297__7098/Y   -      AN->Y           F     NAND2BXL        1  0.167   0.158    1.130  
  g1294__1705/Y   -      A2->Y           R     AOI32X1         1  0.089   0.113    1.243  
  g1293__2802/Y   -      B0->Y           R     OA21X2          3  0.070   0.463    1.706  
  g1291__1617/Y   -      A->Y            R     AND2X1          3  0.502   0.352    2.058  
  g1283__8428/Y   -      C->Y            F     NAND3XL         3  0.040   0.242    2.299  
  g1268__2346/Y   -      B->Y            R     NOR2XL          1  0.356   0.242    2.542  
  g1263__2802/Y   -      B->Y            F     CLKXOR2X2       1  0.089   0.510    3.052  
  o_DecodWord[1]  -      o_DecodWord[1]  F     -               1  0.595   0.000    3.052  
#---------------------------------------------------------------------------------------

