###############################################################
#  Generated by:      Cadence Innovus 21.15-s110_1
#  OS:                Linux x86_64(Host ID eltonsilva)
#  Generated on:      Mon Oct 13 13:57:23 2025
#  Design:            h_decoder_22_16
#  Command:           report_timing -unconstrained > $lyt/${design}/reports/${design}_hold_f_timing.rpt
###############################################################
Path 1:
               View: analysis_normal_fast_min
         Startpoint: (F) i_CodeWord[21]
              Clock:
           Endpoint: (F) o_DecodWord[15]
              Clock:

                       Capture       Launch
        Src Latency:+    0.000        0.000
        Net Latency:+    0.000 (I)    0.000 (I)
            Arrival:=    0.000        0.000

       Launch Clock:=    0.000
          Data Path:+    0.000

#-----------------------------------------------------------------------------------------
# Timing Point     Flags  Arc              Edge  Cell       Fanout  Trans   Delay  Arrival  
#                                                                    (ns)    (ns)     (ns)  
#-----------------------------------------------------------------------------------------
  i_CodeWord[21]   -      i_CodeWord[21]   F     (arrival)       3  0.004   0.000    0.000  
  o_DecodWord[15]  -      o_DecodWord[15]  F     -               3  0.004   0.000    0.000  
#-----------------------------------------------------------------------------------------

