###############################################################
#  Generated by:      Cadence Innovus 21.15-s110_1
#  OS:                Linux x86_64(Host ID eltonsilva)
#  Generated on:      Thu Oct  9 11:04:07 2025
#  Design:            bch_bm_block_p
#  Command:           report_timing -unconstrained > $lyt/${design}/reports/${design}_hold_f_timing.rpt
###############################################################
Path 1:
               View: analysis_normal_fast_min
         Startpoint: (F) clk
              Clock:
           Endpoint: (F) s1/l1_1_reg[1]/CK
              Clock:

                       Capture       Launch
        Src Latency:+    0.000        0.000
        Net Latency:+    0.000 (I)    0.000 (I)
            Arrival:=    0.000        0.000

       Launch Clock:=    0.000
          Data Path:+    0.000

#-------------------------------------------------------------------------------
# Timing Point       Flags  Arc  Edge  Cell       Fanout  Trans   Delay  Arrival  
#                                                          (ns)    (ns)     (ns)  
#-------------------------------------------------------------------------------
  clk                -      clk  F     (arrival)      36  0.004   0.000    0.000  
  s1/l1_1_reg[1]/CK  -      CK   F     DFFRHQX1       36  0.004   0.000    0.000  
#-------------------------------------------------------------------------------

