###############################################################
#  Generated by:      Cadence Innovus 21.15-s110_1
#  OS:                Linux x86_64(Host ID eltonsilva)
#  Generated on:      Thu Oct  9 11:04:08 2025
#  Design:            bch_bm_block_p
#  Command:           report_timing -unconstrained > $lyt/${design}/reports/${design}_setup_s_timing.rpt
###############################################################
Path 1:
               View: analysis_normal_slow_max
         Startpoint: (R) s2/l2_2_reg[1]/CK
              Clock:
           Endpoint: (R) s3/l2_reg[2]/D
              Clock:

                       Capture       Launch
        Src Latency:+    0.000        0.000
        Net Latency:+    0.000 (I)    0.000 (I)
            Arrival:=    0.000        0.000

       Launch Clock:=    0.000
          Data Path:+    3.298

#-----------------------------------------------------------------------------------------
# Timing Point              Flags  Arc     Edge  Cell       Fanout  Trans   Delay  Arrival  
#                                                                    (ns)    (ns)     (ns)  
#-----------------------------------------------------------------------------------------
  s2/l2_2_reg[1]/CK         -      CK      R     (arrival)      36  0.004       -    0.000  
  s2/l2_2_reg[1]/Q          -      CK->Q   R     DFFRHQX1        6  0.004   0.264    0.264  
  s3/u_div1/g2108/Y         -      A->Y    F     INVXL           2  0.073   0.075    0.339  
  s3/u_div1/g2091__6417/Y   -      B0->Y   R     AOI21XL         1  0.052   0.083    0.422  
  s3/u_div1/g2079__1881/Y   -      A1->Y   F     OAI222XL        3  0.081   0.340    0.762  
  s3/u_div1/g2071__3680/Y   -      B->Y    R     NOR2BX1         2  0.375   0.246    1.008  
  s3/u_div1/g2066__6260/Y   -      AN->Y   R     NAND2BXL        1  0.106   0.096    1.104  
  s3/u_div1/g2065__5107/Y   -      A->Y    R     AND2X1          1  0.052   0.132    1.236  
  s3/u_div1/g2064__2398/Y   -      A1->Y   R     OA21X1          2  0.024   0.137    1.373  
  s3/u_div1/g2063__5477/Y   -      A1N->Y  R     OAI2BB1X1       1  0.033   0.127    1.499  
  s3/u_div1/g2062__6417/Y   -      B0->Y   F     OAI21XL         7  0.080   0.293    1.792  
  s3/u_div1/g2058__2883/Y   -      B->Y    R     XNOR2X1         1  0.402   0.316    2.108  
  s3/u_div1/g2052__5115/CO  -      CI->CO  R     ADDFX1          1  0.038   0.187    2.295  
  s3/u_div1/g2050__1881/CO  -      CI->CO  R     ADDFX1          1  0.041   0.187    2.482  
  s3/u_div1/g2048__7098/Y   -      B->Y    R     XNOR2X1         5  0.038   0.150    2.632  
  s3/u_div1/g2046__5122/Y   -      D->Y    F     NAND4XL         3  0.068   0.341    2.973  
  s3/u_div1/g2032__7410/Y   -      C->Y    R     NAND3BXL        1  0.496   0.325    3.298  
  s3/l2_reg[2]/D            -      D       R     DFFRX2          1  0.107   0.000    3.298  
#-----------------------------------------------------------------------------------------

