###############################################################
#  Generated by:      Cadence Innovus 21.15-s110_1
#  OS:                Linux x86_64(Host ID eltonsilva)
#  Generated on:      Thu Oct  9 11:04:08 2025
#  Design:            bch_bm_block_p
#  Command:           report_timing -unconstrained > $lyt/${design}/reports/${design}_setup_f_timing.rpt
###############################################################
Path 1:
               View: analysis_normal_fast_min
         Startpoint: (R) s2/S1_o_reg[2]/CK
              Clock:
           Endpoint: (R) s3/l2_reg[2]/D
              Clock:

                       Capture       Launch
        Src Latency:+    0.000        0.000
        Net Latency:+    0.000 (I)    0.000 (I)
            Arrival:=    0.000        0.000

       Launch Clock:=    0.000
          Data Path:+    0.684

#-----------------------------------------------------------------------------------------
# Timing Point              Flags  Arc     Edge  Cell       Fanout  Trans   Delay  Arrival  
#                                                                    (ns)    (ns)     (ns)  
#-----------------------------------------------------------------------------------------
  s2/S1_o_reg[2]/CK         -      CK      R     (arrival)      36  0.004       -    0.000  
  s2/S1_o_reg[2]/Q          -      CK->Q   R     DFFRHQX1        8  0.004   0.071    0.071  
  s3/u_div1/g2111/Y         -      A->Y    F     INVXL           2  0.034   0.019    0.090  
  s3/u_div1/g2104__2802/Y   -      B->Y    R     NOR2XL          3  0.014   0.031    0.121  
  s3/u_div1/g2100/Y         -      A->Y    F     INVXL           1  0.044   0.020    0.141  
  s3/u_div1/g2081__5115/Y   -      B1->Y   R     OAI222XL        2  0.012   0.033    0.175  
  s3/u_div1/g2077__7098/Y   -      B->Y    F     NAND2XL         3  0.066   0.049    0.224  
  s3/u_div1/g2066__6260/Y   -      B->Y    R     NAND2BXL        1  0.050   0.023    0.247  
  s3/u_div1/g2065__5107/Y   -      A->Y    R     AND2X1          1  0.014   0.026    0.273  
  s3/u_div1/g2064__2398/Y   -      A1->Y   R     OA21X1          2  0.007   0.029    0.302  
  s3/u_div1/g2063__5477/Y   -      A1N->Y  R     OAI2BB1X1       1  0.010   0.026    0.328  
  s3/u_div1/g2062__6417/Y   -      B0->Y   F     OAI21XL         7  0.020   0.062    0.390  
  s3/u_div1/g2058__2883/Y   -      B->Y    F     XNOR2X1         1  0.095   0.048    0.438  
  s3/u_div1/g2052__5115/CO  -      CI->CO  F     ADDFX1          1  0.012   0.044    0.482  
  s3/u_div1/g2050__1881/CO  -      CI->CO  F     ADDFX1          1  0.013   0.043    0.525  
  s3/u_div1/g2048__7098/Y   -      B->Y    F     XNOR2X1         5  0.012   0.038    0.564  
  s3/u_div1/g2047__8246/Y   -      B->Y    F     OR2X1           3  0.021   0.034    0.597  
  s3/u_div1/g2043__1617/Y   -      B->Y    R     NOR2XL          2  0.015   0.026    0.623  
  s3/u_div1/g2037__6260/Y   -      B->Y    F     NOR2XL          1  0.034   0.017    0.640  
  s3/u_div1/g2036__5107/Y   -      A1->Y   R     OAI22XL         1  0.014   0.023    0.663  
  s3/u_div1/g2032__7410/Y   -      AN->Y   R     NAND3BXL        1  0.033   0.021    0.684  
  s3/l2_reg[2]/D            -      D       R     DFFRX2          1  0.023   0.000    0.684  
#-----------------------------------------------------------------------------------------

