###############################################################
#  Generated by:      Cadence Innovus 21.15-s110_1
#  OS:                Linux x86_64(Host ID eltonsilva)
#  Generated on:      Thu Oct  9 11:04:08 2025
#  Design:            bch_bm_block_p
#  Command:           report_timing -unconstrained > $lyt/${design}/reports/${design}_hold_s_timing.rpt
###############################################################
Path 1:
               View: analysis_normal_slow_max
         Startpoint: (F) S3[1]
              Clock:
           Endpoint: (F) s1/S3_o_reg[1]/D
              Clock:

                       Capture       Launch
        Src Latency:+    0.000        0.000
        Net Latency:+    0.000 (I)    0.000 (I)
            Arrival:=    0.000        0.000

       Launch Clock:=    0.000
          Data Path:+    0.000

#--------------------------------------------------------------------------------
# Timing Point      Flags  Arc    Edge  Cell       Fanout  Trans   Delay  Arrival  
#                                                           (ns)    (ns)     (ns)  
#--------------------------------------------------------------------------------
  S3[1]             -      S3[1]  F     (arrival)       1  0.004   0.000    0.000  
  s1/S3_o_reg[1]/D  -      D      F     DFFRHQX1        1  0.004   0.000    0.000  
#--------------------------------------------------------------------------------

