###############################################################
#  Generated by:      Cadence Innovus 21.15-s110_1
#  OS:                Linux x86_64(Host ID eltonsilva)
#  Generated on:      Mon Oct  6 17:10:25 2025
#  Design:            h_decoder_21_16
#  Command:           report_timing -unconstrained > $lyt/${design}/reports/${design}_setup_f_timing.rpt
###############################################################
Path 1:
               View: analysis_normal_fast_min
         Startpoint: (R) i_CodeWord[13]
              Clock:
           Endpoint: (R) o_DecodWord[13]
              Clock:

                       Capture       Launch
        Src Latency:+    0.000        0.000
        Net Latency:+    0.000 (I)    0.000 (I)
            Arrival:=    0.000        0.000

       Launch Clock:=    0.000
          Data Path:+    0.686

#-----------------------------------------------------------------------------------------
# Timing Point     Flags  Arc              Edge  Cell       Fanout  Trans   Delay  Arrival  
#                                                                    (ns)    (ns)     (ns)  
#-----------------------------------------------------------------------------------------
  i_CodeWord[13]   -      i_CodeWord[13]   R     (arrival)       3  0.004   0.000    0.000  
  g1331__1705/Y    -      A->Y             F     XNOR2X1         1  0.004   0.044    0.044  
  g1318__6260/Y    -      B->Y             R     XNOR2X1         1  0.009   0.037    0.081  
  g1312__2398/Y    -      B->Y             F     XNOR2X1         2  0.010   0.034    0.114  
  g1306__9945/Y    -      B->Y             R     XNOR2X1         1  0.013   0.036    0.151  
  g1304__6161/Y    -      B->Y             F     XNOR2X1         4  0.010   0.035    0.186  
  g1298__6131/Y    -      B->Y             R     XNOR2X1         1  0.016   0.038    0.224  
  g1295__5122/Y    -      B->Y             F     XNOR2X1         2  0.011   0.034    0.258  
  g1294__1705/Y    -      B1->Y            R     AOI32X1         1  0.014   0.019    0.277  
  g1293__2802/Y    -      B0->Y            R     OA21X2          3  0.023   0.126    0.403  
  g1292/Y          -      A->Y             F     INVXL           2  0.163   0.064    0.467  
  g1289__6783/Y    -      B->Y             R     NOR2XL          4  0.037   0.050    0.517  
  g1285__4319/Y    -      B->Y             F     NAND2XL         1  0.065   0.034    0.551  
  g1274__7482/Y    -      A->Y             R     XNOR2X2         1  0.023   0.135    0.686  
  o_DecodWord[13]  -      o_DecodWord[13]  R     -               1  0.161   0.000    0.686  
#-----------------------------------------------------------------------------------------

