###############################################################
#  Generated by:      Cadence Innovus 21.15-s110_1
#  OS:                Linux x86_64(Host ID eltonsilva)
#  Generated on:      Mon Oct 13 15:27:35 2025
#  Design:            bch_32_bits_v2_p
#  Command:           report_timing -unconstrained > $lyt/${design}/reports/${design}_setup_s_timing.rpt
###############################################################
Path 1:
               View: analysis_normal_slow_max
         Startpoint: (R) u_bch1/codeword_ff_reg[10]/CK
              Clock:
           Endpoint: (F) u_bch1/u_ff3/q_reg[2]/D
              Clock:

                       Capture       Launch
        Src Latency:+    0.000        0.000
        Net Latency:+    0.000 (I)    0.000 (I)
            Arrival:=    0.000        0.000

       Launch Clock:=    0.000
          Data Path:+    4.666

#------------------------------------------------------------------------------------------------
# Timing Point                     Flags  Arc     Edge  Cell       Fanout  Trans   Delay  Arrival  
#                                                                           (ns)    (ns)     (ns)  
#------------------------------------------------------------------------------------------------
  u_bch1/codeword_ff_reg[10]/CK    -      CK      R     (arrival)     181  0.006       -    0.000  
  u_bch1/codeword_ff_reg[10]/Q     -      CK->Q   R     DFFRHQX1        3  0.006   0.271    0.271  
  u_bch1/sb/g1000__6131/Y          -      A->Y    F     XNOR2X1         4  0.085   0.229    0.500  
  u_bch1/sb/g993/Y                 -      A->Y    R     INVX1           3  0.074   0.065    0.565  
  u_bch1/sb/g974__2883/Y           -      B->Y    R     MX2X1           1  0.046   0.171    0.736  
  u_bch1/sb/g970__4733/Y           -      A->Y    F     XNOR2X1         1  0.027   0.185    0.921  
  u_bch1/sb/g959__1617/Y           -      B->Y    R     XNOR2X1        19  0.045   0.308    1.229  
  u_bch1/bm/u_div2/g2111/Y         -      A->Y    F     INVXL           2  0.278   0.209    1.439  
  u_bch1/bm/u_div2/g2104__6131/Y   -      B->Y    R     NOR2XL          3  0.081   0.119    1.558  
  u_bch1/bm/u_div2/g2100/Y         -      A->Y    F     INVXL           1  0.128   0.103    1.661  
  u_bch1/bm/u_div2/g2081__9945/Y   -      B1->Y   R     OAI222XL        2  0.044   0.099    1.760  
  u_bch1/bm/u_div2/g2077__4733/Y   -      A->Y    F     NAND2XL         3  0.168   0.252    2.012  
  u_bch1/bm/u_div2/g2066__3680/Y   -      B->Y    R     NAND2BXL        1  0.243   0.165    2.177  
  u_bch1/bm/u_div2/g2065__6783/Y   -      A->Y    R     AND2X1          1  0.059   0.137    2.314  
  u_bch1/bm/u_div2/g2064__5526/Y   -      A1->Y   R     OA21X1          2  0.027   0.141    2.455  
  u_bch1/bm/u_div2/g2063__8428/Y   -      A1N->Y  R     OAI2BB1X1       1  0.038   0.127    2.582  
  u_bch1/bm/u_div2/g2062__4319/Y   -      B0->Y   F     OAI21XL         7  0.072   0.321    2.903  
  u_bch1/bm/u_div2/g2061__6260/Y   -      B->Y    R     NOR2BX1         1  0.461   0.297    3.200  
  u_bch1/bm/u_div2/g2052__9945/CO  -      B->CO   R     ADDFX1          1  0.122   0.246    3.446  
  u_bch1/bm/u_div2/g2050__9315/CO  -      CI->CO  R     ADDFX1          1  0.047   0.189    3.635  
  u_bch1/bm/u_div2/g2048__4733/Y   -      B->Y    R     XNOR2X1         5  0.036   0.158    3.793  
  u_bch1/bm/u_div2/g2046__5115/Y   -      D->Y    F     NAND4XL         3  0.084   0.348    4.141  
  u_bch1/bm/u_div2/g2032__6260/Y   -      C->Y    R     NAND3BXL        1  0.494   0.332    4.472  
  u_bch1/bm/u_xor1/g40__9315/Y     -      B->Y    F     CLKXOR2X1       1  0.120   0.194    4.666  
  u_bch1/u_ff3/q_reg[2]/D          -      D       F     DFFRHQX1        1  0.042   0.000    4.666  
#------------------------------------------------------------------------------------------------

