###############################################################
#  Generated by:      Cadence Innovus 21.15-s110_1
#  OS:                Linux x86_64(Host ID eltonsilva)
#  Generated on:      Mon Oct 13 15:27:34 2025
#  Design:            bch_32_bits_v2_p
#  Command:           report_timing -unconstrained > $lyt/${design}/reports/${design}_setup_f_timing.rpt
###############################################################
Path 1:
               View: analysis_normal_fast_min
         Startpoint: (R) u_bch4/codeword_ff_reg[10]/CK
              Clock:
           Endpoint: (F) u_bch4/u_ff3/q_reg[2]/D
              Clock:

                       Capture       Launch
        Src Latency:+    0.000        0.000
        Net Latency:+    0.000 (I)    0.000 (I)
            Arrival:=    0.000        0.000

       Launch Clock:=    0.000
          Data Path:+    0.978

#----------------------------------------------------------------------------------------------
# Timing Point                   Flags  Arc     Edge  Cell       Fanout  Trans   Delay  Arrival  
#                                                                         (ns)    (ns)     (ns)  
#----------------------------------------------------------------------------------------------
  u_bch4/codeword_ff_reg[10]/CK  -      CK      R     (arrival)     181  0.005       -    0.000  
  u_bch4/codeword_ff_reg[10]/Q   -      CK->Q   R     DFFRHQX1        3  0.005   0.066    0.066  
  u_bch4/sb/g1000/Y              -      A->Y    F     XNOR2X1         4  0.024   0.054    0.119  
  u_bch4/sb/g993/Y               -      A->Y    R     INVX1           3  0.022   0.016    0.135  
  u_bch4/sb/g974/Y               -      B->Y    R     MX2X1           1  0.015   0.034    0.169  
  u_bch4/sb/g970/Y               -      A->Y    F     XNOR2X1         1  0.007   0.044    0.213  
  u_bch4/sb/g959/Y               -      B->Y    R     XNOR2X1        19  0.009   0.076    0.289  
  u_bch4/bm/u_div2/g2111/Y       -      A->Y    F     INVXL           2  0.081   0.035    0.324  
  u_bch4/bm/u_div2/g2104/Y       -      B->Y    R     NOR2XL          3  0.022   0.035    0.358  
  u_bch4/bm/u_div2/g2100/Y       -      A->Y    F     INVXL           1  0.048   0.022    0.380  
  u_bch4/bm/u_div2/g2081/Y       -      B1->Y   R     OAI222XL        2  0.013   0.032    0.412  
  u_bch4/bm/u_div2/g2077/Y       -      A->Y    F     NAND2XL         3  0.063   0.052    0.464  
  u_bch4/bm/u_div2/g2066/Y       -      B->Y    R     NAND2BXL        1  0.054   0.025    0.489  
  u_bch4/bm/u_div2/g2065/Y       -      A->Y    R     AND2X1          1  0.016   0.026    0.515  
  u_bch4/bm/u_div2/g2064/Y       -      A1->Y   R     OA21X1          2  0.007   0.030    0.545  
  u_bch4/bm/u_div2/g2063/Y       -      A1N->Y  R     OAI2BB1X1       1  0.011   0.026    0.571  
  u_bch4/bm/u_div2/g2062/Y       -      B0->Y   F     OAI21XL         7  0.023   0.064    0.635  
  u_bch4/bm/u_div2/g2058/Y       -      B->Y    F     XNOR2X1         1  0.096   0.048    0.683  
  u_bch4/bm/u_div2/g2052/CO      -      CI->CO  F     ADDFX1          1  0.011   0.044    0.727  
  u_bch4/bm/u_div2/g2050/CO      -      CI->CO  F     ADDFX1          1  0.014   0.045    0.772  
  u_bch4/bm/u_div2/g2048/Y       -      B->Y    R     XNOR2X1         5  0.013   0.044    0.816  
  u_bch4/bm/u_div2/g2044/Y       -      AN->Y   R     NOR3BXL         2  0.023   0.048    0.864  
  u_bch4/bm/u_div2/g2037/Y       -      A->Y    F     NOR2XL          1  0.051   0.026    0.889  
  u_bch4/bm/u_div2/g2036/Y       -      A1->Y   R     OAI22XL         1  0.016   0.025    0.914  
  u_bch4/bm/u_div2/g2032/Y       -      AN->Y   R     NAND3BXL        1  0.035   0.024    0.938  
  u_bch4/bm/u_xor1/g40/Y         -      B->Y    F     CLKXOR2X1       1  0.027   0.039    0.978  
  u_bch4/u_ff3/q_reg[2]/D        -      D       F     DFFRHQX1        1  0.008   0.000    0.978  
#----------------------------------------------------------------------------------------------

