###############################################################
#  Generated by:      Cadence Innovus 21.15-s110_1
#  OS:                Linux x86_64(Host ID eltonsilva)
#  Generated on:      Mon Oct 13 13:06:18 2025
#  Design:            h_decoder_64_57
#  Command:           report_timing -unconstrained > $lyt/${design}/reports/${design}_setup_f_timing.rpt
###############################################################
Path 1:
               View: analysis_normal_fast_min
         Startpoint: (F) i_CodeWord[44]
              Clock:
           Endpoint: (R) o_DecodWord[18]
              Clock:

                       Capture       Launch
        Src Latency:+    0.000        0.000
        Net Latency:+    0.000 (I)    0.000 (I)
            Arrival:=    0.000        0.000

       Launch Clock:=    0.000
          Data Path:+    0.928

#-----------------------------------------------------------------------------------------
# Timing Point     Flags  Arc              Edge  Cell       Fanout  Trans   Delay  Arrival  
#                                                                    (ns)    (ns)     (ns)  
#-----------------------------------------------------------------------------------------
  i_CodeWord[44]   -      i_CodeWord[44]   F     (arrival)       2  0.004   0.000    0.000  
  g4111__7482/Y    -      A->Y             R     XNOR2X1         1  0.004   0.041    0.041  
  g4086__6131/Y    -      A->Y             F     XNOR2X1         2  0.007   0.051    0.092  
  g4050__1881/Y    -      B->Y             R     XNOR2X1         1  0.021   0.036    0.128  
  g4044__5107/Y    -      A->Y             F     XNOR2X1         1  0.007   0.044    0.172  
  g4037__2883/Y    -      B->Y             R     XNOR2X1         2  0.008   0.039    0.211  
  g4029__6131/Y    -      B->Y             F     XNOR2X1         1  0.015   0.034    0.244  
  g4024__2802/Y    -      B->Y             F     XNOR2X1         1  0.012   0.032    0.276  
  g4023__1617/Y    -      B->Y             R     XNOR2X1         6  0.010   0.044    0.320  
  g4020/Y          -      A->Y             F     INVXL           4  0.023   0.022    0.342  
  g4006__2883/Y    -      B->Y             R     XNOR2X1         1  0.025   0.039    0.381  
  g4000__5115/Y    -      B->Y             F     XNOR2X1         1  0.011   0.032    0.412  
  g3999__1881/Y    -      B->Y             R     XNOR2X2         4  0.009   0.130    0.542  
  g3997__6131/Y    -      B->Y             F     NAND2XL         3  0.167   0.078    0.620  
  g3989__6783/Y    -      C->Y             R     NOR3XL          7  0.049   0.104    0.723  
  g3968__8428/Y    -      B->Y             F     NAND2XL         1  0.154   0.068    0.791  
  g3889__1705/Y    -      A->Y             R     XNOR2X2         1  0.039   0.137    0.928  
  o_DecodWord[18]  -      o_DecodWord[18]  R     -               1  0.161   0.000    0.928  
#-----------------------------------------------------------------------------------------

