###############################################################
#  Generated by:      Cadence Innovus 21.15-s110_1
#  OS:                Linux x86_64(Host ID eltonsilva)
#  Generated on:      Mon Oct 13 13:06:19 2025
#  Design:            h_decoder_64_57
#  Command:           report_timing -unconstrained > $lyt/${design}/reports/${design}_setup_s_timing.rpt
###############################################################
Path 1:
               View: analysis_normal_slow_max
         Startpoint: (F) i_CodeWord[44]
              Clock:
           Endpoint: (R) o_DecodWord[18]
              Clock:

                       Capture       Launch
        Src Latency:+    0.000        0.000
        Net Latency:+    0.000 (I)    0.000 (I)
            Arrival:=    0.000        0.000

       Launch Clock:=    0.000
          Data Path:+    4.030

#-----------------------------------------------------------------------------------------
# Timing Point     Flags  Arc              Edge  Cell       Fanout  Trans   Delay  Arrival  
#                                                                    (ns)    (ns)     (ns)  
#-----------------------------------------------------------------------------------------
  i_CodeWord[44]   -      i_CodeWord[44]   F     (arrival)       2  0.004   0.000    0.000  
  g4111__7482/Y    -      A->Y             R     XNOR2X1         1  0.004   0.185    0.185  
  g4086__6131/Y    -      A->Y             F     XNOR2X1         2  0.027   0.204    0.389  
  g4050__1881/Y    -      B->Y             R     XNOR2X1         1  0.080   0.182    0.571  
  g4044__5107/Y    -      A->Y             F     XNOR2X1         1  0.025   0.176    0.747  
  g4037__2883/Y    -      B->Y             R     XNOR2X1         2  0.029   0.173    0.920  
  g4029__6131/Y    -      B->Y             F     XNOR2X1         1  0.046   0.143    1.063  
  g4024__2802/Y    -      B->Y             R     XNOR2X1         1  0.044   0.173    1.235  
  g4023__1617/Y    -      B->Y             R     XNOR2X1         6  0.035   0.150    1.385  
  g4020/Y          -      A->Y             F     INVXL           4  0.071   0.096    1.482  
  g4006__2883/Y    -      B->Y             R     XNOR2X1         1  0.093   0.195    1.676  
  g4000__5115/Y    -      B->Y             F     XNOR2X1         1  0.039   0.134    1.810  
  g3999__1881/Y    -      B->Y             R     XNOR2X2         4  0.033   0.468    2.278  
  g3997__6131/Y    -      B->Y             F     NAND2XL         3  0.514   0.398    2.676  
  g3989__6783/Y    -      C->Y             R     NOR3XL          7  0.178   0.419    3.095  
  g3968__8428/Y    -      B->Y             F     NAND2XL         1  0.551   0.397    3.492  
  g3889__1705/Y    -      A->Y             R     XNOR2X2         1  0.141   0.537    4.030  
  o_DecodWord[18]  -      o_DecodWord[18]  R     -               1  0.496   0.000    4.030  
#-----------------------------------------------------------------------------------------

