###############################################################
#  Generated by:      Cadence Innovus 21.15-s110_1
#  OS:                Linux x86_64(Host ID eltonsilva)
#  Generated on:      Mon Oct 13 13:06:18 2025
#  Design:            h_decoder_64_57
#  Command:           report_timing -unconstrained > $lyt/${design}/reports/${design}_hold_f_timing.rpt
###############################################################
Path 1:
               View: analysis_normal_fast_min
         Startpoint: (R) i_CodeWord[55]
              Clock:
           Endpoint: (R) o_DecodWord[48]
              Clock:

                       Capture       Launch
        Src Latency:+    0.000        0.000
        Net Latency:+    0.000 (I)    0.000 (I)
            Arrival:=    0.000        0.000

       Launch Clock:=    0.000
          Data Path:+    0.115

#-----------------------------------------------------------------------------------------
# Timing Point     Flags  Arc              Edge  Cell       Fanout  Trans   Delay  Arrival  
#                                                                    (ns)    (ns)     (ns)  
#-----------------------------------------------------------------------------------------
  i_CodeWord[55]   -      i_CodeWord[55]   R     (arrival)       3  0.004   0.000    0.000  
  g3875__8428/Y    -      B->Y             R     XNOR2X2         1  0.004   0.115    0.115  
  o_DecodWord[48]  -      o_DecodWord[48]  R     -               1  0.160   0.000    0.115  
#-----------------------------------------------------------------------------------------

