###############################################################
#  Generated by:      Cadence Innovus 21.15-s110_1
#  OS:                Linux x86_64(Host ID eltonsilva)
#  Generated on:      Mon Oct  6 17:06:02 2025
#  Design:            bch_pipelined
#  Command:           report_timing -unconstrained > $lyt/${design}/reports/${design}_setup_f_timing.rpt
###############################################################
Path 1:
               View: analysis_normal_fast_min
         Startpoint: (R) b3/l1_reg[1]/CK
              Clock:
           Endpoint: (F) cb/error_found_reg/D
              Clock:

                       Capture       Launch
        Src Latency:+    0.000        0.000
        Net Latency:+    0.000 (I)    0.000 (I)
            Arrival:=    0.000        0.000

       Launch Clock:=    0.000
          Data Path:+    0.915

#-------------------------------------------------------------------------------------
# Timing Point           Flags  Arc    Edge  Cell       Fanout  Trans   Delay  Arrival  
#                                                                (ns)    (ns)     (ns)  
#-------------------------------------------------------------------------------------
  b3/l1_reg[1]/CK        -      CK     R     (arrival)     136  0.005       -    0.000  
  b3/l1_reg[1]/Q         -      CK->Q  R     DFFRHQX1        8  0.005   0.079    0.079  
  cb/cb/g329652/Y        -      A->Y   F     INVX1           5  0.048   0.030    0.109  
  cb/cb/g329644__6131/Y  -      B->Y   R     NAND2XL         4  0.030   0.028    0.137  
  cb/cb/g329661__1666/Y  -      AN->Y  R     NAND2BX1        4  0.036   0.028    0.165  
  cb/cb/g329580__9315/Y  -      B0->Y  F     OAI21XL         2  0.024   0.030    0.196  
  cb/cb/g329525__2398/Y  -      D->Y   R     NOR4X1          1  0.035   0.029    0.224  
  cb/cb/g329502__7098/Y  -      C->Y   F     NAND3XL         8  0.034   0.108    0.332  
  cb/cb/g329498/Y        -      A->Y   R     INVX1           4  0.166   0.067    0.399  
  cb/cb/g329488__5107/Y  -      B->Y   R     XNOR2X1         2  0.056   0.035    0.435  
  cb/cb/g329443__1666/Y  -      A2->Y  F     AOI33XL         1  0.012   0.043    0.478  
  cb/cb/g329420__5122/Y  -      B->Y   R     NAND2XL         5  0.062   0.045    0.523  
  cb/cb/g329415/Y        -      A->Y   F     INVX1           4  0.049   0.026    0.549  
  cb/cb/g329382__5526/Y  -      A0->Y  R     AOI22XL         1  0.023   0.032    0.581  
  cb/cb/g329366__7482/Y  -      C0->Y  F     AOI221X1        1  0.036   0.019    0.600  
  cb/cb/g329358__2802/Y  -      C0->Y  R     OAI211X1        1  0.046   0.022    0.623  
  cb/cb/g329353__8428/Y  -      C0->Y  F     AOI221X1        2  0.039   0.023    0.646  
  cb/cb/g329351__6260/Y  -      C->Y   F     OR4X1           1  0.062   0.071    0.717  
  cb/cb/g329350__5107/Y  -      C->Y   F     OR3XL           1  0.014   0.036    0.753  
  cb/cb/g329349__2398/Y  -      D->Y   F     OR4X1           1  0.013   0.052    0.805  
  cb/cb/g329348__5477/Y  -      D->Y   F     OR4X1           1  0.013   0.052    0.857  
  cb/cb/g329347__6417/Y  -      D->Y   F     OR4X1           1  0.012   0.058    0.915  
  cb/error_found_reg/D   -      D      F     DFFRHQX1        1  0.024   0.000    0.915  
#-------------------------------------------------------------------------------------

