###############################################################
#  Generated by:      Cadence Innovus 21.15-s110_1
#  OS:                Linux x86_64(Host ID eltonsilva)
#  Generated on:      Fri Sep 26 16:35:41 2025
#  Design:            bch_pipelined
###############################################################
Path 1:
               View: analysis_normal_slow_max
         Startpoint: (R) b3/l1_reg[1]/CK
              Clock:
           Endpoint: (F) cb/error_found_reg/D
              Clock:

                       Capture       Launch
        Src Latency:+    0.000        0.000
        Net Latency:+    0.000 (I)    0.000 (I)
            Arrival:=    0.000        0.000

       Launch Clock:=    0.000
          Data Path:+    4.569

#-------------------------------------------------------------------------------------
# Timing Point           Flags  Arc    Edge  Cell       Fanout  Trans   Delay  Arrival  
#                                                                (ns)    (ns)     (ns)  
#-------------------------------------------------------------------------------------
  b3/l1_reg[1]/CK        -      CK     R     (arrival)     136  0.005       -    0.000  
  b3/l1_reg[1]/Q         -      CK->Q  R     DFFRHQX1        8  0.005   0.308    0.307  
  cb/cb/g329652/Y        -      A->Y   F     INVX1           5  0.152   0.140    0.448  
  cb/cb/g329644__6131/Y  -      B->Y   R     NAND2XL         4  0.108   0.119    0.567  
  cb/cb/g329661__1666/Y  -      AN->Y  R     NAND2BX1        4  0.116   0.133    0.700  
  cb/cb/g329580__9315/Y  -      B0->Y  F     OAI21XL         2  0.079   0.156    0.856  
  cb/cb/g329525__2398/Y  -      D->Y   R     NOR4X1          1  0.163   0.143    0.999  
  cb/cb/g329502__7098/Y  -      C->Y   F     NAND3XL         8  0.117   0.566    1.565  
  cb/cb/g329498/Y        -      A->Y   R     INVX1           4  0.841   0.527    2.092  
  cb/cb/g329488__5107/Y  -      B->Y   R     XNOR2X1         2  0.222   0.223    2.315  
  cb/cb/g329443__1666/Y  -      A2->Y  F     AOI33XL         1  0.042   0.236    2.551  
  cb/cb/g329420__5122/Y  -      B->Y   R     NAND2XL         5  0.282   0.245    2.796  
  cb/cb/g329415/Y        -      A->Y   F     INVX1           4  0.166   0.132    2.928  
  cb/cb/g329382__5526/Y  -      A0->Y  R     AOI22XL         1  0.080   0.133    3.061  
  cb/cb/g329366__7482/Y  -      C0->Y  F     AOI221X1        1  0.118   0.096    3.157  
  cb/cb/g329358__2802/Y  -      C0->Y  R     OAI211X1        1  0.162   0.116    3.273  
  cb/cb/g329353__8428/Y  -      C0->Y  F     AOI221X1        2  0.138   0.121    3.395  
  cb/cb/g329351__6260/Y  -      C->Y   F     OR4X1           1  0.221   0.334    3.729  
  cb/cb/g329350__5107/Y  -      C->Y   F     OR3XL           1  0.048   0.158    3.887  
  cb/cb/g329349__2398/Y  -      D->Y   F     OR4X1           1  0.063   0.226    4.113  
  cb/cb/g329348__5477/Y  -      D->Y   F     OR4X1           1  0.045   0.216    4.329  
  cb/cb/g329347__6417/Y  -      D->Y   F     OR4X1           1  0.041   0.240    4.569  
  cb/error_found_reg/D   -      D      F     DFFRHQX1        1  0.087   0.000    4.569  
#-------------------------------------------------------------------------------------

