###############################################################
#  Generated by:      Cadence Innovus 21.15-s110_1
#  OS:                Linux x86_64(Host ID eltonsilva)
#  Generated on:      Mon Oct  6 17:06:03 2025
#  Design:            bch_pipelined
#  Command:           report_timing -unconstrained > $lyt/${design}/reports/${design}_hold_s_timing.rpt
###############################################################
Path 1:
               View: analysis_normal_slow_max
         Startpoint: (F) codeword[8]
              Clock:
           Endpoint: (F) fi/mem_reg[0][8]/D
              Clock:

                       Capture       Launch
        Src Latency:+    0.000        0.000
        Net Latency:+    0.000 (I)    0.000 (I)
            Arrival:=    0.000        0.000

       Launch Clock:=    0.000
          Data Path:+    0.000

#----------------------------------------------------------------------------------------
# Timing Point        Flags  Arc          Edge  Cell       Fanout  Trans   Delay  Arrival  
#                                                                   (ns)    (ns)     (ns)  
#----------------------------------------------------------------------------------------
  codeword[8]         -      codeword[8]  F     (arrival)       4  0.004   0.000    0.000  
  fi/mem_reg[0][8]/D  -      D            F     DFFRHQX1        4  0.004   0.000    0.000  
#----------------------------------------------------------------------------------------

