###############################################################
#  Generated by:      Cadence Innovus 21.15-s110_1
#  OS:                Linux x86_64(Host ID eltonsilva)
#  Generated on:      Mon Oct 13 15:02:41 2025
#  Design:            bch_32_bits_v1_p
#  Command:           report_timing -unconstrained > $lyt/${design}/reports/${design}_setup_f_timing.rpt
###############################################################
Path 1:
               View: analysis_normal_fast_min
         Startpoint: (R) u_bch1/u_bm/u_ff6/q_reg[4]/CK
              Clock:
           Endpoint: (F) word_out[15]
              Clock:

                       Capture       Launch
        Src Latency:+    0.000        0.000
        Net Latency:+    0.000 (I)    0.000 (I)
            Arrival:=    0.000        0.000

       Launch Clock:=    0.000
          Data Path:+    1.626

#------------------------------------------------------------------------------------------------------
# Timing Point                     Flags  Arc           Edge  Cell       Fanout  Trans   Delay  Arrival  
#                                                                                 (ns)    (ns)     (ns)  
#------------------------------------------------------------------------------------------------------
  u_bch1/u_bm/u_ff6/q_reg[4]/CK    -      CK            R     (arrival)     196  0.007       -    0.000  
  u_bch1/u_bm/u_ff6/q_reg[4]/Q     -      CK->Q         R     DFFRHQX1       13  0.007   0.099    0.099  
  u_bch1/u_chien/g2043067/Y        -      A->Y          F     INVX1           6  0.084   0.047    0.145  
  u_bch1/u_chien/g2043035/Y        -      A->Y          R     NOR2XL         16  0.047   0.205    0.350  
  u_bch1/u_chien/g2043023/Y        -      A->Y          F     INVX1          11  0.334   0.143    0.493  
  u_bch1/u_chien/g2042978/Y        -      B->Y          R     NOR2XL         15  0.125   0.255    0.748  
  u_bch1/u_chien/g2042940/Y        -      B->Y          F     NAND2XL        13  0.384   0.362    1.110  
  u_bch1/u_chien/g2042422/Y        -      B1->Y         R     OAI221X1        1  0.435   0.166    1.276  
  u_bch1/u_chien/g2042393/Y        -      D->Y          R     OR4X1           1  0.098   0.047    1.323  
  u_bch1/u_chien/g2042381/Y        -      C0->Y         F     AOI221X1        1  0.031   0.017    1.339  
  u_bch1/u_chien/g2042378/Y        -      C0->Y         R     OAI221X1        1  0.058   0.030    1.369  
  u_bch1/u_chien/g2042354/Y        -      D->Y          F     NOR4X1          1  0.072   0.031    1.400  
  u_bch1/u_chien/g2042332/Y        -      D->Y          F     AND4XL          1  0.028   0.032    1.432  
  u_bch1/u_chien/g2042310__5107/Y  -      D->Y          R     NAND4BXL        1  0.026   0.018    1.449  
  u_bch1/u_chien/g2042302__2883/Y  -      C->Y          F     NOR3BXL         1  0.028   0.017    1.467  
  u_bch1/u_chien/g2042283__4319/Y  -      D->Y          R     NAND4XL         1  0.025   0.022    1.489  
  u_bch1/u_corrector/g164/Y        -      B->Y          F     CLKXOR2X2       1  0.047   0.138    1.626  
  word_out[15]                     -      word_out[15]  F     -               1  0.170   0.000    1.626  
#------------------------------------------------------------------------------------------------------

