###############################################################
#  Generated by:      Cadence Innovus 21.15-s110_1
#  OS:                Linux x86_64(Host ID eltonsilva)
#  Generated on:      Mon Oct 13 15:02:43 2025
#  Design:            bch_32_bits_v1_p
#  Command:           report_timing -unconstrained > $lyt/${design}/reports/${design}_setup_s_timing.rpt
###############################################################
Path 1:
               View: analysis_normal_slow_max
         Startpoint: (R) u_bch1/u_bm/u_ff6/q_reg[4]/CK
              Clock:
           Endpoint: (F) word_out[15]
              Clock:

                       Capture       Launch
        Src Latency:+    0.000        0.000
        Net Latency:+    0.000 (I)    0.000 (I)
            Arrival:=    0.000        0.000

       Launch Clock:=    0.000
          Data Path:+    8.800

#------------------------------------------------------------------------------------------------------
# Timing Point                     Flags  Arc           Edge  Cell       Fanout  Trans   Delay  Arrival  
#                                                                                 (ns)    (ns)     (ns)  
#------------------------------------------------------------------------------------------------------
  u_bch1/u_bm/u_ff6/q_reg[4]/CK    -      CK            R     (arrival)     196  0.011       -    0.000  
  u_bch1/u_bm/u_ff6/q_reg[4]/Q     -      CK->Q         R     DFFRHQX1       13  0.011   0.375    0.375  
  u_bch1/u_chien/g2043067/Y        -      A->Y          F     INVX1           6  0.269   0.237    0.612  
  u_bch1/u_chien/g2043035/Y        -      A->Y          R     NOR2XL         16  0.177   0.838    1.450  
  u_bch1/u_chien/g2043023/Y        -      A->Y          F     INVX1          11  1.259   0.899    2.349  
  u_bch1/u_chien/g2042978/Y        -      B->Y          R     NOR2XL         15  0.471   1.108    3.456  
  u_bch1/u_chien/g2042940/Y        -      B->Y          F     NAND2XL        13  1.465   2.184    5.640  
  u_bch1/u_chien/g2042422/Y        -      B1->Y         R     OAI221X1        1  2.360   1.368    7.008  
  u_bch1/u_chien/g2042393/Y        -      D->Y          R     OR4X1           1  0.394   0.316    7.325  
  u_bch1/u_chien/g2042381/Y        -      C0->Y         F     AOI221X1        1  0.117   0.091    7.416  
  u_bch1/u_chien/g2042378/Y        -      C0->Y         R     OAI221X1        1  0.192   0.146    7.562  
  u_bch1/u_chien/g2042354/Y        -      D->Y          F     NOR4X1          1  0.247   0.177    7.739  
  u_bch1/u_chien/g2042332/Y        -      D->Y          F     AND4XL          1  0.105   0.167    7.906  
  u_bch1/u_chien/g2042310__5107/Y  -      D->Y          R     NAND4BXL        1  0.133   0.109    8.015  
  u_bch1/u_chien/g2042302__2883/Y  -      C->Y          F     NOR3BXL         1  0.113   0.105    8.120  
  u_bch1/u_chien/g2042283__4319/Y  -      D->Y          R     NAND4XL         1  0.105   0.106    8.226  
  u_bch1/u_corrector/g164/Y        -      B->Y          F     CLKXOR2X2       1  0.205   0.574    8.800  
  word_out[15]                     -      word_out[15]  F     -               1  0.617   0.000    8.800  
#------------------------------------------------------------------------------------------------------

