###############################################################
#  Generated by:      Cadence Innovus 21.15-s110_1
#  OS:                Linux x86_64(Host ID eltonsilva)
#  Generated on:      Mon Oct 13 15:02:42 2025
#  Design:            bch_32_bits_v1_p
#  Command:           report_timing -unconstrained > $lyt/${design}/reports/${design}_hold_s_timing.rpt
###############################################################
Path 1:
               View: analysis_normal_slow_max
         Startpoint: (F) data_in[10]
              Clock:
           Endpoint: (F) u_bch1/u_ff_cw/q_reg[10]/D
              Clock:

                       Capture       Launch
        Src Latency:+    0.000        0.000
        Net Latency:+    0.000 (I)    0.000 (I)
            Arrival:=    0.000        0.000

       Launch Clock:=    0.000
          Data Path:+    0.000

#------------------------------------------------------------------------------------------------
# Timing Point                Flags  Arc          Edge  Cell       Fanout  Trans   Delay  Arrival  
#                                                                           (ns)    (ns)     (ns)  
#------------------------------------------------------------------------------------------------
  data_in[10]                 -      data_in[10]  F     (arrival)       6  0.004   0.000    0.000  
  u_bch1/u_ff_cw/q_reg[10]/D  -      D            F     DFFRHQX1        6  0.004   0.000    0.000  
#------------------------------------------------------------------------------------------------

