###############################################################
#  Generated by:      Cadence Innovus 21.15-s110_1
#  OS:                Linux x86_64(Host ID eltonsilva)
#  Generated on:      Thu Oct  9 10:48:36 2025
#  Design:            bch_31_syndrome
#  Command:           report_timing -unconstrained > $lyt/${design}/reports/${design}_setup_s_timing.rpt
###############################################################
Path 1:
               View: analysis_normal_slow_max
         Startpoint: (F) codeword[26]
              Clock:
           Endpoint: (F) S1[2]
              Clock:

                       Capture       Launch
        Src Latency:+    0.000        0.000
        Net Latency:+    0.000 (I)    0.000 (I)
            Arrival:=    0.000        0.000

       Launch Clock:=    0.000
          Data Path:+    1.918

#------------------------------------------------------------------------------------
# Timing Point   Flags  Arc           Edge  Cell       Fanout  Trans   Delay  Arrival  
#                                                               (ns)    (ns)     (ns)  
#------------------------------------------------------------------------------------
  codeword[26]   -      codeword[26]  F     (arrival)       5  0.004   0.000    0.000  
  g3657/Y        -      A->Y          R     INVXL           2  0.004   0.026    0.026  
  g3655__2346/Y  -      A1->Y         F     OAI22XL         4  0.033   0.318    0.345  
  g3591__2346/Y  -      A->Y          R     XNOR2X1         4  0.476   0.417    0.762  
  g3560__9315/Y  -      B->Y          F     XNOR2X1         1  0.077   0.155    0.916  
  g3538__6260/Y  -      B->Y          R     XNOR2X1         1  0.039   0.171    1.088  
  g3519__1881/Y  -      B->Y          F     XNOR2X1         1  0.036   0.136    1.223  
  g3508__4319/Y  -      B->Y          R     XNOR2X1         1  0.039   0.172    1.396  
  g3506__2398/Y  -      B->Y          F     XNOR2X4         2  0.038   0.522    1.918  
  S1[2]          -      S1[2]         F     -               2  0.627   0.000    1.918  
#------------------------------------------------------------------------------------

