###############################################################
#  Generated by:      Cadence Innovus 21.15-s110_1
#  OS:                Linux x86_64(Host ID eltonsilva)
#  Generated on:      Thu Oct  9 10:48:35 2025
#  Design:            bch_31_syndrome
#  Command:           report_timing -unconstrained > $lyt/${design}/reports/${design}_setup_f_timing.rpt
###############################################################
Path 1:
               View: analysis_normal_fast_min
         Startpoint: (R) codeword[26]
              Clock:
           Endpoint: (F) S1[2]
              Clock:

                       Capture       Launch
        Src Latency:+    0.000        0.000
        Net Latency:+    0.000 (I)    0.000 (I)
            Arrival:=    0.000        0.000

       Launch Clock:=    0.000
          Data Path:+    0.427

#------------------------------------------------------------------------------------
# Timing Point   Flags  Arc           Edge  Cell       Fanout  Trans   Delay  Arrival  
#                                                               (ns)    (ns)     (ns)  
#------------------------------------------------------------------------------------
  codeword[26]   -      codeword[26]  R     (arrival)       5  0.004   0.000    0.000  
  g3657/Y        -      A->Y          F     INVXL           2  0.004   0.010    0.010  
  g3655__2346/Y  -      A1->Y         R     OAI22XL         4  0.010   0.067    0.077  
  g3591__2346/Y  -      A->Y          F     XNOR2X1         4  0.112   0.067    0.144  
  g3560__9315/Y  -      B->Y          F     XNOR2X1         1  0.025   0.035    0.178  
  g3538__6260/Y  -      B->Y          R     XNOR2X1         1  0.010   0.037    0.215  
  g3519__1881/Y  -      B->Y          F     XNOR2X1         1  0.010   0.032    0.247  
  g3508__4319/Y  -      B->Y          R     XNOR2X1         1  0.010   0.037    0.285  
  g3506__2398/Y  -      B->Y          F     XNOR2X4         2  0.011   0.142    0.427  
  S1[2]          -      S1[2]         F     -               2  0.180   0.000    0.427  
#------------------------------------------------------------------------------------

