###############################################################
#  Generated by:      Cadence Innovus 21.15-s110_1
#  OS:                Linux x86_64(Host ID eltonsilva)
#  Generated on:      Thu Oct  9 10:48:36 2025
#  Design:            bch_31_syndrome
#  Command:           report_timing -unconstrained > $lyt/${design}/reports/${design}_hold_s_timing.rpt
###############################################################
Path 1:
               View: analysis_normal_slow_max
         Startpoint: (F) codeword[20]
              Clock:
           Endpoint: (R) S1[2]
              Clock:

                       Capture       Launch
        Src Latency:+    0.000        0.000
        Net Latency:+    0.000 (I)    0.000 (I)
            Arrival:=    0.000        0.000

       Launch Clock:=    0.000
          Data Path:+    0.612

#------------------------------------------------------------------------------------
# Timing Point   Flags  Arc           Edge  Cell       Fanout  Trans   Delay  Arrival  
#                                                               (ns)    (ns)     (ns)  
#------------------------------------------------------------------------------------
  codeword[20]   -      codeword[20]  F     (arrival)       3  0.004   0.000    0.000  
  g3645__6161/Y  -      B->Y          F     XNOR2X1         2  0.004   0.115    0.115  
  g3506__2398/Y  -      A->Y          R     XNOR2X4         2  0.040   0.497    0.612  
  S1[2]          -      S1[2]         R     -               2  0.489   0.000    0.612  
#------------------------------------------------------------------------------------

