###############################################################
#  Generated by:      Cadence Innovus 21.15-s110_1
#  OS:                Linux x86_64(Host ID eltonsilva)
#  Generated on:      Mon Oct 13 13:55:21 2025
#  Design:            h_decoder_32_26
#  Command:           report_timing -unconstrained > $lyt/${design}/reports/${design}_hold_s_timing.rpt
###############################################################
Path 1:
               View: analysis_normal_slow_max
         Startpoint: (R) i_CodeWord[29]
              Clock:
           Endpoint: (R) o_DecodWord[23]
              Clock:

                       Capture       Launch
        Src Latency:+    0.000        0.000
        Net Latency:+    0.000 (I)    0.000 (I)
            Arrival:=    0.000        0.000

       Launch Clock:=    0.000
          Data Path:+    0.404

#-----------------------------------------------------------------------------------------
# Timing Point     Flags  Arc              Edge  Cell       Fanout  Trans   Delay  Arrival  
#                                                                    (ns)    (ns)     (ns)  
#-----------------------------------------------------------------------------------------
  i_CodeWord[29]   -      i_CodeWord[29]   R     (arrival)       2  0.004   0.000    0.000  
  g1992__6260/Y    -      B->Y             R     XNOR2X2         1  0.004   0.404    0.404  
  o_DecodWord[23]  -      o_DecodWord[23]  R     -               1  0.494   0.000    0.404  
#-----------------------------------------------------------------------------------------

