###############################################################
#  Generated by:      Cadence Innovus 21.15-s110_1
#  OS:                Linux x86_64(Host ID eltonsilva)
#  Generated on:      Mon Oct 13 13:55:21 2025
#  Design:            h_decoder_32_26
#  Command:           report_timing -unconstrained > $lyt/${design}/reports/${design}_setup_f_timing.rpt
###############################################################
Path 1:
               View: analysis_normal_fast_min
         Startpoint: (R) i_CodeWord[17]
              Clock:
           Endpoint: (R) o_DecodWord[19]
              Clock:

                       Capture       Launch
        Src Latency:+    0.000        0.000
        Net Latency:+    0.000 (I)    0.000 (I)
            Arrival:=    0.000        0.000

       Launch Clock:=    0.000
          Data Path:+    0.880

#-----------------------------------------------------------------------------------------
# Timing Point     Flags  Arc              Edge  Cell       Fanout  Trans   Delay  Arrival  
#                                                                    (ns)    (ns)     (ns)  
#-----------------------------------------------------------------------------------------
  i_CodeWord[17]   -      i_CodeWord[17]   R     (arrival)       2  0.004   0.000    0.000  
  g2099__5477/Y    -      A->Y             F     XNOR2X1         1  0.004   0.043    0.043  
  g2086__6131/Y    -      A->Y             R     XNOR2X1         1  0.007   0.043    0.086  
  g2080__1617/Y    -      A->Y             F     XNOR2X1         2  0.009   0.050    0.135  
  g2076__8428/Y    -      B->Y             R     XNOR2X1         1  0.019   0.037    0.172  
  g2071__5477/Y    -      B->Y             F     XNOR2X1         1  0.009   0.031    0.203  
  g2067__2346/Y    -      B->Y             R     XNOR2X1         6  0.008   0.044    0.247  
  g2065/Y          -      A->Y             F     INVXL           4  0.024   0.024    0.271  
  g2060__7482/Y    -      B->Y             R     XNOR2X1         1  0.027   0.040    0.311  
  g2050__4319/Y    -      B->Y             F     XNOR2X1         1  0.013   0.033    0.344  
  g2044__5107/Y    -      B->Y             R     XNOR2X2         2  0.010   0.127    0.470  
  g2043/Y          -      A->Y             F     INVXL           5  0.162   0.071    0.541  
  g2039__1666/Y    -      C->Y             R     NOR3XL          8  0.050   0.126    0.667  
  g2022__3680/Y    -      B->Y             F     NAND2XL         1  0.192   0.077    0.743  
  g1986__6783/Y    -      A->Y             R     XNOR2X2         1  0.036   0.137    0.880  
  o_DecodWord[19]  -      o_DecodWord[19]  R     -               1  0.161   0.000    0.880  
#-----------------------------------------------------------------------------------------

