###############################################################
#  Generated by:      Cadence Innovus 21.15-s110_1
#  OS:                Linux x86_64(Host ID eltonsilva)
#  Generated on:      Mon Oct 13 13:55:21 2025
#  Design:            h_decoder_32_26
#  Command:           report_timing -unconstrained > $lyt/${design}/reports/${design}_setup_s_timing.rpt
###############################################################
Path 1:
               View: analysis_normal_slow_max
         Startpoint: (R) i_CodeWord[17]
              Clock:
           Endpoint: (R) o_DecodWord[19]
              Clock:

                       Capture       Launch
        Src Latency:+    0.000        0.000
        Net Latency:+    0.000 (I)    0.000 (I)
            Arrival:=    0.000        0.000

       Launch Clock:=    0.000
          Data Path:+    3.826

#-----------------------------------------------------------------------------------------
# Timing Point     Flags  Arc              Edge  Cell       Fanout  Trans   Delay  Arrival  
#                                                                    (ns)    (ns)     (ns)  
#-----------------------------------------------------------------------------------------
  i_CodeWord[17]   -      i_CodeWord[17]   R     (arrival)       2  0.004   0.000    0.000  
  g2099__5477/Y    -      A->Y             F     XNOR2X1         1  0.004   0.166    0.166  
  g2086__6131/Y    -      A->Y             R     XNOR2X1         1  0.026   0.196    0.362  
  g2080__1617/Y    -      A->Y             F     XNOR2X1         2  0.033   0.201    0.563  
  g2076__8428/Y    -      B->Y             R     XNOR2X1         1  0.069   0.180    0.743  
  g2071__5477/Y    -      B->Y             F     XNOR2X1         1  0.031   0.128    0.872  
  g2067__2346/Y    -      B->Y             R     XNOR2X1         6  0.030   0.188    1.060  
  g2065/Y          -      A->Y             F     INVXL           4  0.073   0.106    1.166  
  g2060__7482/Y    -      B->Y             R     XNOR2X1         1  0.108   0.204    1.370  
  g2050__4319/Y    -      B->Y             F     XNOR2X1         1  0.046   0.140    1.510  
  g2044__5107/Y    -      B->Y             R     XNOR2X2         2  0.038   0.462    1.971  
  g2043/Y          -      A->Y             F     INVXL           5  0.500   0.391    2.362  
  g2039__1666/Y    -      C->Y             R     NOR3XL          8  0.177   0.493    2.855  
  g2022__3680/Y    -      B->Y             F     NAND2XL         1  0.676   0.447    3.302  
  g1986__6783/Y    -      A->Y             R     XNOR2X2         1  0.108   0.523    3.826  
  o_DecodWord[19]  -      o_DecodWord[19]  R     -               1  0.496   0.000    3.826  
#-----------------------------------------------------------------------------------------

