###############################################################
#  Generated by:      Cadence Innovus 21.15-s110_1
#  OS:                Linux x86_64(Host ID eltonsilva)
#  Generated on:      Thu Oct  9 11:13:24 2025
#  Design:            bch_chien_block
#  Command:           report_timing -unconstrained > $lyt/${design}/reports/${design}_setup_s_timing.rpt
###############################################################
Path 1:
               View: analysis_normal_slow_max
         Startpoint: (R) lambda2[2]
              Clock:
           Endpoint: (F) error_found
              Clock:

                       Capture       Launch
        Src Latency:+    0.000        0.000
        Net Latency:+    0.000 (I)    0.000 (I)
            Arrival:=    0.000        0.000

       Launch Clock:=    0.000
          Data Path:+    5.015

#------------------------------------------------------------------------------------
# Timing Point    Flags  Arc          Edge  Cell       Fanout  Trans   Delay  Arrival  
#                                                               (ns)    (ns)     (ns)  
#------------------------------------------------------------------------------------
  lambda2[2]      -      lambda2[2]   R     (arrival)      10  0.004   0.000    0.000  
  g8170/Y         -      A->Y         F     INVXL           9  0.004   0.118    0.118  
  g8146__6260/Y   -      A0->Y        R     AOI22XL         5  0.199   0.294    0.412  
  g8132/Y         -      A->Y         F     INVXL           4  0.268   0.278    0.690  
  g8127__6260/Y   -      A1->Y        R     AOI22XL         1  0.217   0.197    0.888  
  g8107__6161/Y   -      C0->Y        F     OAI211X1       10  0.095   0.403    1.291  
  g8066__4733/CO  -      B->CO        F     ADDHX1          1  0.562   0.308    1.599  
  g8055__5526/Y   -      B->Y         R     NOR2XL          7  0.024   0.136    1.735  
  g8025__3680/Y   -      A1->Y        F     AOI21XL         4  0.220   0.297    2.032  
  g8007/Y         -      A->Y         R     INVXL           2  0.269   0.194    2.226  
  g7990__5526/Y   -      B1->Y        R     OA22X1          1  0.088   0.184    2.410  
  g7958__6783/Y   -      A1->Y        F     OAI21XL         5  0.031   0.282    2.692  
  g7936__9945/Y   -      B->Y         F     XNOR2X1         1  0.447   0.305    2.996  
  g7926__5122/Y   -      C0->Y        R     OAI211X1        1  0.033   0.039    3.035  
  g7921__6783/Y   -      C0->Y        F     AOI221X1        1  0.108   0.085    3.120  
  g7920__8428/Y   -      B->Y         F     AND2X2          2  0.124   0.446    3.566  
  g7915__4319/Y   -      C->Y         F     OR4X1           1  0.606   0.494    4.060  
  g7914__6260/Y   -      D->Y         F     OR4X1           1  0.043   0.215    4.275  
  g7913__5107/Y   -      D->Y         F     OR4X1           1  0.043   0.221    4.496  
  g7912__2398/Y   -      C->Y         F     OR3X2           1  0.053   0.520    5.015  
  error_found     -      error_found  F     -               1  0.612   0.000    5.015  
#------------------------------------------------------------------------------------

