###############################################################
#  Generated by:      Cadence Innovus 21.15-s110_1
#  OS:                Linux x86_64(Host ID eltonsilva)
#  Generated on:      Thu Oct  9 11:13:23 2025
#  Design:            bch_chien_block
#  Command:           report_timing -unconstrained > $lyt/${design}/reports/${design}_setup_f_timing.rpt
###############################################################
Path 1:
               View: analysis_normal_fast_min
         Startpoint: (R) lambda2[2]
              Clock:
           Endpoint: (F) error_found
              Clock:

                       Capture       Launch
        Src Latency:+    0.000        0.000
        Net Latency:+    0.000 (I)    0.000 (I)
            Arrival:=    0.000        0.000

       Launch Clock:=    0.000
          Data Path:+    1.088

#------------------------------------------------------------------------------------
# Timing Point    Flags  Arc          Edge  Cell       Fanout  Trans   Delay  Arrival  
#                                                               (ns)    (ns)     (ns)  
#------------------------------------------------------------------------------------
  lambda2[2]      -      lambda2[2]   R     (arrival)      10  0.004   0.000    0.000  
  g8170/Y         -      A->Y         F     INVXL           9  0.004   0.031    0.031  
  g8146__6260/Y   -      A0->Y        R     AOI22XL         5  0.048   0.066    0.097  
  g8132/Y         -      A->Y         F     INVXL           4  0.080   0.050    0.148  
  g8127__6260/Y   -      A1->Y        R     AOI22XL         1  0.050   0.037    0.185  
  g8107__6161/Y   -      C0->Y        F     OAI211X1       10  0.030   0.089    0.274  
  g8066__4733/CO  -      B->CO        F     ADDHX1          1  0.131   0.037    0.310  
  g8055__5526/Y   -      B->Y         R     NOR2XL          7  0.006   0.041    0.352  
  g8039__2346/Y   -      B->Y         F     NOR2XL          2  0.070   0.031    0.383  
  g8025__3680/Y   -      B0->Y        R     AOI21XL         4  0.029   0.048    0.431  
  g8007/Y         -      A->Y         F     INVXL           2  0.068   0.033    0.464  
  g7990__5526/Y   -      B1->Y        F     OA22X1          1  0.024   0.038    0.503  
  g7958__6783/Y   -      A1->Y        R     OAI21XL         5  0.009   0.065    0.567  
  g7936__9945/Y   -      B->Y         F     XNOR2X1         1  0.104   0.043    0.610  
  g7926__5122/Y   -      C0->Y        R     OAI211X1        1  0.009   0.010    0.621  
  g7921__6783/Y   -      C0->Y        F     AOI221X1        1  0.033   0.017    0.638  
  g7920__8428/Y   -      B->Y         F     AND2X2          2  0.036   0.117    0.754  
  g7915__4319/Y   -      C->Y         F     OR4X1           1  0.167   0.091    0.845  
  g7914__6260/Y   -      D->Y         F     OR4X1           1  0.013   0.052    0.897  
  g7913__5107/Y   -      D->Y         F     OR4X1           1  0.013   0.053    0.950  
  g7912__2398/Y   -      C->Y         F     OR3X2           1  0.015   0.139    1.088  
  error_found     -      error_found  F     -               1  0.170   0.000    1.088  
#------------------------------------------------------------------------------------

