###############################################################
#  Generated by:      Cadence Innovus 21.15-s110_1
#  OS:                Linux x86_64(Host ID eltonsilva)
#  Generated on:      Thu Oct  9 11:13:24 2025
#  Design:            bch_chien_block
#  Command:           report_timing -unconstrained > $lyt/${design}/reports/${design}_hold_s_timing.rpt
###############################################################
Path 1:
               View: analysis_normal_slow_max
         Startpoint: (R) lambda2[2]
              Clock:
           Endpoint: (F) error_vector[0]
              Clock:

                       Capture       Launch
        Src Latency:+    0.000        0.000
        Net Latency:+    0.000 (I)    0.000 (I)
            Arrival:=    0.000        0.000

       Launch Clock:=    0.000
          Data Path:+    0.510

#-----------------------------------------------------------------------------------------
# Timing Point     Flags  Arc              Edge  Cell       Fanout  Trans   Delay  Arrival  
#                                                                    (ns)    (ns)     (ns)  
#-----------------------------------------------------------------------------------------
  lambda2[2]       -      lambda2[2]       R     (arrival)      10  0.004   0.000    0.000  
  g8147__6417/Y    -      B0->Y            F     AOI22XL         1  0.004   0.066    0.066  
  g8130__1617/Y    -      D->Y             F     AND4X2          2  0.095   0.444    0.510  
  error_vector[0]  -      error_vector[0]  F     -               2  0.603   0.000    0.510  
#-----------------------------------------------------------------------------------------

