###############################################################
#  Generated by:      Cadence Innovus 21.15-s110_1
#  OS:                Linux x86_64(Host ID eltonsilva)
#  Generated on:      Mon Oct  6 16:27:19 2025
#  Design:            bch_pipe2_top
###############################################################
Path 1:
               View: analysis_normal_slow_max
         Startpoint: (R) u_ff2/q_reg[1]/CK
              Clock:
           Endpoint: (F) error_flag_reg/D
              Clock:

                       Capture       Launch
        Src Latency:+    0.000        0.000
        Net Latency:+    0.000 (I)    0.000 (I)
            Arrival:=    0.000        0.000

       Launch Clock:=    0.000
          Data Path:+    4.657

#----------------------------------------------------------------------------------
# Timing Point        Flags  Arc    Edge  Cell       Fanout  Trans   Delay  Arrival  
#                                                             (ns)    (ns)     (ns)  
#----------------------------------------------------------------------------------
  u_ff2/q_reg[1]/CK   -      CK     R     (arrival)      54  0.004       -    0.000  
  u_ff2/q_reg[1]/Q    -      CK->Q  R     DFFRHQX1        8  0.004   0.305    0.305  
  cb/g329652/Y        -      A->Y   F     INVX1           5  0.147   0.149    0.454  
  cb/g329644__2802/Y  -      B->Y   R     NAND2XL         4  0.128   0.127    0.582  
  cb/g329661__6161/Y  -      AN->Y  R     NAND2BX1        4  0.107   0.132    0.713  
  cb/g329580__1881/Y  -      B0->Y  F     OAI21XL         2  0.083   0.157    0.870  
  cb/g329525__2346/Y  -      D->Y   R     NOR4X1          1  0.161   0.147    1.017  
  cb/g329502__1617/Y  -      C->Y   F     NAND3XL         8  0.126   0.566    1.584  
  cb/g329498/Y        -      A->Y   R     INVX1           4  0.833   0.518    2.102  
  cb/g329488__1666/Y  -      B->Y   R     XNOR2X1         2  0.212   0.212    2.314  
  cb/g329443__6161/Y  -      A2->Y  F     AOI33XL         1  0.031   0.267    2.581  
  cb/g329420__6783/Y  -      B->Y   R     NAND2XL         5  0.346   0.281    2.862  
  cb/g329415/Y        -      A->Y   F     INVX1           4  0.170   0.137    2.999  
  cb/g329382__2398/Y  -      A0->Y  R     AOI22XL         1  0.086   0.149    3.148  
  cb/g329366__8246/Y  -      C0->Y  F     AOI221X1        1  0.139   0.110    3.259  
  cb/g329358__8428/Y  -      C0->Y  R     OAI211X1        1  0.163   0.114    3.372  
  cb/g329353__5477/Y  -      C0->Y  F     AOI221X1        2  0.127   0.104    3.476  
  cb/g329351__7410/Y  -      C->Y   F     OR4X1           1  0.173   0.336    3.812  
  cb/g329350__1666/Y  -      C->Y   F     OR3XL           1  0.088   0.167    3.979  
  cb/g329349__2346/Y  -      D->Y   F     OR4X1           1  0.051   0.222    4.202  
  cb/g329348__2883/Y  -      D->Y   F     OR4X1           1  0.048   0.220    4.422  
  cb/g329347__9945/Y  -      D->Y   F     OR4X1           1  0.046   0.235    4.657  
  error_flag_reg/D    -      D      F     DFFRX2          1  0.076   0.000    4.657  
#----------------------------------------------------------------------------------

