###############################################################
#  Generated by:      Cadence Innovus 21.15-s110_1
#  OS:                Linux x86_64(Host ID eltonsilva)
#  Generated on:      Mon Oct  6 16:27:18 2025
#  Design:            bch_pipe2_top
###############################################################
Path 1:
               View: analysis_normal_fast_min
         Startpoint: (R) codeword_ff_reg[10]/CK
              Clock:
           Endpoint: (F) u_ff3/q_reg[2]/D
              Clock:

                       Capture       Launch
        Src Latency:+    0.000        0.000
        Net Latency:+    0.000 (I)    0.000 (I)
            Arrival:=    0.000        0.000

       Launch Clock:=    0.000
          Data Path:+    0.977

#-----------------------------------------------------------------------------------------
# Timing Point              Flags  Arc     Edge  Cell       Fanout  Trans   Delay  Arrival  
#                                                                    (ns)    (ns)     (ns)  
#-----------------------------------------------------------------------------------------
  codeword_ff_reg[10]/CK    -      CK      R     (arrival)      54  0.004       -    0.000  
  codeword_ff_reg[10]/Q     -      CK->Q   R     DFFRHQX1        3  0.004   0.064    0.064  
  sb/g1000__1881/Y          -      A->Y    F     XNOR2X1         4  0.021   0.055    0.119  
  sb/g993/Y                 -      A->Y    R     INVX1           3  0.025   0.019    0.137  
  sb/g974__2346/Y           -      B->Y    R     MX2X1           1  0.019   0.034    0.171  
  sb/g970__6161/Y           -      A->Y    F     XNOR2X1         1  0.006   0.045    0.216  
  sb/g959__2802/Y           -      B->Y    R     XNOR2X1        19  0.010   0.079    0.296  
  bm/u_div2/g2111/Y         -      A->Y    F     INVXL           2  0.088   0.039    0.335  
  bm/u_div2/g2104__6131/Y   -      B->Y    R     NOR2XL          3  0.026   0.031    0.366  
  bm/u_div2/g2100/Y         -      A->Y    F     INVXL           1  0.040   0.019    0.385  
  bm/u_div2/g2081__9945/Y   -      B1->Y   R     OAI222XL        2  0.012   0.030    0.415  
  bm/u_div2/g2077__4733/Y   -      A->Y    F     NAND2XL         3  0.061   0.049    0.464  
  bm/u_div2/g2066__3680/Y   -      B->Y    R     NAND2BXL        1  0.051   0.023    0.487  
  bm/u_div2/g2065__6783/Y   -      A->Y    R     AND2X1          1  0.014   0.027    0.514  
  bm/u_div2/g2064__5526/Y   -      A1->Y   R     OA21X1          2  0.009   0.030    0.544  
  bm/u_div2/g2063__8428/Y   -      A1N->Y  R     OAI2BB1X1       1  0.010   0.026    0.570  
  bm/u_div2/g2062__4319/Y   -      B0->Y   F     OAI21XL         7  0.021   0.064    0.634  
  bm/u_div2/g2058__5477/Y   -      B->Y    F     XNOR2X1         1  0.098   0.051    0.684  
  bm/u_div2/g2052__9945/CO  -      CI->CO  F     ADDFX1          1  0.016   0.045    0.729  
  bm/u_div2/g2050__9315/CO  -      CI->CO  F     ADDFX1          1  0.013   0.043    0.772  
  bm/u_div2/g2048__4733/Y   -      B->Y    R     XNOR2X1         5  0.011   0.044    0.816  
  bm/u_div2/g2044__6131/Y   -      AN->Y   R     NOR3BXL         2  0.024   0.046    0.863  
  bm/u_div2/g2037__3680/Y   -      A->Y    F     NOR2XL          1  0.048   0.024    0.887  
  bm/u_div2/g2036__6783/Y   -      A1->Y   R     OAI22XL         1  0.016   0.025    0.913  
  bm/u_div2/g2032__6260/Y   -      AN->Y   R     NAND3BXL        1  0.036   0.024    0.936  
  bm/u_xor1/g40__9315/Y     -      B->Y    F     CLKXOR2X1       1  0.027   0.040    0.977  
  u_ff3/q_reg[2]/D          -      D       F     DFFRHQX1        1  0.010   0.000    0.977  
#-----------------------------------------------------------------------------------------

