###############################################################
#  Generated by:      Cadence Innovus 21.15-s110_1
#  OS:                Linux x86_64(Host ID eltonsilva)
#  Generated on:      Mon Oct  6 16:27:18 2025
#  Design:            bch_pipe2_top
###############################################################
Path 1:
               View: analysis_normal_slow_max
         Startpoint: (F) codeword[7]
              Clock:
           Endpoint: (F) codeword_ff_reg[7]/D
              Clock:

                       Capture       Launch
        Src Latency:+    0.000        0.000
        Net Latency:+    0.000 (I)    0.000 (I)
            Arrival:=    0.000        0.000

       Launch Clock:=    0.000
          Data Path:+    0.000

#------------------------------------------------------------------------------------------
# Timing Point          Flags  Arc          Edge  Cell       Fanout  Trans   Delay  Arrival  
#                                                                     (ns)    (ns)     (ns)  
#------------------------------------------------------------------------------------------
  codeword[7]           -      codeword[7]  F     (arrival)       1  0.004   0.000    0.000  
  codeword_ff_reg[7]/D  -      D            F     DFFRHQX1        1  0.004   0.000    0.000  
#------------------------------------------------------------------------------------------

