###############################################################
#  Generated by:      Cadence Innovus 21.15-s110_1
#  OS:                Linux x86_64(Host ID eltonsilva)
#  Generated on:      Thu Oct  9 10:50:48 2025
#  Design:            bch_31_top
#  Command:           report_timing -unconstrained > $lyt/${design}/reports/${design}_setup_s_timing.rpt
###############################################################
Path 1:
               View: analysis_normal_slow_max
         Startpoint: (F) codeword[26]
              Clock:
           Endpoint: (F) corrected_codeword_o[26]
              Clock:

                       Capture       Launch
        Src Latency:+    0.000        0.000
        Net Latency:+    0.000 (I)    0.000 (I)
            Arrival:=    0.000        0.000

       Launch Clock:=    0.000
          Data Path:+   22.313

#--------------------------------------------------------------------------------------------------------------
# Timing Point                 Flags  Arc                       Edge  Cell       Fanout  Trans   Delay  Arrival  
#                                                                                         (ns)    (ns)     (ns)  
#--------------------------------------------------------------------------------------------------------------
  codeword[26]                 -      codeword[26]              F     (arrival)       6  0.004   0.000    0.000  
  u_syndrome/g3657/Y           -      A->Y                      R     INVXL           2  0.004   0.025    0.025  
  u_syndrome/g3655/Y           -      A1->Y                     F     OAI22XL         4  0.031   0.313    0.338  
  u_syndrome/g3591/Y           -      A->Y                      R     XNOR2X1         4  0.469   0.424    0.762  
  u_syndrome/g3560/Y           -      B->Y                      F     XNOR2X1         1  0.095   0.164    0.926  
  u_syndrome/g3538/Y           -      B->Y                      R     XNOR2X1         1  0.040   0.170    1.095  
  u_syndrome/g3519/Y           -      B->Y                      F     XNOR2X1         1  0.032   0.132    1.227  
  u_syndrome/g3508/Y           -      B->Y                      R     XNOR2X1         1  0.035   0.171    1.398  
  u_syndrome/g3506/Y           -      B->Y                      F     XNOR2X1        37  0.039   0.514    1.912  
  u_bm/u_mult2/g4357/Y         -      A->Y                      R     INVX1           3  0.732   0.441    2.353  
  u_bm/u_mult2/g4355__6417/Y   -      B->Y                      F     NOR2XL          3  0.162   0.180    2.534  
  u_bm/u_mult2/g4347/Y         -      A->Y                      R     INVXL           2  0.152   0.121    2.655  
  u_bm/u_mult2/g4324__5526/Y   -      B->Y                      F     NOR2XL          3  0.068   0.119    2.774  
  u_bm/u_mult2/g4290__5526/Y   -      B0->Y                     R     AOI211XL        1  0.242   0.274    3.048  
  u_bm/u_mult2/g4276__6161/Y   -      A1->Y                     F     OAI221X1        1  0.204   0.323    3.371  
  u_bm/u_mult2/g4267__1705/CO  -      B->CO                     F     ADDHX1          1  0.294   0.192    3.563  
  u_bm/u_mult2/g4266__2802/CO  -      CI->CO                    F     ADDFX1          1  0.034   0.174    3.737  
  u_bm/u_mult2/g4265__1617/CO  -      CI->CO                    F     ADDFX1          1  0.054   0.188    3.925  
  u_bm/u_mult2/g4263__6783/CO  -      CI->CO                    F     ADDFX1          2  0.062   0.191    4.116  
  u_bm/u_mult2/g4262__5526/Y   -      B->Y                      R     XNOR2X1         2  0.060   0.186    4.301  
  u_bm/u_mult2/g4261__8428/Y   -      AN->Y                     R     NOR2BX1         1  0.047   0.112    4.413  
  u_bm/u_mult2/g4260__4319/Y   -      A1->Y                     F     AOI221X1        3  0.081   0.178    4.591  
  u_bm/u_mult2/g4258__5107/Y   -      AN->Y                     F     NAND2BXL        2  0.184   0.195    4.787  
  u_bm/u_mult2/g4254__5477/Y   -      AN->Y                     F     NAND2BXL        1  0.142   0.154    4.941  
  u_bm/u_mult2/g4241__4733/Y   -      B->Y                      R     XNOR2X1         7  0.101   0.241    5.182  
  u_bm/u_mult2/g4240/Y         -      A->Y                      F     INVX1           5  0.117   0.118    5.300  
  u_bm/u_mult2/g4234__8246/Y   -      B->Y                      R     NAND2XL         3  0.099   0.132    5.432  
  u_bm/u_mult2/g4223__5107/Y   -      A1->Y                     F     OAI22XL         1  0.145   0.195    5.627  
  u_bm/u_mult2/g4216__2883/Y   -      C0->Y                     R     AOI211XL        2  0.148   0.257    5.884  
  u_bm/u_mult2/g4211__7482/Y   -      A1->Y                     R     OA22X1          1  0.291   0.314    6.198  
  u_bm/u_mult2/g4207__7098/Y   -      C0->Y                     F     OAI211X1        1  0.035   0.155    6.353  
  u_bm/u_xor3/g50__6131/Y      -      B->Y                      R     CLKXOR2X1       7  0.193   0.234    6.586  
  u_bm/g258__8428/Y            -      B->Y                      F     NOR4X1          9  0.092   0.142    6.729  
  u_bm/g256__4319/Y            -      B->Y                      R     NAND2XL         2  0.165   0.161    6.890  
  u_bm/g241__5115/Y            -      B->Y                      F     NAND2BXL        7  0.215   0.501    7.391  
  u_bm/u_div1/g4447__1617/Y    -      B->Y                      R     NOR2XL          4  0.649   0.509    7.900  
  u_bm/u_div1/g4414/Y          -      A->Y                      F     INVXL           3  0.283   0.227    8.127  
  u_bm/u_div1/g4430__7410/Y    -      B0->Y                     R     OAI21XL         3  0.106   0.119    8.246  
  u_bm/u_div1/g4399__7410/Y    -      A2->Y                     F     AOI33XL         2  0.208   0.433    8.678  
  u_bm/u_div1/g4377__6783/Y    -      C0->Y                     R     OAI221X1        2  0.472   0.304    8.982  
  u_bm/u_div1/g4374__4319/Y    -      B->Y                      F     NAND2BXL        2  0.175   0.178    9.160  
  u_bm/u_div1/g4365__2883/Y    -      A1N->Y                    F     OAI2BB1X1       1  0.124   0.150    9.310  
  u_bm/u_div1/g4364__9945/CO   -      CI->CO                    F     ADDFX1          1  0.093   0.202    9.512  
  u_bm/u_div1/g4363__9315/CO   -      CI->CO                    F     ADDFX1          3  0.053   0.190    9.702  
  u_bm/u_div1/g4361__4733/Y    -      A1->Y                     R     AOI21XL         2  0.067   0.138    9.840  
  u_bm/u_div1/g4360__7482/Y    -      B->Y                      F     NAND2XL         3  0.153   0.174   10.014  
  u_bm/u_div1/g4356__6131/Y    -      B->Y                      F     OR2X1           3  0.139   0.160   10.174  
  u_bm/u_div1/g4351__5122/Y    -      B->Y                      F     OR2X1           3  0.046   0.118   10.292  
  u_bm/u_div1/g4348__2802/Y    -      B->Y                      F     OR2X1           2  0.041   0.118   10.410  
  u_bm/u_div1/g4344__6783/Y    -      C0->Y                     R     OAI211X1        8  0.045   0.073   10.483  
  u_bm/u_div1/g4339__4319/Y    -      B->Y                      F     NAND2XL         4  0.189   0.282   10.765  
  u_bm/u_div1/g4331__7410/Y    -      B->Y                      F     OR2X1           2  0.291   0.220   10.985  
  u_bm/u_div1/g4323__7482/Y    -      A1->Y                     R     OAI22XL         2  0.037   0.114   11.099  
  u_bm/u_div1/g4314__1617/Y    -      A2->Y                     F     AOI33XL         1  0.173   0.301   11.400  
  u_bm/u_div1/g4309__4319/Y    -      C0->Y                     R     OAI221X1       13  0.278   0.330   11.729  
  u_chien/g2058439/Y           -      B->Y                      F     NAND2XL         6  0.677   0.699   12.428  
  u_chien/g2058393/Y           -      A->Y                      R     NOR2XL         21  0.545   1.722   14.150  
  u_chien/g2058372/Y           -      A->Y                      F     INVX1          15  2.448   1.822   15.972  
  u_chien/g2058238/Y           -      B->Y                      R     NOR2XL         22  1.010   1.806   17.778  
  u_chien/g2057987/Y           -      B->Y                      F     NAND2XL         7  2.172   1.906   19.684  
  u_chien/g2057579/Y           -      B1->Y                     R     OAI22XL         1  1.193   0.744   20.429  
  u_chien/g2057459/Y           -      D->Y                      F     NOR4BX1         1  0.315   0.213   20.642  
  u_chien/g2057415/Y           -      D->Y                      R     NAND4XL         1  0.089   0.113   20.755  
  u_chien/g2057404/Y           -      B->Y                      F     NOR2XL          1  0.164   0.149   20.904  
  u_chien/g2057361/Y           -      D->Y                      R     NAND4BXL        1  0.101   0.106   21.010  
  u_chien/g2057328__1705/Y     -      D->Y                      F     NOR4BX1         1  0.148   0.128   21.137  
  u_chien/g2057291__6260/Y     -      D->Y                      R     NAND4XL         1  0.124   0.106   21.244  
  u_chien/g2057254__5477/Y     -      D->Y                      R     OR4X1           1  0.113   0.143   21.387  
  u_chien/g2057228__6260/Y     -      D->Y                      F     NOR4X1          1  0.064   0.067   21.454  
  u_chien/g2057198__8428/Y     -      D->Y                      R     NAND4XL         1  0.120   0.139   21.593  
  u_chien/g2057176__1705/Y     -      B->Y                      F     NOR2BX1         1  0.191   0.132   21.725  
  u_chien/g2057150__7098/Y     -      D->Y                      R     NAND4XL         1  0.056   0.064   21.789  
  g158/Y                       -      B->Y                      F     CLKXOR2X2       1  0.111   0.524   22.313  
  corrected_codeword_o[26]     -      corrected_codeword_o[26]  F     -               1  0.603   0.000   22.313  
#--------------------------------------------------------------------------------------------------------------

