###############################################################
#  Generated by:      Cadence Innovus 21.15-s110_1
#  OS:                Linux x86_64(Host ID eltonsilva)
#  Generated on:      Thu Oct  9 10:50:47 2025
#  Design:            bch_31_top
#  Command:           report_timing -unconstrained > $lyt/${design}/reports/${design}_hold_f_timing.rpt
###############################################################
Path 1:
               View: analysis_normal_fast_min
         Startpoint: (R) codeword[30]
              Clock:
           Endpoint: (R) corrected_codeword_o[30]
              Clock:

                       Capture       Launch
        Src Latency:+    0.000        0.000
        Net Latency:+    0.000 (I)    0.000 (I)
            Arrival:=    0.000        0.000

       Launch Clock:=    0.000
          Data Path:+    0.123

#-----------------------------------------------------------------------------------------------------------
# Timing Point              Flags  Arc                       Edge  Cell       Fanout  Trans   Delay  Arrival  
#                                                                                      (ns)    (ns)     (ns)  
#-----------------------------------------------------------------------------------------------------------
  codeword[30]              -      codeword[30]              R     (arrival)       3  0.004   0.000    0.000  
  g162/Y                    -      A->Y                      R     CLKXOR2X2       1  0.004   0.123    0.123  
  corrected_codeword_o[30]  -      corrected_codeword_o[30]  R     -               1  0.161   0.000    0.123  
#-----------------------------------------------------------------------------------------------------------

