###############################################################
#  Generated by:      Cadence Innovus 21.15-s110_1
#  OS:                Linux x86_64(Host ID eltonsilva)
#  Generated on:      Thu Oct  9 10:50:47 2025
#  Design:            bch_31_top
#  Command:           report_timing -unconstrained > $lyt/${design}/reports/${design}_setup_f_timing.rpt
###############################################################
Path 1:
               View: analysis_normal_fast_min
         Startpoint: (R) codeword[26]
              Clock:
           Endpoint: (F) corrected_codeword_o[26]
              Clock:

                       Capture       Launch
        Src Latency:+    0.000        0.000
        Net Latency:+    0.000 (I)    0.000 (I)
            Arrival:=    0.000        0.000

       Launch Clock:=    0.000
          Data Path:+    4.413

#--------------------------------------------------------------------------------------------------------------
# Timing Point                 Flags  Arc                       Edge  Cell       Fanout  Trans   Delay  Arrival  
#                                                                                         (ns)    (ns)     (ns)  
#--------------------------------------------------------------------------------------------------------------
  codeword[26]                 -      codeword[26]              R     (arrival)       6  0.004   0.000    0.000  
  u_syndrome/g3657/Y           -      A->Y                      F     INVXL           2  0.004   0.010    0.010  
  u_syndrome/g3655/Y           -      A1->Y                     R     OAI22XL         4  0.009   0.068    0.078  
  u_syndrome/g3591/Y           -      A->Y                      F     XNOR2X1         4  0.115   0.070    0.148  
  u_syndrome/g3560/Y           -      B->Y                      R     XNOR2X1         1  0.029   0.039    0.187  
  u_syndrome/g3538/Y           -      B->Y                      F     XNOR2X1         1  0.011   0.032    0.219  
  u_syndrome/g3519/Y           -      B->Y                      R     XNOR2X1         1  0.009   0.036    0.255  
  u_syndrome/g3508/Y           -      B->Y                      F     XNOR2X1         1  0.009   0.033    0.287  
  u_syndrome/g3506/Y           -      B->Y                      R     XNOR2X1        37  0.011   0.145    0.433  
  u_bm/u_mult2/g4345__4733/Y   -      B->Y                      F     NOR2XL          4  0.208   0.087    0.520  
  u_bm/u_mult2/g4309/Y         -      A->Y                      R     INVX1           3  0.058   0.030    0.551  
  u_bm/u_mult2/g4330__2802/Y   -      B0->Y                     F     OAI2BB1X1       2  0.029   0.024    0.575  
  u_bm/u_mult2/g4308/Y         -      A->Y                      R     INVXL           2  0.021   0.020    0.595  
  u_bm/u_mult2/g4303__4733/Y   -      B->Y                      F     NOR2XL          1  0.022   0.014    0.609  
  u_bm/u_mult2/g4290__5526/Y   -      C0->Y                     R     AOI211XL        1  0.047   0.050    0.659  
  u_bm/u_mult2/g4276__6161/Y   -      A1->Y                     F     OAI221X1        1  0.058   0.060    0.719  
  u_bm/u_mult2/g4267__1705/CO  -      B->CO                     F     ADDHX1          1  0.070   0.029    0.748  
  u_bm/u_mult2/g4266__2802/CO  -      CI->CO                    F     ADDFX1          1  0.009   0.044    0.792  
  u_bm/u_mult2/g4265__1617/CO  -      CI->CO                    F     ADDFX1          1  0.015   0.046    0.839  
  u_bm/u_mult2/g4263__6783/CO  -      CI->CO                    F     ADDFX1          2  0.017   0.047    0.886  
  u_bm/u_mult2/g4262__5526/Y   -      B->Y                      R     XNOR2X1         2  0.017   0.039    0.924  
  u_bm/u_mult2/g4261__8428/Y   -      AN->Y                     R     NOR2BX1         1  0.013   0.026    0.950  
  u_bm/u_mult2/g4260__4319/Y   -      A1->Y                     F     AOI221X1        3  0.022   0.038    0.989  
  u_bm/u_mult2/g4258__5107/Y   -      AN->Y                     F     NAND2BXL        2  0.047   0.034    1.023  
  u_bm/u_mult2/g4254__5477/Y   -      AN->Y                     F     NAND2BXL        1  0.030   0.027    1.050  
  u_bm/u_mult2/g4241__4733/Y   -      B->Y                      R     XNOR2X1         7  0.021   0.053    1.102  
  u_bm/u_mult2/g4240/Y         -      A->Y                      F     INVX1           5  0.037   0.025    1.127  
  u_bm/u_mult2/g4238__5115/Y   -      B->Y                      R     NOR2XL          3  0.026   0.042    1.169  
  u_bm/u_mult2/g4231__2802/Y   -      B->Y                      F     NAND2XL         2  0.056   0.037    1.206  
  u_bm/u_mult2/g4219__7410/Y   -      A1->Y                     F     OA22X1          2  0.032   0.049    1.255  
  u_bm/u_mult2/g4213__6161/Y   -      AN->Y                     F     NAND2BXL        1  0.015   0.025    1.280  
  u_bm/u_mult2/g4209__1881/Y   -      A1->Y                     R     OAI211X1        1  0.036   0.032    1.312  
  u_bm/u_xor3/g48__8246/Y      -      B->Y                      F     CLKXOR2X1      12  0.031   0.062    1.375  
  u_bm/g259__5526/Y            -      B->Y                      F     OR2X1           1  0.051   0.035    1.409  
  u_bm/g258__8428/Y            -      D->Y                      R     NOR4X1          9  0.008   0.088    1.498  
  u_bm/g256__4319/Y            -      B->Y                      F     NAND2XL         2  0.152   0.083    1.581  
  u_bm/g241__5115/Y            -      B->Y                      R     NAND2BXL        7  0.067   0.066    1.647  
  u_bm/u_div1/g4464/Y          -      A->Y                      F     INVX1           3  0.085   0.035    1.682  
  u_bm/u_div1/g4430__7410/Y    -      A1->Y                     R     OAI21XL         3  0.026   0.046    1.727  
  u_bm/u_div1/g4399__7410/Y    -      A2->Y                     F     AOI33XL         2  0.061   0.079    1.806  
  u_bm/u_div1/g4377__6783/Y    -      C0->Y                     R     OAI221X1        2  0.099   0.042    1.848  
  u_bm/u_div1/g4374__4319/Y    -      B->Y                      F     NAND2BXL        2  0.055   0.035    1.883  
  u_bm/u_div1/g4365__2883/Y    -      A1N->Y                    F     OAI2BB1X1       1  0.029   0.030    1.913  
  u_bm/u_div1/g4364__9945/CO   -      CI->CO                    F     ADDFX1          1  0.021   0.047    1.960  
  u_bm/u_div1/g4363__9315/CO   -      CI->CO                    F     ADDFX1          3  0.015   0.047    2.007  
  u_bm/u_div1/g4361__4733/Y    -      A1->Y                     R     AOI21XL         2  0.018   0.034    2.041  
  u_bm/u_div1/g4360__7482/Y    -      B->Y                      F     NAND2XL         3  0.045   0.034    2.074  
  u_bm/u_div1/g4356__6131/Y    -      B->Y                      F     OR2X1           3  0.032   0.034    2.108  
  u_bm/u_div1/g4351__5122/Y    -      B->Y                      F     OR2X1           3  0.013   0.030    2.139  
  u_bm/u_div1/g4348__2802/Y    -      B->Y                      F     OR2X1           2  0.012   0.030    2.169  
  u_bm/u_div1/g4344__6783/Y    -      C0->Y                     R     OAI211X1        8  0.012   0.022    2.190  
  u_bm/u_div1/g4339__4319/Y    -      B->Y                      F     NAND2XL         4  0.061   0.055    2.246  
  u_bm/u_div1/g4331__7410/Y    -      B->Y                      F     OR2X1           2  0.062   0.037    2.283  
  u_bm/u_div1/g4323__7482/Y    -      A1->Y                     R     OAI22XL         2  0.010   0.030    2.313  
  u_bm/u_div1/g4314__1617/Y    -      A2->Y                     F     AOI33XL         1  0.052   0.056    2.370  
  u_bm/u_div1/g4309__4319/Y    -      C0->Y                     R     OAI221X1       13  0.065   0.073    2.443  
  u_chien/g2058439/Y           -      B->Y                      F     NAND2XL         6  0.193   0.125    2.567  
  u_chien/g2058393/Y           -      A->Y                      R     NOR2XL         21  0.119   0.382    2.949  
  u_chien/g2058372/Y           -      A->Y                      F     INVX1          15  0.616   0.280    3.229  
  u_chien/g2058238/Y           -      B->Y                      R     NOR2XL         22  0.250   0.390    3.619  
  u_chien/g2057987/Y           -      B->Y                      F     NAND2XL         7  0.556   0.301    3.920  
  u_chien/g2057579/Y           -      B1->Y                     R     OAI22XL         1  0.246   0.103    4.023  
  u_chien/g2057459/Y           -      D->Y                      F     NOR4BX1         1  0.091   0.036    4.059  
  u_chien/g2057415/Y           -      D->Y                      R     NAND4XL         1  0.024   0.024    4.083  
  u_chien/g2057404/Y           -      B->Y                      F     NOR2XL          1  0.040   0.023    4.107  
  u_chien/g2057361/Y           -      D->Y                      R     NAND4BXL        1  0.026   0.022    4.129  
  u_chien/g2057328__1705/Y     -      D->Y                      F     NOR4BX1         1  0.036   0.022    4.151  
  u_chien/g2057291__6260/Y     -      D->Y                      R     NAND4XL         1  0.031   0.020    4.171  
  u_chien/g2057254__5477/Y     -      D->Y                      R     OR4X1           1  0.030   0.028    4.199  
  u_chien/g2057228__6260/Y     -      D->Y                      F     NOR4X1          1  0.017   0.014    4.213  
  u_chien/g2057198__8428/Y     -      D->Y                      R     NAND4XL         1  0.031   0.029    4.242  
  u_chien/g2057176__1705/Y     -      B->Y                      F     NOR2BX1         1  0.050   0.021    4.263  
  u_chien/g2057150__7098/Y     -      D->Y                      R     NAND4XL         1  0.014   0.015    4.278  
  g158/Y                       -      B->Y                      F     CLKXOR2X2       1  0.034   0.134    4.413  
  corrected_codeword_o[26]     -      corrected_codeword_o[26]  F     -               1  0.167   0.000    4.413  
#--------------------------------------------------------------------------------------------------------------

