###############################################################
#  Generated by:      Cadence Innovus 21.15-s110_1
#  OS:                Linux x86_64(Host ID eltonsilva)
#  Generated on:      Mon Oct  6 17:07:56 2025
#  Design:            h_decoder_11_7
#  Command:           report_timing -unconstrained > $lyt/${design}/reports/${design}_setup_f_timing.rpt
###############################################################
Path 1:
               View: analysis_normal_fast_min
         Startpoint: (R) i_CodeWord[3]
              Clock:
           Endpoint: (R) o_DecodWord[0]
              Clock:

                       Capture       Launch
        Src Latency:+    0.000        0.000
        Net Latency:+    0.000 (I)    0.000 (I)
            Arrival:=    0.000        0.000

       Launch Clock:=    0.000
          Data Path:+    0.923

#---------------------------------------------------------------------------------------
# Timing Point    Flags  Arc             Edge  Cell       Fanout  Trans   Delay  Arrival  
#                                                                  (ns)    (ns)     (ns)  
#---------------------------------------------------------------------------------------
  i_CodeWord[3]   -      i_CodeWord[3]   R     (arrival)       2  0.004   0.000    0.000  
  g1285__1705/Y   -      A->Y            F     XNOR2X1         1  0.004   0.044    0.044  
  g1279__4319/Y   -      B->Y            R     XNOR2X1         2  0.008   0.037    0.080  
  g1271__6417/Y   -      B->Y            F     XNOR2X1         1  0.011   0.032    0.112  
  g1268__1666/Y   -      B->Y            R     XNOR2X1         1  0.009   0.035    0.148  
  g1267__2346/Y   -      B->Y            F     CLKXOR2X2       4  0.008   0.135    0.283  
  g1265__2883/Y   -      A->Y            F     XNOR2X1         1  0.174   0.070    0.353  
  g1263__9315/Y   -      B->Y            R     XNOR2X2         2  0.009   0.128    0.481  
  g1262__6161/Y   -      B0->Y           R     OA21X2          3  0.164   0.159    0.640  
  g1261/Y         -      A->Y            F     INVXL           2  0.166   0.063    0.703  
  g1260__4733/Y   -      B->Y            R     NOR2XL          2  0.035   0.030    0.733  
  g1258__7098/Y   -      A->Y            R     AND2X1          3  0.031   0.033    0.766  
  g1249__3680/Y   -      C->Y            F     NAND3BXL        1  0.015   0.021    0.787  
  g1242__2398/Y   -      A->Y            R     XNOR2X2         1  0.026   0.136    0.923  
  o_DecodWord[0]  -      o_DecodWord[0]  R     -               1  0.163   0.000    0.923  
#---------------------------------------------------------------------------------------

