###############################################################
#  Generated by:      Cadence Innovus 21.15-s110_1
#  OS:                Linux x86_64(Host ID eltonsilva)
#  Generated on:      Mon Oct  6 17:07:57 2025
#  Design:            h_decoder_11_7
#  Command:           report_timing -unconstrained > $lyt/${design}/reports/${design}_setup_s_timing.rpt
###############################################################
Path 1:
               View: analysis_normal_slow_max
         Startpoint: (R) i_CodeWord[3]
              Clock:
           Endpoint: (R) o_DecodWord[0]
              Clock:

                       Capture       Launch
        Src Latency:+    0.000        0.000
        Net Latency:+    0.000 (I)    0.000 (I)
            Arrival:=    0.000        0.000

       Launch Clock:=    0.000
          Data Path:+    4.013

#---------------------------------------------------------------------------------------
# Timing Point    Flags  Arc             Edge  Cell       Fanout  Trans   Delay  Arrival  
#                                                                  (ns)    (ns)     (ns)  
#---------------------------------------------------------------------------------------
  i_CodeWord[3]   -      i_CodeWord[3]   R     (arrival)       2  0.004   0.000    0.000  
  g1285__1705/Y   -      A->Y            F     XNOR2X1         1  0.004   0.167    0.167  
  g1279__4319/Y   -      B->Y            R     XNOR2X1         2  0.029   0.167    0.334  
  g1271__6417/Y   -      B->Y            F     XNOR2X1         1  0.035   0.132    0.466  
  g1268__1666/Y   -      B->Y            R     XNOR2X1         1  0.034   0.165    0.631  
  g1267__2346/Y   -      B->Y            F     CLKXOR2X2       4  0.028   0.500    1.131  
  g1265__2883/Y   -      A->Y            F     XNOR2X1         1  0.627   0.433    1.563  
  g1263__9315/Y   -      B->Y            R     XNOR2X2         2  0.030   0.463    2.026  
  g1262__6161/Y   -      B0->Y           R     OA21X2          3  0.507   0.688    2.714  
  g1261/Y         -      A->Y            F     INVXL           2  0.508   0.360    3.075  
  g1260__4733/Y   -      B->Y            R     NOR2XL          2  0.113   0.124    3.199  
  g1258__7098/Y   -      A->Y            R     AND2X1          3  0.103   0.168    3.366  
  g1249__3680/Y   -      C->Y            F     NAND3BXL        1  0.046   0.111    3.477  
  g1242__2398/Y   -      A->Y            R     XNOR2X2         1  0.128   0.536    4.013  
  o_DecodWord[0]  -      o_DecodWord[0]  R     -               1  0.503   0.000    4.013  
#---------------------------------------------------------------------------------------

