###############################################################
#  Generated by:      Cadence Innovus 21.15-s110_1
#  OS:                Linux x86_64(Host ID eltonsilva)
#  Generated on:      Thu Sep  4 16:34:44 2025
#  Design:            h_decoder_11_7
###############################################################
Path 1:
               View: analysis_normal_fast_min
         Startpoint: (R) i_CodeWord[11]
              Clock:
           Endpoint: (R) o_DecodWord[6]
              Clock:

                       Capture       Launch
        Src Latency:+    0.000        0.000
        Net Latency:+    0.000 (I)    0.000 (I)
            Arrival:=    0.000        0.000

       Launch Clock:=    0.000
          Data Path:+    0.116

#---------------------------------------------------------------------------------------
# Timing Point    Flags  Arc             Edge  Cell       Fanout  Trans   Delay  Arrival  
#                                                                  (ns)    (ns)     (ns)  
#---------------------------------------------------------------------------------------
  i_CodeWord[11]  -      i_CodeWord[11]  R     (arrival)       3  0.004   0.000    0.000  
  g1012__6260/Y   -      B->Y            R     XNOR2X2         1  0.004   0.116    0.116  
  o_DecodWord[6]  -      o_DecodWord[6]  R     -               1  0.161   0.000    0.116  
#---------------------------------------------------------------------------------------

