###############################################################
#  Generated by:      Cadence Innovus 21.15-s110_1
#  OS:                Linux x86_64(Host ID eltonsilva)
#  Generated on:      Thu Sep  4 16:34:44 2025
#  Design:            h_decoder_11_7
###############################################################
Path 1:
               View: analysis_normal_slow_max
         Startpoint: (F) i_CodeWord[7]
              Clock:
           Endpoint: (F) o_ErrorFlag
              Clock:

                       Capture       Launch
        Src Latency:+    0.000        0.000
        Net Latency:+    0.000 (I)    0.000 (I)
            Arrival:=    0.000        0.000

       Launch Clock:=    0.000
          Data Path:+    2.828

#-------------------------------------------------------------------------------------
# Timing Point   Flags  Arc            Edge  Cell       Fanout  Trans   Delay  Arrival  
#                                                                (ns)    (ns)     (ns)  
#-------------------------------------------------------------------------------------
  i_CodeWord[7]  -      i_CodeWord[7]  F     (arrival)       3  0.004   0.000    0.000  
  g1041__3680/Y  -      A->Y           R     XNOR2X1         1  0.004   0.186    0.187  
  g1036__5477/Y  -      B->Y           F     XNOR2X1         2  0.030   0.137    0.323  
  g1032__2346/Y  -      B->Y           R     XNOR2X1         1  0.046   0.170    0.493  
  g1027__9315/Y  -      B->Y           F     CLKXOR2X2       9  0.028   0.510    1.003  
  g1017__1881/Y  -      A->Y           R     XNOR2X1         1  0.644   0.465    1.468  
  g1009__5526/Y  -      B->Y           F     XNOR2X2         2  0.030   0.467    1.935  
  g1008__5107/Y  -      D->Y           F     OR4X1           1  0.607   0.445    2.380  
  g1007__2398/Y  -      B->Y           F     OR2X2           1  0.043   0.449    2.828  
  o_ErrorFlag    -      o_ErrorFlag    F     -               1  0.597   0.000    2.828  
#-------------------------------------------------------------------------------------

