###############################################################
#  Generated by:      Cadence Innovus 21.15-s110_1
#  OS:                Linux x86_64(Host ID eltonsilva)
#  Generated on:      Thu Oct  9 11:19:28 2025
#  Design:            bm_stage_3
#  Command:           report_timing -unconstrained > $lyt/${design}/reports/${design}_setup_f_timing.rpt
###############################################################
Path 1:
               View: analysis_normal_fast_min
         Startpoint: (R) S1[2]
              Clock:
           Endpoint: (R) l2_reg[2]/D
              Clock:

                       Capture       Launch
        Src Latency:+    0.000        0.000
        Net Latency:+    0.000 (I)    0.000 (I)
            Arrival:=    0.000        0.000

       Launch Clock:=    0.000
          Data Path:+    0.612

#--------------------------------------------------------------------------------------
# Timing Point           Flags  Arc     Edge  Cell       Fanout  Trans   Delay  Arrival  
#                                                                 (ns)    (ns)     (ns)  
#--------------------------------------------------------------------------------------
  S1[2]                  -      S1[2]   R     (arrival)       8  0.004   0.000    0.000  
  u_div1/g2111/Y         -      A->Y    F     INVXL           2  0.004   0.010    0.010  
  u_div1/g2104__8246/Y   -      B->Y    R     NOR2XL          3  0.010   0.030    0.040  
  u_div1/g2100/Y         -      A->Y    F     INVXL           1  0.044   0.020    0.060  
  u_div1/g2081__6161/Y   -      B1->Y   R     OAI222XL        2  0.012   0.033    0.093  
  u_div1/g2077__5115/Y   -      B->Y    F     NAND2XL         3  0.065   0.052    0.144  
  u_div1/g2066__5526/Y   -      B->Y    R     NAND2BXL        1  0.054   0.025    0.169  
  u_div1/g2065__8428/Y   -      A->Y    R     AND2X1          1  0.016   0.026    0.196  
  u_div1/g2064__4319/Y   -      A1->Y   R     OA21X1          2  0.007   0.029    0.225  
  u_div1/g2063__6260/Y   -      A1N->Y  R     OAI2BB1X1       1  0.009   0.026    0.251  
  u_div1/g2062__5107/Y   -      B0->Y   F     OAI21XL         7  0.023   0.069    0.320  
  u_div1/g2058__7410/Y   -      B->Y    F     XNOR2X1         1  0.105   0.049    0.368  
  u_div1/g2052__6161/CO  -      CI->CO  F     ADDFX1          1  0.010   0.045    0.413  
  u_div1/g2050__4733/CO  -      CI->CO  F     ADDFX1          1  0.015   0.044    0.457  
  u_div1/g2048__5115/Y   -      B->Y    R     XNOR2X1         5  0.011   0.044    0.501  
  u_div1/g2044__8246/Y   -      AN->Y   R     NOR3BXL         2  0.024   0.043    0.544  
  u_div1/g2037__5526/Y   -      A->Y    F     NOR2XL          1  0.042   0.022    0.566  
  u_div1/g2036__8428/Y   -      A1->Y   R     OAI22XL         1  0.015   0.025    0.591  
  u_div1/g2032__2398/Y   -      AN->Y   R     NAND3BXL        1  0.035   0.021    0.612  
  l2_reg[2]/D            -      D       R     DFFRX2          1  0.022   0.000    0.612  
#--------------------------------------------------------------------------------------

