###############################################################
#  Generated by:      Cadence Innovus 21.15-s110_1
#  OS:                Linux x86_64(Host ID eltonsilva)
#  Generated on:      Thu Oct  9 11:19:28 2025
#  Design:            bm_stage_3
#  Command:           report_timing -unconstrained > $lyt/${design}/reports/${design}_setup_s_timing.rpt
###############################################################
Path 1:
               View: analysis_normal_slow_max
         Startpoint: (R) l2_2[1]
              Clock:
           Endpoint: (R) l2_reg[2]/D
              Clock:

                       Capture       Launch
        Src Latency:+    0.000        0.000
        Net Latency:+    0.000 (I)    0.000 (I)
            Arrival:=    0.000        0.000

       Launch Clock:=    0.000
          Data Path:+    3.050

#---------------------------------------------------------------------------------------
# Timing Point           Flags  Arc      Edge  Cell       Fanout  Trans   Delay  Arrival  
#                                                                  (ns)    (ns)     (ns)  
#---------------------------------------------------------------------------------------
  l2_2[1]                -      l2_2[1]  R     (arrival)       6  0.004   0.000    0.000  
  u_div1/g2108/Y         -      A->Y     F     INVXL           2  0.004   0.029    0.029  
  u_div1/g2091__5107/Y   -      B0->Y    R     AOI21XL         1  0.037   0.066    0.095  
  u_div1/g2079__4733/Y   -      A1->Y    F     OAI222XL        3  0.065   0.356    0.451  
  u_div1/g2071__1705/Y   -      B->Y     R     NOR2BX1         2  0.418   0.260    0.711  
  u_div1/g2066__5526/Y   -      AN->Y    R     NAND2BXL        1  0.094   0.094    0.805  
  u_div1/g2065__8428/Y   -      A->Y     R     AND2X1          1  0.063   0.137    0.943  
  u_div1/g2064__4319/Y   -      A1->Y    R     OA21X1          2  0.024   0.136    1.079  
  u_div1/g2063__6260/Y   -      A1N->Y   R     OAI2BB1X1       1  0.032   0.125    1.204  
  u_div1/g2062__5107/Y   -      B0->Y    F     OAI21XL         7  0.101   0.337    1.541  
  u_div1/g2061__2398/Y   -      B->Y     R     NOR2BX1         1  0.458   0.293    1.834  
  u_div1/g2052__6161/CO  -      B->CO    R     ADDFX1          1  0.119   0.246    2.080  
  u_div1/g2050__4733/CO  -      CI->CO   R     ADDFX1          1  0.050   0.190    2.270  
  u_div1/g2048__5115/Y   -      B->Y     R     XNOR2X1         5  0.036   0.153    2.423  
  u_div1/g2046__6131/Y   -      D->Y     F     NAND4XL         3  0.075   0.323    2.746  
  u_div1/g2032__2398/Y   -      C->Y     R     NAND3BXL        1  0.461   0.304    3.050  
  l2_reg[2]/D            -      D        R     DFFRX2          1  0.102   0.000    3.050  
#---------------------------------------------------------------------------------------

