###############################################################
#  Generated by:      Cadence Innovus 21.15-s110_1
#  OS:                Linux x86_64(Host ID eltonsilva)
#  Generated on:      Thu Oct  9 11:19:28 2025
#  Design:            bm_stage_3
#  Command:           report_timing -unconstrained > $lyt/${design}/reports/${design}_hold_s_timing.rpt
###############################################################
Path 1:
               View: analysis_normal_slow_max
         Startpoint: (F) rst
              Clock:
           Endpoint: (F) l2_reg[0]/RN
              Clock:

                       Capture       Launch
        Src Latency:+    0.000        0.000
        Net Latency:+    0.000 (I)    0.000 (I)
            Arrival:=    0.000        0.000

       Launch Clock:=    0.000
          Data Path:+    0.000

#--------------------------------------------------------------------------
# Timing Point  Flags  Arc  Edge  Cell       Fanout  Trans   Delay  Arrival  
#                                                     (ns)    (ns)     (ns)  
#--------------------------------------------------------------------------
  rst           -      rst  F     (arrival)       8  0.004   0.000    0.000  
  l2_reg[0]/RN  -      RN   F     DFFRX2          8  0.004   0.000    0.000  
#--------------------------------------------------------------------------

